
+--------------------------------------------------------------------------------------------------------------------+
|                                             ABCD (X: dPhi, Y: dtSize)                                              |
+------+------++------------------+--------------------+------------------+----------------+------------------+------+
|      | dPhi ||        D         |         C          |        B         |       A        |      Pred A      |  CL  |
+------+------++------------------+--------------------+------------------+----------------+------------------+------+
| Bkg  |  0.0 || 128.00 +/- 11.31 | 4,942.00 +/- 70.30 | 879.00 +/- 29.65 | 16.00 +/- 4.00 |   22.77 +/- 2.18 | 1.49 |
| NoHO |      ||   42.00 +/- 6.48 | 2,833.00 +/- 53.23 | 655.00 +/- 25.59 | 13.00 +/- 3.61 |    9.71 +/- 1.56 | 0.84 |
+------+------++------------------+--------------------+------------------+----------------+------------------+------+
| Bkg  |  0.1 ||   27.00 +/- 5.20 | 1,885.00 +/- 43.42 | 879.00 +/- 29.65 | 16.00 +/- 4.00 |   12.59 +/- 2.48 | 0.72 |
| NoHO |      ||   14.00 +/- 3.74 | 1,297.00 +/- 36.01 | 655.00 +/- 25.59 | 13.00 +/- 3.61 |    7.07 +/- 1.92 | 1.45 |
+------+------++------------------+--------------------+------------------+----------------+------------------+------+
| Bkg  |  0.2 ||   20.00 +/- 4.47 | 1,080.00 +/- 32.86 | 879.00 +/- 29.65 | 16.00 +/- 4.00 |   16.28 +/- 3.71 | 0.05 |
| NoHO |      ||   13.00 +/- 3.61 |   793.00 +/- 28.16 | 655.00 +/- 25.59 | 13.00 +/- 3.61 |   10.74 +/- 3.03 | 0.48 |
+------+------++------------------+--------------------+------------------+----------------+------------------+------+
| Bkg  |  0.3 ||   17.00 +/- 4.12 |   824.00 +/- 28.71 | 879.00 +/- 29.65 | 16.00 +/- 4.00 |   18.13 +/- 4.49 | 0.36 |
| NoHO |      ||   11.00 +/- 3.32 |   608.00 +/- 24.66 | 655.00 +/- 25.59 | 13.00 +/- 3.61 |   11.85 +/- 3.63 | 0.22 |
+------+------++------------------+--------------------+------------------+----------------+------------------+------+
| Bkg  |  0.4 ||   15.00 +/- 3.87 |   700.00 +/- 26.46 | 879.00 +/- 29.65 | 16.00 +/- 4.00 |   18.84 +/- 4.96 | 0.45 |
| NoHO |      ||   10.00 +/- 3.16 |   525.00 +/- 22.91 | 655.00 +/- 25.59 | 13.00 +/- 3.61 |   12.48 +/- 4.01 | 0.10 |
+------+------++------------------+--------------------+------------------+----------------+------------------+------+
| Bkg  |  0.5 ||   13.00 +/- 3.61 |   615.00 +/- 24.80 | 879.00 +/- 29.65 | 16.00 +/- 4.00 |   18.58 +/- 5.25 | 0.39 |
| NoHO |      ||    8.00 +/- 2.83 |   468.00 +/- 21.63 | 655.00 +/- 25.59 | 13.00 +/- 3.61 |   11.20 +/- 4.02 | 0.33 |
+------+------++------------------+--------------------+------------------+----------------+------------------+------+
| Bkg  |  0.6 ||   10.00 +/- 3.16 |   541.00 +/- 23.26 | 879.00 +/- 29.65 | 16.00 +/- 4.00 |   16.25 +/- 5.21 | 0.04 |
| NoHO |      ||    7.00 +/- 2.65 |   423.00 +/- 20.57 | 655.00 +/- 25.59 | 13.00 +/- 3.61 |   10.84 +/- 4.15 | 0.39 |
+------+------++------------------+--------------------+------------------+----------------+------------------+------+
| Bkg  |  0.7 ||    9.00 +/- 3.00 |   473.00 +/- 21.75 | 879.00 +/- 29.65 | 16.00 +/- 4.00 |   16.73 +/- 5.66 | 0.10 |
| NoHO |      ||    7.00 +/- 2.65 |   367.00 +/- 19.16 | 655.00 +/- 25.59 | 13.00 +/- 3.61 |   12.49 +/- 4.79 | 0.08 |
+------+------++------------------+--------------------+------------------+----------------+------------------+------+
| Bkg  |  0.8 ||    9.00 +/- 3.00 |   413.00 +/- 20.32 | 879.00 +/- 29.65 | 16.00 +/- 4.00 |   19.15 +/- 6.49 | 0.41 |
| NoHO |      ||    7.00 +/- 2.65 |   321.00 +/- 17.92 | 655.00 +/- 25.59 | 13.00 +/- 3.61 |   14.28 +/- 5.49 | 0.20 |
+------+------++------------------+--------------------+------------------+----------------+------------------+------+
| Bkg  |  0.9 ||    7.00 +/- 2.65 |   351.00 +/- 18.73 | 879.00 +/- 29.65 | 16.00 +/- 4.00 |   17.53 +/- 6.72 | 0.20 |
| NoHO |      ||    6.00 +/- 2.45 |   267.00 +/- 16.34 | 655.00 +/- 25.59 | 13.00 +/- 3.61 |   14.72 +/- 6.10 | 0.24 |
+------+------++------------------+--------------------+------------------+----------------+------------------+------+
| Bkg  |  1.0 ||    6.00 +/- 2.45 |   290.00 +/- 17.03 | 879.00 +/- 29.65 | 16.00 +/- 4.00 |   18.19 +/- 7.53 | 0.26 |
| NoHO |      ||    5.00 +/- 2.24 |   220.00 +/- 14.83 | 655.00 +/- 25.59 | 13.00 +/- 3.61 |   14.89 +/- 6.76 | 0.25 |
+------+------++------------------+--------------------+------------------+----------------+------------------+------+
