[96m#=======================#
# Starting train_bdt.py #
#=======================#[0m
[96m  VERBOSE      = True[0m
[96m  SAVE_STAT    = 'DTOOT'[0m
[96m  OUT_DIR      = 'reports/weekly/2023-09-14/neither_DTOOT'[0m
[96m  BLIND_TYPE   = 'DTOOT'[0m
[96m  TRAIN_BDT    = False[0m
[96m  TEST_SIZE    = 0.8[0m
[96m  N_EVENTS     = 2,000,000[0m
[96m  DATA_VERSION = 6[0m
[96m  LUMI         = 23,020.0[0m
[96m  DATA_DIR     = 'LOCAL'[0m

[92m+------------------------+
| Building MuonSystem(s) |
+------------------------+[0m
Building MuonSystemAwkward 'Signal' -
  is_mc  = True
  events = 2000000
  tree   = 'MuonSystem'
  file   = '/home/psimmerl/LLP/mdc_analysis/data/raw/ggH_HToSSTobbbb_MH-125_MS-15_CTau1000_13p6TeV_1pb_weighted_v6.root'
  Extracted 1,851,400 events
Building MuonSystemAwkward 'Data' -
  is_mc  = False
  events = 2000000
  tree   = 'MuonSystem'
  file   = '/home/psimmerl/LLP/mdc_analysis/data/raw/DisplacedJet-EXOCSCCluster_Run2022EFG-PromptReco-v1_goodLumi_v6.root'
  Extracted 2,000,000 events

[92m+-----------------------+
| Cutting MuonSystem(s) |
+-----------------------+[0m
Finished cut 'match'
Finished cut 'CSC&DT>0'
Finished cut 'L1'
Finished cut 'CSCIT'
Finished cut 'DTIT'
Finished cut 'ME1'
Finished cut 'MB1'
Finished cut '1CSC1DT'
+----------------------------------------------------+
| MuonSystem Cuts (req. CSC>0 & DT>0 after each cut) |
+----------++-------------------+--------------------+
|          ||   Signal (eff.)   |    Data (eff.)     |
+----------++-------------------+--------------------+
| read     ||       1,135,129.9 |        2,000,000.0 |
| match    ||          21,268.8 |                    |
+----------++-------------------+--------------------+
| CSC&DT>0 || 21,268.8 (1.0000) | 122,577.0 (1.0000) |
| L1       ||  7,637.4 (0.3658) |  33,512.0 (0.5515) |
| CSCIT    ||  7,577.6 (0.9713) |  24,285.0 (0.6314) |
| DTIT/OOT ||  7,453.7 (0.9835) |  19,978.0 (0.7701) |
| ME1      ||  3,841.2 (0.5075) |  18,077.0 (0.7789) |
| MB1      ||    985.3 (0.2720) |     998.0 (0.2764) |
| 1CSC1DT  ||    985.3 (0.0463) |     978.0 (0.0080) |
+----------++-------------------+--------------------+

[92m+------------------+
| Making CSC Plots |
+------------------+[0m
Saved 'cscMuonVetoPt_DTOOT.png'
Saved 'cscJetVetoPt_DTOOT.png'
Saved 'cscR_DTOOT.png'
Saved 'cscZ_DTOOT.png'
Saved 'cscPhi_DTOOT.png'
Saved 'cscEta_DTOOT.png'
Saved 'cscSize_DTOOT.png'
Saved 'cscNStation10_DTOOT.png'
Saved 'cscMaxChamber_DTOOT.png'
Saved 'cscAvgStation10_DTOOT.png'
Saved 'cscMaxStation_DTOOT.png'
Saved 'cscMe11Ratio_DTOOT.png'
Saved 'cscMe12Ratio_DTOOT.png'

[92m+-----------------+
| Making DT Plots |
+-----------------+[0m
Saved 'dtJetVetoPt_DTOOT.png'
Saved 'dtMuonVetoPt_DTOOT.png'
Saved 'dtR_DTOOT.png'
Saved 'dtZ_DTOOT.png'
Saved 'dtPhi_DTOOT.png'
Saved 'dtEta_DTOOT.png'
Saved 'dtSize_DTOOT.png'
Saved 'dt_match_RPCBx_dPhi0p5_DTOOT.png'
Saved 'dtNStation10_DTOOT.png'
Saved 'dtAvgStation10_DTOOT.png'
Saved 'dtMaxStation_DTOOT.png'
Saved 'dtNHitStation1_DTOOT.png'
Saved 'dtMb1Ratio_DTOOT.png'

[92m+-------------------------+
| Making Event/2tag Plots |
+-------------------------+[0m
Saved 'tag_dEta_DTOOT.png'
Saved 'tag_dPhi_DTOOT.png'
Saved 'tag_dR_DTOOT.png'
Saved 'nCsc_DTOOT.png'
Saved 'nDt_DTOOT.png'
Saved 'met_DTOOT.png'
Saved 'runNum_DTOOT.png'
Saved 'cscR-dtR_DTOOT.png'

[92m+-----------------+
| Making 2D Plots |
+-----------------+[0m
Saved 'cscPhi_cscR_DTOOT.png'
Saved 'cscPhi_cscEta_DTOOT.png'
Saved 'cscEta_cscR_DTOOT.png'
Saved 'dtPhi_dtR_DTOOT.png'
Saved 'dtPhi_dtEta_DTOOT.png'
Saved 'dtEta_dtR_DTOOT.png'
Saved 'cscR_dtR_DTOOT.png'
Saved 'cscPhi_dtPhi_DTOOT.png'
Saved 'cscEta_dtEta_DTOOT.png'
Saved 'tag_dPhi_met_DTOOT.png'
Saved 'tag_dPhi_tag_dEta_DTOOT.png'
Saved 'tag_dPhi_tag_dR_DTOOT.png'
Saved 'tag_dEta_tag_dR_DTOOT.png'
Saved 'tag_dPhi_cscSize_DTOOT.png'
Saved 'tag_dPhi_cscPhi_DTOOT.png'
Saved 'tag_dPhi_cscEta_DTOOT.png'
Saved 'tag_dPhi_dtSize_DTOOT.png'
Saved 'tag_dPhi_dtPhi_DTOOT.png'
Saved 'tag_dPhi_dtEta_DTOOT.png'

[92m+-------------------+
| Making ABCD Plots |
+-------------------+[0m
Saved 'ABCD_000_DTOOT.png'
Saved 'ABCD_010_DTOOT.png'
Saved 'ABCD_020_DTOOT.png'
Saved 'ABCD_030_DTOOT.png'
Saved 'ABCD_040_DTOOT.png'
Saved 'ABCD_050_DTOOT.png'
Saved 'ABCD_060_DTOOT.png'
Saved 'ABCD_070_DTOOT.png'
Saved 'ABCD_080_DTOOT.png'
Saved 'ABCD_090_DTOOT.png'
Saved 'ABCD_100_DTOOT.png'

[92m+------------------------------+
| Performing ABCD Calculations |
+------------------------------+[0m
Saved 'closure_sig_DTOOT.png'
Saved 'closure_bkg_DTOOT.png'
+---------------------------------------------------------------------------------------------------------+
|                                        ABCD (X: dPhi, Y: dtSize)                                        |
+--------+------++----------------+---------------+----------------+----------------+--------------+------+
|        | dPhi ||     Pred A     |       A       |       B        |       C        |      D       |  CL  |
+--------+------++----------------+---------------+----------------+----------------+--------------+------+
| Signal | 0.00 || 172.64 ± 34.68 | 120.21 ± 8.52 | 762.97 ± 21.47 |   82.76 ± 7.07 | 18.73 ± 3.36 | 1.47 |
| Data   |      ||    2.15 ± 0.63 |   4.00 ± 2.00 | 136.00 ± 11.66 | 823.00 ± 28.69 | 13.00 ± 3.61 | 0.88 |
+--------+------++----------------+---------------+----------------+----------------+--------------+------+
| Signal | 0.10 || 172.86 ± 35.88 | 120.21 ± 8.52 | 762.97 ± 21.47 |   77.32 ± 6.83 | 17.52 ± 3.25 | 1.43 |
| Data   |      ||    1.74 ± 0.89 |   4.00 ± 2.00 | 136.00 ± 11.66 | 313.00 ± 17.69 |  4.00 ± 2.00 | 1.03 |
+--------+------++----------------+---------------+----------------+----------------+--------------+------+
| Signal | 0.20 || 156.35 ± 34.60 | 120.21 ± 8.52 | 762.97 ± 21.47 |   73.70 ± 6.67 | 15.10 ± 3.02 | 1.01 |
| Data   |      ||    2.18 ± 1.28 |   4.00 ± 2.00 | 136.00 ± 11.66 | 187.00 ± 13.67 |  3.00 ± 1.73 | 0.77 |
+--------+------++----------------+---------------+----------------+----------------+--------------+------+
| Signal | 0.30 || 171.84 ± 38.35 | 120.21 ± 8.52 | 762.97 ± 21.47 |   67.05 ± 6.36 | 15.10 ± 3.02 | 1.31 |
| Data   |      ||    2.87 ± 1.69 |   4.00 ± 2.00 | 136.00 ± 11.66 | 142.00 ± 11.92 |  3.00 ± 1.73 | 0.43 |
+--------+------++----------------+---------------+----------------+----------------+--------------+------+
| Signal | 0.40 || 162.96 ± 38.55 | 120.21 ± 8.52 | 762.97 ± 21.47 |   62.22 ± 6.13 | 13.29 ± 2.83 | 1.08 |
| Data   |      ||    3.40 ± 2.01 |   4.00 ± 2.00 | 136.00 ± 11.66 | 120.00 ± 10.95 |  3.00 ± 1.73 | 0.21 |
+--------+------++----------------+---------------+----------------+----------------+--------------+------+
| Signal | 0.50 || 158.95 ± 39.33 | 120.21 ± 8.52 | 762.97 ± 21.47 |   57.99 ± 5.92 | 12.08 ± 2.70 | 0.96 |
| Data   |      ||    4.00 ± 2.37 |   4.00 ± 2.00 | 136.00 ± 11.66 | 102.00 ± 10.10 |  3.00 ± 1.73 | 0.00 |
+--------+------++----------------+---------------+----------------+----------------+--------------+------+
| Signal | 0.60 || 162.88 ± 41.42 | 120.21 ± 8.52 | 762.97 ± 21.47 |   53.76 ± 5.70 | 11.48 ± 2.63 | 1.01 |
| Data   |      ||    3.06 ± 2.20 |   4.00 ± 2.00 | 136.00 ± 11.66 |   89.00 ± 9.43 |  2.00 ± 1.41 | 0.32 |
+--------+------++----------------+---------------+----------------+----------------+--------------+------+
| Signal | 0.70 || 178.97 ± 45.90 | 120.21 ± 8.52 | 762.97 ± 21.47 |   48.93 ± 5.44 | 11.48 ± 2.63 | 1.26 |
| Data   |      ||    3.49 ± 2.52 |   4.00 ± 2.00 | 136.00 ± 11.66 |   78.00 ± 8.83 |  2.00 ± 1.41 | 0.16 |
+--------+------++----------------+---------------+----------------+----------------+--------------+------+
| Signal | 0.80 || 158.95 ± 45.34 | 120.21 ± 8.52 | 762.97 ± 21.47 |   43.49 ± 5.13 |  9.06 ± 2.34 | 0.84 |
| Data   |      ||    4.39 ± 3.17 |   4.00 ± 2.00 | 136.00 ± 11.66 |   62.00 ± 7.87 |  2.00 ± 1.41 | 0.10 |
+--------+------++----------------+---------------+----------------+----------------+--------------+------+
| Signal | 0.90 || 193.97 ± 56.36 | 120.21 ± 8.52 | 762.97 ± 21.47 |   35.64 ± 4.64 |  9.06 ± 2.34 | 1.29 |
| Data   |      ||    2.39 ± 2.42 |   4.00 ± 2.00 | 136.00 ± 11.66 |   57.00 ± 7.55 |  1.00 ± 1.00 | 0.51 |
+--------+------++----------------+---------------+----------------+----------------+--------------+------+
| Signal | 1.00 || 197.81 ± 59.58 | 120.21 ± 8.52 | 762.97 ± 21.47 |   32.62 ± 4.44 |  8.46 ± 2.26 | 1.29 |
| Data   |      ||    2.78 ± 2.81 |   4.00 ± 2.00 | 136.00 ± 11.66 |   49.00 ± 7.00 |  1.00 ± 1.00 | 0.35 |
+--------+------++----------------+---------------+----------------+----------------+--------------+------+
+--------------------------------------------------------------------------------------------------+
|                                    ABCD (X: dPhi, Y: dtSize)                                     |
+------+------++-------------+-------------+----------------+----------------+--------------+------+
|      | dPhi ||   Pred A    |      A      |       B        |       C        |      D       |  CL  |
+------+------++-------------+-------------+----------------+----------------+--------------+------+
| Data | 0.00 || 2.15 ± 0.63 | 4.00 ± 2.00 | 136.00 ± 11.66 | 823.00 ± 28.69 | 13.00 ± 3.61 | 0.88 |
| Data | 0.10 || 1.74 ± 0.89 | 4.00 ± 2.00 | 136.00 ± 11.66 | 313.00 ± 17.69 |  4.00 ± 2.00 | 1.03 |
| Data | 0.20 || 2.18 ± 1.28 | 4.00 ± 2.00 | 136.00 ± 11.66 | 187.00 ± 13.67 |  3.00 ± 1.73 | 0.77 |
| Data | 0.30 || 2.87 ± 1.69 | 4.00 ± 2.00 | 136.00 ± 11.66 | 142.00 ± 11.92 |  3.00 ± 1.73 | 0.43 |
| Data | 0.40 || 3.40 ± 2.01 | 4.00 ± 2.00 | 136.00 ± 11.66 | 120.00 ± 10.95 |  3.00 ± 1.73 | 0.21 |
| Data | 0.50 || 4.00 ± 2.37 | 4.00 ± 2.00 | 136.00 ± 11.66 | 102.00 ± 10.10 |  3.00 ± 1.73 | 0.00 |
| Data | 0.60 || 3.06 ± 2.20 | 4.00 ± 2.00 | 136.00 ± 11.66 |   89.00 ± 9.43 |  2.00 ± 1.41 | 0.32 |
| Data | 0.70 || 3.49 ± 2.52 | 4.00 ± 2.00 | 136.00 ± 11.66 |   78.00 ± 8.83 |  2.00 ± 1.41 | 0.16 |
| Data | 0.80 || 4.39 ± 3.17 | 4.00 ± 2.00 | 136.00 ± 11.66 |   62.00 ± 7.87 |  2.00 ± 1.41 | 0.10 |
| Data | 0.90 || 2.39 ± 2.42 | 4.00 ± 2.00 | 136.00 ± 11.66 |   57.00 ± 7.55 |  1.00 ± 1.00 | 0.51 |
| Data | 1.00 || 2.78 ± 2.81 | 4.00 ± 2.00 | 136.00 ± 11.66 |   49.00 ± 7.00 |  1.00 ± 1.00 | 0.35 |
+------+------++-------------+-------------+----------------+----------------+--------------+------+
Saved 'closure_scan_min_dphi_DTOOT.png'
Saved 'closure_scan_dphi_DTOOT.png'
Saved 'closure_scan_dtsize_DTOOT.png'

[92m+------------------+
| Making ROC Plots |
+------------------+[0m
+------------------------------------------------------------------------------------+
|                             Evaluating Discriminators                              |
+---------------++-------+---------+---------+---------+---------+---------+---------+
|               ||  AUC  | S/√[B]  | Thresh  |   Sig   | Sig Eff |   Bkg   | Bkg Eff |
+---------------++-------+---------+---------+---------+---------+---------+---------+
| tag_dPhi      || 0.947 | 113.240 |   2.733 | 543.079 |   0.551 |  23.000 |   0.024 |
| tag_dR        || 0.922 |  94.942 |   2.915 | 600.465 |   0.609 |  40.000 |   0.041 |
| dtSize        || 0.723 |  38.786 | 154.220 | 274.258 |   0.278 |  50.000 |   0.051 |
| dtNStation10  || 0.615 |  32.229 |   1.000 | 450.050 |   0.457 | 195.000 |   0.199 |
| cscNStation10 || 0.541 |  25.298 |   1.000 | 512.876 |   0.521 | 411.000 |   0.420 |
| cscSize       || 0.686 |  34.564 | 264.420 | 791.954 |   0.804 | 525.000 |   0.537 |
| dtPhi.abs     || 0.513 |  32.522 |   0.158 | 945.386 |   0.960 | 845.000 |   0.864 |
| tag_dEta      || 0.440 |  31.486 |   0.003 | 984.650 |   0.999 | 978.000 |   1.000 |
+---------------++-------+---------+---------+---------+---------+---------+---------+
Saved 'rocs_DTOOT.png'

[96m#=======================#
# Finished train_bdt.py #
#=======================#[0m
