[96m#=======================#
# Starting train_bdt.py #
#=======================#[0m
[96m  VERBOSE      = True[0m
[96m  SAVE_STAT    = 'DTOOT'[0m
[96m  OUT_DIR      = 'reports/weekly/2023-09-14/standard_DTOOT'[0m
[96m  BLIND_TYPE   = 'DTOOT'[0m
[96m  TRAIN_BDT    = False[0m
[96m  TEST_SIZE    = 0.8[0m
[96m  N_EVENTS     = 2,000,000[0m
[96m  DATA_VERSION = 6[0m
[96m  LUMI         = 23,020.0[0m
[96m  DATA_DIR     = 'LOCAL'[0m

[92m+------------------------+
| Building MuonSystem(s) |
+------------------------+[0m
Building MuonSystemAwkward 'Signal' -
  is_mc  = True
  events = 2000000
  tree   = 'MuonSystem'
  file   = '/home/psimmerl/LLP/mdc_analysis/data/raw/ggH_HToSSTobbbb_MH-125_MS-15_CTau1000_13p6TeV_1pb_weighted_v6.root'
  Extracted 1,851,400 events
Building MuonSystemAwkward 'Data' -
  is_mc  = False
  events = 2000000
  tree   = 'MuonSystem'
  file   = '/home/psimmerl/LLP/mdc_analysis/data/raw/DisplacedJet-EXOCSCCluster_Run2022EFG-PromptReco-v1_goodLumi_v6.root'
  Extracted 2,000,000 events

[92m+-----------------------+
| Cutting MuonSystem(s) |
+-----------------------+[0m
Finished cut 'match'
Finished cut 'CSC&DT>0'
Finished cut 'L1'
Finished cut 'CSCIT'
Finished cut 'DTIT'
Finished cut 'ME1'
Finished cut 'MB1'
Finished cut 'HALO'
Finished cut '1CSC1DT'
Finished cut 'DPHI'
+----------------------------------------------------+
| MuonSystem Cuts (req. CSC>0 & DT>0 after each cut) |
+----------++-------------------+--------------------+
|          ||   Signal (eff.)   |    Data (eff.)     |
+----------++-------------------+--------------------+
| read     ||       1,135,129.9 |        2,000,000.0 |
| match    ||          21,268.8 |                    |
+----------++-------------------+--------------------+
| CSC&DT>0 || 21,268.8 (1.0000) | 122,577.0 (1.0000) |
| L1       ||  7,637.4 (0.3658) |  33,512.0 (0.5515) |
| CSCIT    ||  7,577.6 (0.9713) |  24,285.0 (0.6314) |
| DTIT/OOT ||  7,453.7 (0.9835) |  19,978.0 (0.7701) |
| ME1      ||  3,841.2 (0.5075) |  18,077.0 (0.7789) |
| MB1      ||    985.3 (0.2720) |     998.0 (0.2764) |
| HALO     ||    729.7 (0.7464) |     570.0 (0.6878) |
| 1CSC1DT  ||    729.7 (0.0343) |     562.0 (0.0046) |
| DPHI     ||    710.4 (0.0334) |     195.0 (0.0016) |
+----------++-------------------+--------------------+

[92m+------------------+
| Making CSC Plots |
+------------------+[0m
Saved 'cscMuonVetoPt_DTOOT.png'
Saved 'cscJetVetoPt_DTOOT.png'
Saved 'cscR_DTOOT.png'
Saved 'cscZ_DTOOT.png'
Saved 'cscPhi_DTOOT.png'
Saved 'cscEta_DTOOT.png'
Saved 'cscSize_DTOOT.png'
Saved 'cscNStation10_DTOOT.png'
Saved 'cscMaxChamber_DTOOT.png'
Saved 'cscAvgStation10_DTOOT.png'
Saved 'cscMaxStation_DTOOT.png'
Saved 'cscMe11Ratio_DTOOT.png'
Saved 'cscMe12Ratio_DTOOT.png'

[92m+-----------------+
| Making DT Plots |
+-----------------+[0m
Saved 'dtJetVetoPt_DTOOT.png'
Saved 'dtMuonVetoPt_DTOOT.png'
Saved 'dtR_DTOOT.png'
Saved 'dtZ_DTOOT.png'
Saved 'dtPhi_DTOOT.png'
Saved 'dtEta_DTOOT.png'
Saved 'dtSize_DTOOT.png'
Saved 'dt_match_RPCBx_dPhi0p5_DTOOT.png'
Saved 'dtNStation10_DTOOT.png'
Saved 'dtAvgStation10_DTOOT.png'
Saved 'dtMaxStation_DTOOT.png'
Saved 'dtNHitStation1_DTOOT.png'
Saved 'dtMb1Ratio_DTOOT.png'

[92m+-------------------------+
| Making Event/2tag Plots |
+-------------------------+[0m
Saved 'tag_dEta_DTOOT.png'
Saved 'tag_dPhi_DTOOT.png'
Saved 'tag_dR_DTOOT.png'
Saved 'nCsc_DTOOT.png'
Saved 'nDt_DTOOT.png'
Saved 'met_DTOOT.png'
Saved 'runNum_DTOOT.png'
Saved 'cscR-dtR_DTOOT.png'

[92m+-----------------+
| Making 2D Plots |
+-----------------+[0m
Saved 'cscPhi_cscR_DTOOT.png'
Saved 'cscPhi_cscEta_DTOOT.png'
Saved 'cscEta_cscR_DTOOT.png'
Saved 'dtPhi_dtR_DTOOT.png'
Saved 'dtPhi_dtEta_DTOOT.png'
Saved 'dtEta_dtR_DTOOT.png'
Saved 'cscR_dtR_DTOOT.png'
Saved 'cscPhi_dtPhi_DTOOT.png'
Saved 'cscEta_dtEta_DTOOT.png'
Saved 'tag_dPhi_met_DTOOT.png'
Saved 'tag_dPhi_tag_dEta_DTOOT.png'
Saved 'tag_dPhi_tag_dR_DTOOT.png'
Saved 'tag_dEta_tag_dR_DTOOT.png'
Saved 'tag_dPhi_cscSize_DTOOT.png'
Saved 'tag_dPhi_cscPhi_DTOOT.png'
Saved 'tag_dPhi_cscEta_DTOOT.png'
Saved 'tag_dPhi_dtSize_DTOOT.png'
Saved 'tag_dPhi_dtPhi_DTOOT.png'
Saved 'tag_dPhi_dtEta_DTOOT.png'

[92m+-------------------+
| Making ABCD Plots |
+-------------------+[0m
Saved 'ABCD_040_DTOOT.png'
Saved 'ABCD_050_DTOOT.png'
Saved 'ABCD_060_DTOOT.png'
Saved 'ABCD_070_DTOOT.png'
Saved 'ABCD_080_DTOOT.png'
Saved 'ABCD_090_DTOOT.png'
Saved 'ABCD_100_DTOOT.png'

[92m+------------------------------+
| Performing ABCD Calculations |
+------------------------------+[0m
Saved 'closure_sig_DTOOT.png'
Saved 'closure_bkg_DTOOT.png'
+-----------------------------------------------------------------------------------------------------+
|                                      ABCD (X: dPhi, Y: dtSize)                                      |
+--------+------++----------------+--------------+----------------+--------------+-------------+------+
|        | dPhi ||     Pred A     |      A       |       B        |      C       |      D      |  CL  |
+--------+------++----------------+--------------+----------------+--------------+-------------+------+
| Signal | 0.40 || 117.55 ± 33.58 | 93.03 ± 7.50 | 564.22 ± 18.46 | 43.49 ± 5.13 | 9.06 ± 2.34 | 0.71 |
| Data   |      ||    2.11 ± 1.52 |  3.00 ± 1.73 |   97.00 ± 9.85 | 92.00 ± 9.59 | 2.00 ± 1.41 | 0.39 |
+--------+------++----------------+--------------+----------------+--------------+-------------+------+
| Signal | 0.50 || 109.48 ± 33.37 | 93.03 ± 7.50 | 564.22 ± 18.46 | 40.47 ± 4.94 | 7.85 ± 2.18 | 0.48 |
| Data   |      ||    2.46 ± 1.78 |  3.00 ± 1.73 |   97.00 ± 9.85 | 79.00 ± 8.89 | 2.00 ± 1.41 | 0.22 |
+--------+------++----------------+--------------+----------------+--------------+-------------+------+
| Signal | 0.60 || 107.47 ± 34.03 | 93.03 ± 7.50 | 564.22 ± 18.46 | 38.06 ± 4.79 | 7.25 ± 2.09 | 0.41 |
| Data   |      ||    2.66 ± 1.92 |  3.00 ± 1.73 |   97.00 ± 9.85 | 73.00 ± 8.54 | 2.00 ± 1.41 | 0.13 |
+--------+------++----------------+--------------+----------------+--------------+-------------+------+
| Signal | 0.70 || 116.74 ± 37.22 | 93.03 ± 7.50 | 564.22 ± 18.46 | 35.04 ± 4.60 | 7.25 ± 2.09 | 0.62 |
| Data   |      ||    3.03 ± 2.20 |  3.00 ± 1.73 |   97.00 ± 9.85 | 64.00 ± 8.00 | 2.00 ± 1.41 | 0.01 |
+--------+------++----------------+--------------+----------------+--------------+-------------+------+
| Signal | 0.80 ||  95.81 ± 34.68 | 93.03 ± 7.50 | 564.22 ± 18.46 | 32.02 ± 4.40 | 5.44 ± 1.81 | 0.08 |
| Data   |      ||    3.80 ± 2.77 |  3.00 ± 1.73 |   97.00 ± 9.85 | 51.00 ± 7.14 | 2.00 ± 1.41 | 0.25 |
+--------+------++----------------+--------------+----------------+--------------+-------------+------+
| Signal | 0.90 || 123.85 ± 45.77 | 93.03 ± 7.50 | 564.22 ± 18.46 | 24.77 ± 3.87 | 5.44 ± 1.81 | 0.66 |
| Data   |      ||    2.11 ± 2.14 |  3.00 ± 1.73 |   97.00 ± 9.85 | 46.00 ± 6.78 | 1.00 ± 1.00 | 0.32 |
+--------+------++----------------+--------------+----------------+--------------+-------------+------+
| Signal | 1.00 || 118.78 ± 46.37 | 93.03 ± 7.50 | 564.22 ± 18.46 | 22.96 ± 3.72 | 4.83 ± 1.71 | 0.55 |
| Data   |      ||    2.49 ± 2.53 |  3.00 ± 1.73 |   97.00 ± 9.85 | 39.00 ± 6.24 | 1.00 ± 1.00 | 0.17 |
+--------+------++----------------+--------------+----------------+--------------+-------------+------+
+---------------------------------------------------------------------------------------------+
|                                  ABCD (X: dPhi, Y: dtSize)                                  |
+------+------++-------------+-------------+--------------+--------------+-------------+------+
|      | dPhi ||   Pred A    |      A      |      B       |      C       |      D      |  CL  |
+------+------++-------------+-------------+--------------+--------------+-------------+------+
| Data | 0.40 || 2.11 ± 1.52 | 3.00 ± 1.73 | 97.00 ± 9.85 | 92.00 ± 9.59 | 2.00 ± 1.41 | 0.39 |
| Data | 0.50 || 2.46 ± 1.78 | 3.00 ± 1.73 | 97.00 ± 9.85 | 79.00 ± 8.89 | 2.00 ± 1.41 | 0.22 |
| Data | 0.60 || 2.66 ± 1.92 | 3.00 ± 1.73 | 97.00 ± 9.85 | 73.00 ± 8.54 | 2.00 ± 1.41 | 0.13 |
| Data | 0.70 || 3.03 ± 2.20 | 3.00 ± 1.73 | 97.00 ± 9.85 | 64.00 ± 8.00 | 2.00 ± 1.41 | 0.01 |
| Data | 0.80 || 3.80 ± 2.77 | 3.00 ± 1.73 | 97.00 ± 9.85 | 51.00 ± 7.14 | 2.00 ± 1.41 | 0.25 |
| Data | 0.90 || 2.11 ± 2.14 | 3.00 ± 1.73 | 97.00 ± 9.85 | 46.00 ± 6.78 | 1.00 ± 1.00 | 0.32 |
| Data | 1.00 || 2.49 ± 2.53 | 3.00 ± 1.73 | 97.00 ± 9.85 | 39.00 ± 6.24 | 1.00 ± 1.00 | 0.17 |
+------+------++-------------+-------------+--------------+--------------+-------------+------+
Saved 'closure_scan_min_dphi_DTOOT.png'
Saved 'closure_scan_dphi_DTOOT.png'
Saved 'closure_scan_dtsize_DTOOT.png'

[92m+------------------+
| Making ROC Plots |
+------------------+[0m
+------------------------------------------------------------------------------------+
|                             Evaluating Discriminators                              |
+---------------++-------+---------+---------+---------+---------+---------+---------+
|               ||  AUC  | S/√[B]  | Thresh  |   Sig   | Sig Eff |   Bkg   | Bkg Eff |
+---------------++-------+---------+---------+---------+---------+---------+---------+
| tag_dPhi      || 0.844 | 101.852 |   2.731 | 394.473 |   0.555 |  15.000 |   0.077 |
| tag_dR        || 0.818 |  82.621 |   2.721 | 522.541 |   0.736 |  40.000 |   0.205 |
| cscNStation10 || 0.648 |  56.828 |   1.000 | 376.954 |   0.531 |  44.000 |   0.226 |
| dtSize        || 0.749 |  66.834 |  84.740 | 491.128 |   0.691 |  54.000 |   0.277 |
| dtNStation10  || 0.366 |  28.630 |   1.000 | 312.316 |   0.440 | 119.000 |   0.610 |
| cscSize       || 0.609 |  51.889 | 232.210 | 639.729 |   0.901 | 152.000 |   0.779 |
| dtPhi.abs     || 0.528 |  50.966 |   0.424 | 704.364 |   0.991 | 191.000 |   0.979 |
| tag_dEta      || 0.472 |  50.961 |   0.047 | 709.801 |   0.999 | 194.000 |   0.995 |
+---------------++-------+---------+---------+---------+---------+---------+---------+
Saved 'rocs_DTOOT.png'

[96m#=======================#
# Finished train_bdt.py #
#=======================#[0m
