[96m#=======================#
# Starting train_bdt.py #
#=======================#[0m
[96m  VERBOSE      = True[0m
[96m  SAVE_STAT    = 'DTOOT'[0m
[96m  OUT_DIR      = 'reports/weekly/2023-09-21b/neither_DTOOT'[0m
[96m  BLIND_TYPE   = 'DTOOT'[0m
[96m  TRAIN_BDT    = False[0m
[96m  TEST_SIZE    = 0.8[0m
[96m  N_EVENTS     = -1[0m
[96m  DATA_VERSION = 6[0m
[96m  LUMI         = 23,020.0[0m
[96m  DATA_DIR     = 'LOCAL'[0m

[92m+------------------------+
| Building MuonSystem(s) |
+------------------------+[0m
Building MuonSystemAwkward 'Signal' -
  is_mc  = True
  events = -1
  tree   = 'MuonSystem'
  file   = '/home/psimmerl/LLP/mdc_analysis/data/raw/ggH_HToSSTobbbb_MH-125_MS-15_CTau1000_13p6TeV_1pb_weighted_v6.root'
  Extracted 1,851,400 events
Building MuonSystemAwkward 'Data' -
  is_mc  = False
  events = -1
  tree   = 'MuonSystem'
  file   = '/home/psimmerl/LLP/mdc_analysis/data/raw/DisplacedJet-EXOCSCCluster_Run2022EFG-PromptReco-v1_goodLumi_v6.root'
  Extracted 14,597,375 events

[92m+-----------------------+
| Cutting MuonSystem(s) |
+-----------------------+[0m
Finished cut 'match'
Finished cut 'CSC&DT>0'
Finished cut 'L1'
Finished cut 'CSCIT'
Finished cut 'DTIT'
Finished cut 'ME1'
Finished cut 'MB1'
Finished cut 'JET'
Finished cut 'MUON'
Finished cut '1CSC1DT'
+----------------------------------------------------+
| MuonSystem Cuts (req. CSC>0 & DT>0 after each cut) |
+----------++-------------------+--------------------+
|          ||   Signal (eff.)   |    Data (eff.)     |
+----------++-------------------+--------------------+
| read     ||       1,135,129.9 |       14,597,375.0 |
| match    ||          21,268.8 |                    |
+----------++-------------------+--------------------+
| CSC&DT>0 || 21,268.8 (1.0000) | 929,292.0 (1.0000) |
| L1       ||  7,637.4 (0.3658) | 258,787.0 (0.5299) |
| CSCIT    ||  7,577.6 (0.9713) | 190,757.0 (0.6201) |
| DTIT/OOT ||  7,453.7 (0.9835) | 156,504.0 (0.7723) |
| ME1      ||  3,841.2 (0.5075) | 139,811.0 (0.7534) |
| MB1      ||    985.3 (0.2720) |   6,132.0 (0.2571) |
| JET      ||    969.5 (0.8783) |   5,995.0 (0.9842) |
| MUON     ||    636.1 (0.4510) |   5,364.0 (0.8146) |
| 1CSC1DT  ||    636.1 (0.0299) |   5,269.0 (0.0057) |
+----------++-------------------+--------------------+

[92m+------------------+
| Making CSC Plots |
+------------------+[0m
Saved 'cscMuonVetoPt_DTOOT.png'
Saved 'cscJetVetoPt_DTOOT.png'
Saved 'cscR_DTOOT.png'
Saved 'cscZ_DTOOT.png'
Saved 'cscPhi_DTOOT.png'
Saved 'cscEta_DTOOT.png'
Saved 'cscSize_DTOOT.png'
Saved 'cscNStation10_DTOOT.png'
Saved 'cscMaxChamber_DTOOT.png'
Saved 'cscAvgStation10_DTOOT.png'
Saved 'cscMaxStation_DTOOT.png'
Saved 'cscMe11Ratio_DTOOT.png'
Saved 'cscMe12Ratio_DTOOT.png'

[92m+-----------------+
| Making DT Plots |
+-----------------+[0m
Saved 'dtJetVetoPt_DTOOT.png'
Saved 'dtMuonVetoPt_DTOOT.png'
Saved 'dtR_DTOOT.png'
Saved 'dtZ_DTOOT.png'
Saved 'dtPhi_DTOOT.png'
Saved 'dtEta_DTOOT.png'
Saved 'dtSize_DTOOT.png'
Saved 'dt_match_RPCBx_dPhi0p5_DTOOT.png'
Saved 'dtNStation10_DTOOT.png'
Saved 'dtAvgStation10_DTOOT.png'
Saved 'dtMaxStation_DTOOT.png'
Saved 'dtNHitStation1_DTOOT.png'
Saved 'dtMb1Ratio_DTOOT.png'

[92m+-------------------------+
| Making Event/2tag Plots |
+-------------------------+[0m
Saved 'tag_dEta_DTOOT.png'
Saved 'tag_dPhi_DTOOT.png'
Saved 'tag_dR_DTOOT.png'
Saved 'nCsc_DTOOT.png'
Saved 'nDt_DTOOT.png'
Saved 'met_DTOOT.png'
Saved 'runNum_DTOOT.png'
Saved 'cscR-dtR_DTOOT.png'

[92m+-----------------+
| Making 2D Plots |
+-----------------+[0m
Saved 'cscPhi_cscR_DTOOT.png'
Saved 'cscPhi_cscEta_DTOOT.png'
Saved 'cscEta_cscR_DTOOT.png'
Saved 'dtPhi_dtR_DTOOT.png'
Saved 'dtPhi_dtEta_DTOOT.png'
Saved 'dtEta_dtR_DTOOT.png'
Saved 'cscR_dtR_DTOOT.png'
Saved 'cscPhi_dtPhi_DTOOT.png'
Saved 'cscEta_dtEta_DTOOT.png'
Saved 'tag_dPhi_met_DTOOT.png'
Saved 'tag_dPhi_tag_dEta_DTOOT.png'
Saved 'tag_dPhi_tag_dR_DTOOT.png'
Saved 'tag_dEta_tag_dR_DTOOT.png'
Saved 'tag_dPhi_cscSize_DTOOT.png'
Saved 'tag_dPhi_cscPhi_DTOOT.png'
Saved 'tag_dPhi_cscEta_DTOOT.png'
Saved 'tag_dPhi_dtSize_DTOOT.png'
Saved 'tag_dPhi_dtPhi_DTOOT.png'
Saved 'tag_dPhi_dtEta_DTOOT.png'

[92m+-------------------+
| Making ABCD Plots |
+-------------------+[0m
Saved 'ABCD_000_DTOOT.png'
Saved 'ABCD_010_DTOOT.png'
Saved 'ABCD_020_DTOOT.png'
Saved 'ABCD_030_DTOOT.png'
Saved 'ABCD_040_DTOOT.png'
Saved 'ABCD_050_DTOOT.png'
Saved 'ABCD_060_DTOOT.png'
Saved 'ABCD_070_DTOOT.png'
Saved 'ABCD_080_DTOOT.png'
Saved 'ABCD_090_DTOOT.png'
Saved 'ABCD_100_DTOOT.png'

[92m+------------------------------+
| Performing ABCD Calculations |
+------------------------------+[0m
Saved 'closure_sig_DTOOT.png'
Saved 'closure_bkg_DTOOT.png'
+------------------------------------------------------------------------------------------------------------+
|                                         ABCD (X: dPhi, Y: dtSize)                                          |
+--------+------++----------------+--------------+----------------+------------------+----------------+------+
|        | dPhi ||     Pred A     |      A       |       B        |        C         |       D        |  CL  |
+--------+------++----------------+--------------+----------------+------------------+----------------+------+
| Signal | 0.00 ||  98.82 ± 24.57 | 96.65 ± 7.64 | 469.38 ± 16.84 |     57.39 ± 5.89 |   12.08 ± 2.70 | 0.08 |
| Data   |      ||   16.93 ± 1.74 | 13.00 ± 3.61 | 668.00 ± 25.85 | 4,459.00 ± 66.78 | 113.00 ± 10.63 | 0.98 |
+--------+------++----------------+--------------+----------------+------------------+----------------+------+
| Signal | 0.10 ||  92.84 ± 24.18 | 96.65 ± 7.64 | 469.38 ± 16.84 |     54.97 ± 5.76 |   10.87 ± 2.56 | 0.15 |
| Data   |      ||    8.74 ± 1.91 | 13.00 ± 3.61 | 668.00 ± 25.85 | 1,681.00 ± 41.00 |   22.00 ± 4.69 | 1.04 |
+--------+------++----------------+--------------+----------------+------------------+----------------+------+
| Signal | 0.20 ||  96.01 ± 25.07 | 96.65 ± 7.64 | 469.38 ± 16.84 |     53.16 ± 5.67 |   10.87 ± 2.56 | 0.02 |
| Data   |      ||   11.46 ± 2.92 | 13.00 ± 3.61 | 668.00 ± 25.85 |   933.00 ± 30.55 |   16.00 ± 4.00 | 0.33 |
+--------+------++----------------+--------------+----------------+------------------+----------------+------+
| Signal | 0.30 || 105.61 ± 27.81 | 96.65 ± 7.64 | 469.38 ± 16.84 |     48.33 ± 5.40 |   10.87 ± 2.56 | 0.31 |
| Data   |      ||   12.49 ± 3.53 | 13.00 ± 3.61 | 668.00 ± 25.85 |   695.00 ± 26.36 |   13.00 ± 3.61 | 0.10 |
+--------+------++----------------+--------------+----------------+------------------+----------------+------+
| Signal | 0.40 || 112.65 ± 29.84 | 96.65 ± 7.64 | 469.38 ± 16.84 |     45.31 ± 5.23 |   10.87 ± 2.56 | 0.52 |
| Data   |      ||   13.66 ± 4.02 | 13.00 ± 3.61 | 668.00 ± 25.85 |   587.00 ± 24.23 |   12.00 ± 3.46 | 0.12 |
+--------+------++----------------+--------------+----------------+------------------+----------------+------+
| Signal | 0.50 || 113.99 ± 31.09 | 96.65 ± 7.64 | 469.38 ± 16.84 |     42.29 ± 5.05 |   10.27 ± 2.49 | 0.54 |
| Data   |      ||   14.13 ± 4.34 | 13.00 ± 3.61 | 668.00 ± 25.85 |   520.00 ± 22.80 |   11.00 ± 3.32 | 0.20 |
+--------+------++----------------+--------------+----------------+------------------+----------------+------+
| Signal | 0.60 || 115.54 ± 32.51 | 96.65 ± 7.64 | 469.38 ± 16.84 |     39.27 ± 4.87 |    9.67 ± 2.42 | 0.57 |
| Data   |      ||   11.82 ± 4.24 | 13.00 ± 3.61 | 668.00 ± 25.85 |   452.00 ± 21.26 |    8.00 ± 2.83 | 0.21 |
+--------+------++----------------+--------------+----------------+------------------+----------------+------+
| Signal | 0.70 || 127.29 ± 36.17 | 96.65 ± 7.64 | 469.38 ± 16.84 |     35.64 ± 4.64 |    9.67 ± 2.42 | 0.83 |
| Data   |      ||   11.72 ± 4.49 | 13.00 ± 3.61 | 668.00 ± 25.85 |   399.00 ± 19.97 |    7.00 ± 2.65 | 0.22 |
+--------+------++----------------+--------------+----------------+------------------+----------------+------+
| Signal | 0.80 || 108.32 ± 34.91 | 96.65 ± 7.64 | 469.38 ± 16.84 |     31.41 ± 4.36 |    7.25 ± 2.09 | 0.33 |
| Data   |      ||   13.40 ± 5.14 | 13.00 ± 3.61 | 668.00 ± 25.85 |   349.00 ± 18.68 |    7.00 ± 2.65 | 0.06 |
+--------+------++----------------+--------------+----------------+------------------+----------------+------+
| Signal | 0.90 || 130.99 ± 43.02 | 96.65 ± 7.64 | 469.38 ± 16.84 |     25.98 ± 3.96 |    7.25 ± 2.09 | 0.79 |
| Data   |      ||   13.27 ± 5.50 | 13.00 ± 3.61 | 668.00 ± 25.85 |   302.00 ± 17.38 |    6.00 ± 2.45 | 0.04 |
+--------+------++----------------+--------------+----------------+------------------+----------------+------+
| Signal | 1.00 || 125.93 ± 43.00 | 96.65 ± 7.64 | 469.38 ± 16.84 |     24.77 ± 3.87 |    6.64 ± 2.00 | 0.67 |
| Data   |      ||   13.58 ± 6.16 | 13.00 ± 3.61 | 668.00 ± 25.85 |   246.00 ± 15.68 |    5.00 ± 2.24 | 0.08 |
+--------+------++----------------+--------------+----------------+------------------+----------------+------+
+--------------------------------------------------------------------------------------------------------+
|                                       ABCD (X: dPhi, Y: dtSize)                                        |
+------+------++--------------+--------------+----------------+------------------+----------------+------+
|      | dPhi ||    Pred A    |      A       |       B        |        C         |       D        |  CL  |
+------+------++--------------+--------------+----------------+------------------+----------------+------+
| Data | 0.00 || 16.93 ± 1.74 | 13.00 ± 3.61 | 668.00 ± 25.85 | 4,459.00 ± 66.78 | 113.00 ± 10.63 | 0.98 |
| Data | 0.10 ||  8.74 ± 1.91 | 13.00 ± 3.61 | 668.00 ± 25.85 | 1,681.00 ± 41.00 |   22.00 ± 4.69 | 1.04 |
| Data | 0.20 || 11.46 ± 2.92 | 13.00 ± 3.61 | 668.00 ± 25.85 |   933.00 ± 30.55 |   16.00 ± 4.00 | 0.33 |
| Data | 0.30 || 12.49 ± 3.53 | 13.00 ± 3.61 | 668.00 ± 25.85 |   695.00 ± 26.36 |   13.00 ± 3.61 | 0.10 |
| Data | 0.40 || 13.66 ± 4.02 | 13.00 ± 3.61 | 668.00 ± 25.85 |   587.00 ± 24.23 |   12.00 ± 3.46 | 0.12 |
| Data | 0.50 || 14.13 ± 4.34 | 13.00 ± 3.61 | 668.00 ± 25.85 |   520.00 ± 22.80 |   11.00 ± 3.32 | 0.20 |
| Data | 0.60 || 11.82 ± 4.24 | 13.00 ± 3.61 | 668.00 ± 25.85 |   452.00 ± 21.26 |    8.00 ± 2.83 | 0.21 |
| Data | 0.70 || 11.72 ± 4.49 | 13.00 ± 3.61 | 668.00 ± 25.85 |   399.00 ± 19.97 |    7.00 ± 2.65 | 0.22 |
| Data | 0.80 || 13.40 ± 5.14 | 13.00 ± 3.61 | 668.00 ± 25.85 |   349.00 ± 18.68 |    7.00 ± 2.65 | 0.06 |
| Data | 0.90 || 13.27 ± 5.50 | 13.00 ± 3.61 | 668.00 ± 25.85 |   302.00 ± 17.38 |    6.00 ± 2.45 | 0.04 |
| Data | 1.00 || 13.58 ± 6.16 | 13.00 ± 3.61 | 668.00 ± 25.85 |   246.00 ± 15.68 |    5.00 ± 2.24 | 0.08 |
+------+------++--------------+--------------+----------------+------------------+----------------+------+
Saved 'closure_scan_min_dphi_DTOOT.png'
Saved 'closure_scan_dphi_DTOOT.png'
Saved 'closure_scan_dtsize_DTOOT.png'

[92m+------------------+
| Making ROC Plots |
+------------------+[0m
+-------------------------------------------------------------------------------------+
|                              Evaluating Discriminators                              |
+---------------++-------+--------+---------+---------+---------+-----------+---------+
|               ||  AUC  | S/√[B] | Thresh  |   Sig   | Sig Eff |    Bkg    | Bkg Eff |
+---------------++-------+--------+---------+---------+---------+-----------+---------+
| tag_dPhi      || 0.951 | 30.952 |   2.670 | 387.828 |   0.610 |   157.000 |   0.030 |
| tag_dR        || 0.922 | 27.026 |   2.913 | 396.285 |   0.623 |   215.000 |   0.041 |
| dtSize        || 0.747 | 12.158 | 137.120 | 241.033 |   0.379 |   393.000 |   0.075 |
| dtNStation10  || 0.565 |  6.782 |   1.000 | 206.599 |   0.325 |   928.000 |   0.176 |
| cscNStation10 || 0.541 |  7.070 |   1.000 | 334.668 |   0.526 | 2,241.000 |   0.425 |
| cscSize       || 0.690 |  9.631 | 285.180 | 469.381 |   0.738 | 2,375.000 |   0.451 |
| dtPhi.abs     || 0.533 |  9.096 |   0.157 | 612.546 |   0.963 | 4,535.000 |   0.861 |
| tag_dEta      || 0.436 |  8.755 |   0.003 | 635.501 |   0.999 | 5,269.000 |   1.000 |
+---------------++-------+--------+---------+---------+---------+-----------+---------+
Saved 'rocs_DTOOT.png'

[92m+-----------------------------------------+
| Getting run number of high hit clusters |
+-----------------------------------------+[0m

[96m#=======================#
# Finished train_bdt.py #
#=======================#[0m
