[96m#=======================#
# Starting train_bdt.py #
#=======================#[0m
[96m  VERBOSE      = True[0m
[96m  SAVE_STAT    = 'BLINDSR'[0m
[96m  OUT_DIR      = 'reports/weekly/2023-09-21b/neither_BLINDSR'[0m
[96m  BLIND_TYPE   = 'BLINDSR'[0m
[96m  TRAIN_BDT    = False[0m
[96m  TEST_SIZE    = 0.8[0m
[96m  N_EVENTS     = -1[0m
[96m  DATA_VERSION = 6[0m
[96m  LUMI         = 23,020.0[0m
[96m  DATA_DIR     = 'LOCAL'[0m

[92m+------------------------+
| Building MuonSystem(s) |
+------------------------+[0m
Building MuonSystemAwkward 'Signal' -
  is_mc  = True
  events = -1
  tree   = 'MuonSystem'
  file   = '/home/psimmerl/LLP/mdc_analysis/data/raw/ggH_HToSSTobbbb_MH-125_MS-15_CTau1000_13p6TeV_1pb_weighted_v6.root'
  Extracted 1,851,400 events
Building MuonSystemAwkward 'Data' -
  is_mc  = False
  events = -1
  tree   = 'MuonSystem'
  file   = '/home/psimmerl/LLP/mdc_analysis/data/raw/DisplacedJet-EXOCSCCluster_Run2022EFG-PromptReco-v1_goodLumi_v6.root'
  Extracted 14,597,375 events

[92m+-----------------------+
| Cutting MuonSystem(s) |
+-----------------------+[0m
Finished cut 'match'
Finished cut 'CSC&DT>0'
Finished cut 'L1'
Finished cut 'CSCIT'
Finished cut 'DTIT'
Finished cut 'ME1'
Finished cut 'MB1'
Finished cut 'JET'
Finished cut 'MUON'
Finished cut '1CSC1DT'
Finished cut 'BLINDSR'
+----------------------------------------------------+
| MuonSystem Cuts (req. CSC>0 & DT>0 after each cut) |
+----------++-------------------+--------------------+
|          ||   Signal (eff.)   |    Data (eff.)     |
+----------++-------------------+--------------------+
| read     ||       1,135,129.9 |       14,597,375.0 |
| match    ||          21,268.8 |                    |
+----------++-------------------+--------------------+
| CSC&DT>0 || 21,268.8 (1.0000) | 929,292.0 (1.0000) |
| L1       ||  7,637.4 (0.3658) | 258,787.0 (0.5299) |
| CSCIT    ||  7,577.6 (0.9713) | 190,757.0 (0.6201) |
| DTIT     ||  7,453.7 (0.9835) |  37,557.0 (0.2277) |
| ME1      ||  3,841.2 (0.5075) |  33,735.0 (0.7534) |
| MB1      ||    985.3 (0.2720) |     693.0 (0.2571) |
| JET      ||    969.5 (0.8783) |     660.0 (0.9842) |
| MUON     ||    636.1 (0.4510) |     549.0 (0.8146) |
| 1CSC1DT  ||    636.1 (0.0299) |     544.0 (0.0006) |
| BLINDSR  ||                   |     542.0 (1.0000) |
+----------++-------------------+--------------------+

[92m+------------------+
| Making CSC Plots |
+------------------+[0m
Saved 'cscMuonVetoPt_BLINDSR.png'
Saved 'cscJetVetoPt_BLINDSR.png'
Saved 'cscR_BLINDSR.png'
Saved 'cscZ_BLINDSR.png'
Saved 'cscPhi_BLINDSR.png'
Saved 'cscEta_BLINDSR.png'
Saved 'cscSize_BLINDSR.png'
Saved 'cscNStation10_BLINDSR.png'
Saved 'cscMaxChamber_BLINDSR.png'
Saved 'cscAvgStation10_BLINDSR.png'
Saved 'cscMaxStation_BLINDSR.png'
Saved 'cscMe11Ratio_BLINDSR.png'
Saved 'cscMe12Ratio_BLINDSR.png'

[92m+-----------------+
| Making DT Plots |
+-----------------+[0m
Saved 'dtJetVetoPt_BLINDSR.png'
Saved 'dtMuonVetoPt_BLINDSR.png'
Saved 'dtR_BLINDSR.png'
Saved 'dtZ_BLINDSR.png'
Saved 'dtPhi_BLINDSR.png'
Saved 'dtEta_BLINDSR.png'
Saved 'dtSize_BLINDSR.png'
Saved 'dt_match_RPCBx_dPhi0p5_BLINDSR.png'
Saved 'dtNStation10_BLINDSR.png'
Saved 'dtAvgStation10_BLINDSR.png'
Saved 'dtMaxStation_BLINDSR.png'
Saved 'dtNHitStation1_BLINDSR.png'
Saved 'dtMb1Ratio_BLINDSR.png'

[92m+-------------------------+
| Making Event/2tag Plots |
+-------------------------+[0m
Saved 'tag_dEta_BLINDSR.png'
Saved 'tag_dPhi_BLINDSR.png'
Saved 'tag_dR_BLINDSR.png'
Saved 'nCsc_BLINDSR.png'
Saved 'nDt_BLINDSR.png'
Saved 'met_BLINDSR.png'
Saved 'runNum_BLINDSR.png'
Saved 'cscR-dtR_BLINDSR.png'

[92m+-----------------+
| Making 2D Plots |
+-----------------+[0m
Saved 'cscPhi_cscR_BLINDSR.png'
Saved 'cscPhi_cscEta_BLINDSR.png'
Saved 'cscEta_cscR_BLINDSR.png'
Saved 'dtPhi_dtR_BLINDSR.png'
Saved 'dtPhi_dtEta_BLINDSR.png'
Saved 'dtEta_dtR_BLINDSR.png'
Saved 'cscR_dtR_BLINDSR.png'
Saved 'cscPhi_dtPhi_BLINDSR.png'
Saved 'cscEta_dtEta_BLINDSR.png'
Saved 'tag_dPhi_met_BLINDSR.png'
Saved 'tag_dPhi_tag_dEta_BLINDSR.png'
Saved 'tag_dPhi_tag_dR_BLINDSR.png'
Saved 'tag_dEta_tag_dR_BLINDSR.png'
Saved 'tag_dPhi_cscSize_BLINDSR.png'
Saved 'tag_dPhi_cscPhi_BLINDSR.png'
Saved 'tag_dPhi_cscEta_BLINDSR.png'
Saved 'tag_dPhi_dtSize_BLINDSR.png'
Saved 'tag_dPhi_dtPhi_BLINDSR.png'
Saved 'tag_dPhi_dtEta_BLINDSR.png'

[92m+-------------------+
| Making ABCD Plots |
+-------------------+[0m
Saved 'ABCD_000_BLINDSR.png'
Saved 'ABCD_010_BLINDSR.png'
Saved 'ABCD_020_BLINDSR.png'
Saved 'ABCD_030_BLINDSR.png'
Saved 'ABCD_040_BLINDSR.png'
Saved 'ABCD_050_BLINDSR.png'
Saved 'ABCD_060_BLINDSR.png'
Saved 'ABCD_070_BLINDSR.png'
Saved 'ABCD_080_BLINDSR.png'
Saved 'ABCD_090_BLINDSR.png'
Saved 'ABCD_100_BLINDSR.png'

[92m+------------------------------+
| Performing ABCD Calculations |
+------------------------------+[0m
Saved 'closure_sig_BLINDSR.png'
Saved 'closure_bkg_BLINDSR.png'
+--------------------------------------------------------------------------------------------------------+
|                                       ABCD (X: dPhi, Y: dtSize)                                        |
+--------+------++----------------+--------------+----------------+----------------+--------------+------+
|        | dPhi ||     Pred A     |      A       |       B        |       C        |      D       |  CL  |
+--------+------++----------------+--------------+----------------+----------------+--------------+------+
| Signal | 0.00 ||  98.82 ± 24.57 | 96.65 ± 7.64 | 469.38 ± 16.84 |   57.39 ± 5.89 | 12.08 ± 2.70 | 0.08 |
| Data   |      ||    9.52 ± 2.31 |              | 168.00 ± 12.96 | 353.00 ± 18.79 | 20.00 ± 4.47 |      |
+--------+------++----------------+--------------+----------------+----------------+--------------+------+
| Signal | 0.10 ||  92.84 ± 24.18 | 96.65 ± 7.64 | 469.38 ± 16.84 |   54.97 ± 5.76 | 10.87 ± 2.56 | 0.15 |
| Data   |      ||    6.00 ± 2.21 |              | 168.00 ± 12.96 | 224.00 ± 14.97 |  8.00 ± 2.83 |      |
+--------+------++----------------+--------------+----------------+----------------+--------------+------+
| Signal | 0.20 ||  96.01 ± 25.07 | 96.65 ± 7.64 | 469.38 ± 16.84 |   53.16 ± 5.67 | 10.87 ± 2.56 | 0.02 |
| Data   |      ||    6.89 ± 2.54 |              | 168.00 ± 12.96 | 195.00 ± 13.96 |  8.00 ± 2.83 |      |
+--------+------++----------------+--------------+----------------+----------------+--------------+------+
| Signal | 0.30 || 105.61 ± 27.81 | 96.65 ± 7.64 | 469.38 ± 16.84 |   48.33 ± 5.40 | 10.87 ± 2.56 | 0.31 |
| Data   |      ||    7.34 ± 2.71 |              | 168.00 ± 12.96 | 183.00 ± 13.53 |  8.00 ± 2.83 |      |
+--------+------++----------------+--------------+----------------+----------------+--------------+------+
| Signal | 0.40 || 112.65 ± 29.84 | 96.65 ± 7.64 | 469.38 ± 16.84 |   45.31 ± 5.23 | 10.87 ± 2.56 | 0.52 |
| Data   |      ||    5.03 ± 2.32 |              | 168.00 ± 12.96 | 167.00 ± 12.92 |  5.00 ± 2.24 |      |
+--------+------++----------------+--------------+----------------+----------------+--------------+------+
| Signal | 0.50 || 113.99 ± 31.09 | 96.65 ± 7.64 | 469.38 ± 16.84 |   42.29 ± 5.05 | 10.27 ± 2.49 | 0.54 |
| Data   |      ||    4.54 ± 2.33 |              | 168.00 ± 12.96 | 148.00 ± 12.17 |  4.00 ± 2.00 |      |
+--------+------++----------------+--------------+----------------+----------------+--------------+------+
| Signal | 0.60 || 115.54 ± 32.51 | 96.65 ± 7.64 | 469.38 ± 16.84 |   39.27 ± 4.87 |  9.67 ± 2.42 | 0.57 |
| Data   |      ||    5.29 ± 2.72 |              | 168.00 ± 12.96 | 127.00 ± 11.27 |  4.00 ± 2.00 |      |
+--------+------++----------------+--------------+----------------+----------------+--------------+------+
| Signal | 0.70 || 127.29 ± 36.17 | 96.65 ± 7.64 | 469.38 ± 16.84 |   35.64 ± 4.64 |  9.67 ± 2.42 | 0.83 |
| Data   |      ||    4.54 ± 2.68 |              | 168.00 ± 12.96 | 111.00 ± 10.54 |  3.00 ± 1.73 |      |
+--------+------++----------------+--------------+----------------+----------------+--------------+------+
| Signal | 0.80 || 108.32 ± 34.91 | 96.65 ± 7.64 | 469.38 ± 16.84 |   31.41 ± 4.36 |  7.25 ± 2.09 | 0.33 |
| Data   |      ||    5.09 ± 3.01 |              | 168.00 ± 12.96 |   99.00 ± 9.95 |  3.00 ± 1.73 |      |
+--------+------++----------------+--------------+----------------+----------------+--------------+------+
| Signal | 0.90 || 130.99 ± 43.02 | 96.65 ± 7.64 | 469.38 ± 16.84 |   25.98 ± 3.96 |  7.25 ± 2.09 | 0.79 |
| Data   |      ||    4.00 ± 2.88 |              | 168.00 ± 12.96 |   84.00 ± 9.17 |  2.00 ± 1.41 |      |
+--------+------++----------------+--------------+----------------+----------------+--------------+------+
| Signal | 1.00 || 125.93 ± 43.00 | 96.65 ± 7.64 | 469.38 ± 16.84 |   24.77 ± 3.87 |  6.64 ± 2.00 | 0.67 |
| Data   |      ||    4.67 ± 3.36 |              | 168.00 ± 12.96 |   72.00 ± 8.49 |  2.00 ± 1.41 |      |
+--------+------++----------------+--------------+----------------+----------------+--------------+------+
+----------------------------------------------------------------------------------------+
|                               ABCD (X: dPhi, Y: dtSize)                                |
+------+------++-------------+-----+----------------+----------------+--------------+----+
|      | dPhi ||   Pred A    |  A  |       B        |       C        |      D       | CL |
+------+------++-------------+-----+----------------+----------------+--------------+----+
| Data | 0.00 || 9.52 ± 2.31 |     | 168.00 ± 12.96 | 353.00 ± 18.79 | 20.00 ± 4.47 |    |
| Data | 0.10 || 6.00 ± 2.21 |     | 168.00 ± 12.96 | 224.00 ± 14.97 |  8.00 ± 2.83 |    |
| Data | 0.20 || 6.89 ± 2.54 |     | 168.00 ± 12.96 | 195.00 ± 13.96 |  8.00 ± 2.83 |    |
| Data | 0.30 || 7.34 ± 2.71 |     | 168.00 ± 12.96 | 183.00 ± 13.53 |  8.00 ± 2.83 |    |
| Data | 0.40 || 5.03 ± 2.32 |     | 168.00 ± 12.96 | 167.00 ± 12.92 |  5.00 ± 2.24 |    |
| Data | 0.50 || 4.54 ± 2.33 |     | 168.00 ± 12.96 | 148.00 ± 12.17 |  4.00 ± 2.00 |    |
| Data | 0.60 || 5.29 ± 2.72 |     | 168.00 ± 12.96 | 127.00 ± 11.27 |  4.00 ± 2.00 |    |
| Data | 0.70 || 4.54 ± 2.68 |     | 168.00 ± 12.96 | 111.00 ± 10.54 |  3.00 ± 1.73 |    |
| Data | 0.80 || 5.09 ± 3.01 |     | 168.00 ± 12.96 |   99.00 ± 9.95 |  3.00 ± 1.73 |    |
| Data | 0.90 || 4.00 ± 2.88 |     | 168.00 ± 12.96 |   84.00 ± 9.17 |  2.00 ± 1.41 |    |
| Data | 1.00 || 4.67 ± 3.36 |     | 168.00 ± 12.96 |   72.00 ± 8.49 |  2.00 ± 1.41 |    |
+------+------++-------------+-----+----------------+----------------+--------------+----+
Saved 'closure_scan_min_dphi_BLINDSR.png'
Saved 'closure_scan_dphi_BLINDSR.png'
Saved 'closure_scan_dtsize_BLINDSR.png'

[92m+------------------+
| Making ROC Plots |
+------------------+[0m
+-----------------------------------------------------------------------------------+
|                             Evaluating Discriminators                             |
+---------------++-------+--------+---------+---------+---------+---------+---------+
|               ||  AUC  | S/√[B] | Thresh  |   Sig   | Sig Eff |   Bkg   | Bkg Eff |
+---------------++-------+--------+---------+---------+---------+---------+---------+
| tag_dPhi      || 0.901 | 81.188 |   2.890 | 256.739 |   0.404 |  10.000 |   0.018 |
| tag_dR        || 0.891 | 65.753 |   2.805 | 436.156 |   0.686 |  44.000 |   0.081 |
| cscNStation10 || 0.609 | 26.625 |   1.000 | 334.668 |   0.526 | 158.000 |   0.292 |
| dtSize        || 0.739 | 33.336 |  87.360 | 429.511 |   0.675 | 166.000 |   0.306 |
| dtNStation10  || 0.389 | 12.667 |   1.000 | 206.599 |   0.325 | 266.000 |   0.491 |
| cscSize       || 0.670 | 29.715 | 244.080 | 550.328 |   0.865 | 343.000 |   0.633 |
| dtPhi.abs     || 0.524 | 27.392 |   0.065 | 625.836 |   0.984 | 522.000 |   0.963 |
| tag_dEta      || 0.550 | 27.297 |   0.003 | 635.501 |   0.999 | 542.000 |   1.000 |
+---------------++-------+--------+---------+---------+---------+---------+---------+
Saved 'rocs_BLINDSR.png'

[92m+-----------------------------------------+
| Getting run number of high hit clusters |
+-----------------------------------------+[0m

[96m#=======================#
# Finished train_bdt.py #
#=======================#[0m
