[96m#=======================#
# Starting train_bdt.py #
#=======================#[0m
[96m  VERBOSE      = True[0m
[96m  SAVE_STAT    = 'DTOOT'[0m
[96m  OUT_DIR      = 'reports/weekly/2023-09-21b/standard_DTOOT'[0m
[96m  BLIND_TYPE   = 'DTOOT'[0m
[96m  TRAIN_BDT    = False[0m
[96m  TEST_SIZE    = 0.8[0m
[96m  N_EVENTS     = -1[0m
[96m  DATA_VERSION = 6[0m
[96m  LUMI         = 23,020.0[0m
[96m  DATA_DIR     = 'LOCAL'[0m

[92m+------------------------+
| Building MuonSystem(s) |
+------------------------+[0m
Building MuonSystemAwkward 'Signal' -
  is_mc  = True
  events = -1
  tree   = 'MuonSystem'
  file   = '/home/psimmerl/LLP/mdc_analysis/data/raw/ggH_HToSSTobbbb_MH-125_MS-15_CTau1000_13p6TeV_1pb_weighted_v6.root'
  Extracted 1,851,400 events
Building MuonSystemAwkward 'Data' -
  is_mc  = False
  events = -1
  tree   = 'MuonSystem'
  file   = '/home/psimmerl/LLP/mdc_analysis/data/raw/DisplacedJet-EXOCSCCluster_Run2022EFG-PromptReco-v1_goodLumi_v6.root'
  Extracted 14,597,375 events

[92m+-----------------------+
| Cutting MuonSystem(s) |
+-----------------------+[0m
Finished cut 'match'
Finished cut 'CSC&DT>0'
Finished cut 'L1'
Finished cut 'CSCIT'
Finished cut 'DTIT'
Finished cut 'ME1'
Finished cut 'MB1'
Finished cut 'HALO'
Finished cut '1CSC1DT'
Finished cut 'DPHI'
+----------------------------------------------------+
| MuonSystem Cuts (req. CSC>0 & DT>0 after each cut) |
+----------++-------------------+--------------------+
|          ||   Signal (eff.)   |    Data (eff.)     |
+----------++-------------------+--------------------+
| read     ||       1,135,129.9 |       14,597,375.0 |
| match    ||          21,268.8 |                    |
+----------++-------------------+--------------------+
| CSC&DT>0 || 21,268.8 (1.0000) | 929,292.0 (1.0000) |
| L1       ||  7,637.4 (0.3658) | 258,787.0 (0.5299) |
| CSCIT    ||  7,577.6 (0.9713) | 190,757.0 (0.6201) |
| DTIT/OOT ||  7,453.7 (0.9835) | 156,504.0 (0.7723) |
| ME1      ||  3,841.2 (0.5075) | 139,811.0 (0.7534) |
| MB1      ||    985.3 (0.2720) |   6,132.0 (0.2571) |
| HALO     ||    729.7 (0.7464) |   3,619.0 (0.6976) |
| 1CSC1DT  ||    729.7 (0.0343) |   3,553.0 (0.0038) |
| DPHI     ||    710.4 (0.0334) |   1,208.0 (0.0013) |
+----------++-------------------+--------------------+

[92m+------------------+
| Making CSC Plots |
+------------------+[0m
Saved 'cscMuonVetoPt_DTOOT.png'
Saved 'cscJetVetoPt_DTOOT.png'
Saved 'cscR_DTOOT.png'
Saved 'cscZ_DTOOT.png'
Saved 'cscPhi_DTOOT.png'
Saved 'cscEta_DTOOT.png'
Saved 'cscSize_DTOOT.png'
Saved 'cscNStation10_DTOOT.png'
Saved 'cscMaxChamber_DTOOT.png'
Saved 'cscAvgStation10_DTOOT.png'
Saved 'cscMaxStation_DTOOT.png'
Saved 'cscMe11Ratio_DTOOT.png'
Saved 'cscMe12Ratio_DTOOT.png'

[92m+-----------------+
| Making DT Plots |
+-----------------+[0m
Saved 'dtJetVetoPt_DTOOT.png'
Saved 'dtMuonVetoPt_DTOOT.png'
Saved 'dtR_DTOOT.png'
Saved 'dtZ_DTOOT.png'
Saved 'dtPhi_DTOOT.png'
Saved 'dtEta_DTOOT.png'
Saved 'dtSize_DTOOT.png'
Saved 'dt_match_RPCBx_dPhi0p5_DTOOT.png'
Saved 'dtNStation10_DTOOT.png'
Saved 'dtAvgStation10_DTOOT.png'
Saved 'dtMaxStation_DTOOT.png'
Saved 'dtNHitStation1_DTOOT.png'
Saved 'dtMb1Ratio_DTOOT.png'

[92m+-------------------------+
| Making Event/2tag Plots |
+-------------------------+[0m
Saved 'tag_dEta_DTOOT.png'
Saved 'tag_dPhi_DTOOT.png'
Saved 'tag_dR_DTOOT.png'
Saved 'nCsc_DTOOT.png'
Saved 'nDt_DTOOT.png'
Saved 'met_DTOOT.png'
Saved 'runNum_DTOOT.png'
Saved 'cscR-dtR_DTOOT.png'

[92m+-----------------+
| Making 2D Plots |
+-----------------+[0m
