[96m#=======================#
# Starting train_bdt.py #
#=======================#[0m
[96m  VERBOSE      = True[0m
[96m  SAVE_STAT    = 'dtOOT'[0m
[96m  OUT_DIR      = 'reports/weekly/2023-09-07/neither'[0m
[96m  BLIND_TYPE   = 'DTOOT'[0m
[96m  TRAIN_BDT    = False[0m
[96m  TEST_SIZE    = 0.8[0m
[96m  N_EVENTS     = -1[0m
[96m  DATA_VERSION = 6[0m
[96m  LUMI         = 23,020.0[0m
[96m  DATA_DIR     = 'LOCAL'[0m

[92m+------------------------+
| Building MuonSystem(s) |
+------------------------+[0m
Building MuonSystemAwkward 'Signal' -
  is mc  = True
  events = -1
  tree   = 'MuonSystem'
  file   = '/home/psimmerl/LLP/mdc_analysis/data/raw/ggH_HToSSTobbbb_MH-125_MS-15_CTau1000_13p6TeV_1pb_weighted_v6.root'
  Extracted 1,851,400 events
Building MuonSystemAwkward 'Data' -
  is mc  = False
  events = -1
  tree   = 'MuonSystem'
  file   = '/home/psimmerl/LLP/mdc_analysis/data/raw/DisplacedJet-EXOCSCCluster_Run2022EFG-PromptReco-v1_goodLumi_v6.root'
  Extracted 14,597,375 events

[92m+-----------------------+
| Cutting MuonSystem(s) |
+-----------------------+[0m
Finished cut 'match'
Finished cut 'CSC&DT>0'
Finished cut 'L1'
Finished cut 'CSCIT'
Finished cut 'DTIT'
Finished cut 'ME1'
Finished cut 'MB1'
Finished cut '1CSC1DT'
+----------------------------------------------------+
| MuonSystem Cuts (req. CSC>0 & DT>0 after each cut) |
+----------++-------------------+--------------------+
|          ||   Signal (eff.)   |    Data (eff.)     |
+----------++-------------------+--------------------+
| read     ||       1,135,129.9 |       14,597,375.0 |
| match    ||          21,268.8 |                    |
+----------++-------------------+--------------------+
| CSC&DT>0 || 21,268.8 (1.0000) | 929,292.0 (1.0000) |
| L1       ||  7,637.4 (0.3658) | 258,787.0 (0.5299) |
| CSCIT    ||  7,577.6 (0.9713) | 190,757.0 (0.6201) |
| DTIT/OOT ||  7,453.7 (0.9835) | 156,504.0 (0.7723) |
| ME1      ||  3,841.2 (0.5075) | 139,811.0 (0.7534) |
| MB1      ||    985.3 (0.2720) |   6,132.0 (0.2571) |
| 1CSC1DT  ||    985.3 (0.0463) |   5,985.0 (0.0064) |
+----------++-------------------+--------------------+
dict_keys(['sel_evt', 'sel_csc', 'sel_dt', 'tag', 'tag_dPhi', 'tag_dEta', 'tag_dR'])
dict_keys(['sel_evt', 'sel_csc', 'sel_dt', 'tag', 'tag_dPhi', 'tag_dEta', 'tag_dR'])

[92m+------------------+
| Making CSC Plots |
+------------------+[0m

[92m+-----------------+
| Making DT Plots |
+-----------------+[0m
Saved 'dtJetVetoPt_dtOOT.png'
Saved 'dtMuonVetoPt_dtOOT.png'
Saved 'dtR_dtOOT.png'
Saved 'dtZ_dtOOT.png'
Saved 'dtPhi_dtOOT.png'
Saved 'dtEta_dtOOT.png'
Saved 'dtSize_dtOOT.png'
Saved 'dt_match_RPCBx_dPhi0p5_dtOOT.png'
Saved 'dtNStation10_dtOOT.png'
Saved 'dtAvgStation10_dtOOT.png'
Saved 'dtMaxStation_dtOOT.png'
Saved 'dtNHitStation1_dtOOT.png'
Saved 'dtMb1Ratio_dtOOT.png'

[92m+-------------------------+
| Making Event/2tag Plots |
+-------------------------+[0m
Saved 'tag_dEta_dtOOT.png'
Saved 'tag_dPhi_dtOOT.png'
Saved 'tag_dR_dtOOT.png'
Saved 'nCsc_dtOOT.png'
Saved 'nDt_dtOOT.png'
Saved 'met_dtOOT.png'
Saved 'runNum_dtOOT.png'
Saved 'cscR-dtR_dtOOT.png'

[92m+-----------------+
| Making 2D Plots |
+-----------------+[0m
Saved 'cscPhi_cscR_dtOOT.png'
Saved 'cscPhi_cscEta_dtOOT.png'
Saved 'cscEta_cscR_dtOOT.png'
Saved 'dtPhi_dtR_dtOOT.png'
Saved 'dtPhi_dtEta_dtOOT.png'
Saved 'dtEta_dtR_dtOOT.png'
Saved 'cscR_dtR_dtOOT.png'
Saved 'cscPhi_dtPhi_dtOOT.png'
Saved 'cscEta_dtEta_dtOOT.png'
Saved 'tag_dPhi_met_dtOOT.png'
Saved 'tag_dPhi_tag_dEta_dtOOT.png'
Saved 'tag_dPhi_tag_dR_dtOOT.png'
Saved 'tag_dEta_tag_dR_dtOOT.png'
Saved 'tag_dPhi_cscSize_dtOOT.png'
Saved 'tag_dPhi_cscPhi_dtOOT.png'
Saved 'tag_dPhi_cscEta_dtOOT.png'
Saved 'tag_dPhi_dtSize_dtOOT.png'
Saved 'tag_dPhi_dtPhi_dtOOT.png'
Saved 'tag_dPhi_dtEta_dtOOT.png'
Saved 'ABCD_000_dtOOT.png'
Saved 'ABCD_010_dtOOT.png'
Saved 'ABCD_020_dtOOT.png'
Saved 'ABCD_030_dtOOT.png'
Saved 'ABCD_040_dtOOT.png'
Saved 'ABCD_050_dtOOT.png'
Saved 'ABCD_060_dtOOT.png'
Saved 'ABCD_070_dtOOT.png'
Saved 'ABCD_080_dtOOT.png'
Saved 'ABCD_090_dtOOT.png'
Saved 'ABCD_100_dtOOT.png'

[92m+------------------------------+
| Performing ABCD Calculations |
+------------------------------+[0m
Saved 'closure_sig.png'
Saved 'closure_bkg.png'
+-----------------------------------------------------------------------------------------------------------------------+
|                                               ABCD (X: dPhi, Y: dtSize)                                               |
+--------+------++------------------+--------------------+------------------+-----------------+------------------+------+
|        | dPhi ||        D         |         C          |        B         |        A        |      Pred A      |  CL  |
+--------+------++------------------+--------------------+------------------+-----------------+------------------+------+
| Signal | 0.00 ||   18.73 +/- 3.36 |     82.76 +/- 7.07 | 762.97 +/- 21.47 | 120.21 +/- 8.52 | 172.64 +/- 34.68 | 1.47 |
| Data   |      || 128.00 +/- 11.31 | 4,942.00 +/- 70.30 | 879.00 +/- 29.65 |  16.00 +/- 4.00 |   22.77 +/- 2.18 | 1.49 |
+--------+------++------------------+--------------------+------------------+-----------------+------------------+------+
| Signal | 0.10 ||   17.52 +/- 3.25 |     77.32 +/- 6.83 | 762.97 +/- 21.47 | 120.21 +/- 8.52 | 172.86 +/- 35.88 | 1.43 |
| Data   |      ||   27.00 +/- 5.20 | 1,885.00 +/- 43.42 | 879.00 +/- 29.65 |  16.00 +/- 4.00 |   12.59 +/- 2.48 | 0.72 |
+--------+------++------------------+--------------------+------------------+-----------------+------------------+------+
| Signal | 0.20 ||   15.10 +/- 3.02 |     73.70 +/- 6.67 | 762.97 +/- 21.47 | 120.21 +/- 8.52 | 156.35 +/- 34.60 | 1.01 |
| Data   |      ||   20.00 +/- 4.47 | 1,080.00 +/- 32.86 | 879.00 +/- 29.65 |  16.00 +/- 4.00 |   16.28 +/- 3.71 | 0.05 |
+--------+------++------------------+--------------------+------------------+-----------------+------------------+------+
| Signal | 0.30 ||   15.10 +/- 3.02 |     67.05 +/- 6.36 | 762.97 +/- 21.47 | 120.21 +/- 8.52 | 171.84 +/- 38.35 | 1.31 |
| Data   |      ||   17.00 +/- 4.12 |   824.00 +/- 28.71 | 879.00 +/- 29.65 |  16.00 +/- 4.00 |   18.13 +/- 4.49 | 0.36 |
+--------+------++------------------+--------------------+------------------+-----------------+------------------+------+
| Signal | 0.40 ||   13.29 +/- 2.83 |     62.22 +/- 6.13 | 762.97 +/- 21.47 | 120.21 +/- 8.52 | 162.96 +/- 38.55 | 1.08 |
| Data   |      ||   15.00 +/- 3.87 |   700.00 +/- 26.46 | 879.00 +/- 29.65 |  16.00 +/- 4.00 |   18.84 +/- 4.96 | 0.45 |
+--------+------++------------------+--------------------+------------------+-----------------+------------------+------+
| Signal | 0.50 ||   12.08 +/- 2.70 |     57.99 +/- 5.92 | 762.97 +/- 21.47 | 120.21 +/- 8.52 | 158.95 +/- 39.33 | 0.96 |
| Data   |      ||   13.00 +/- 3.61 |   615.00 +/- 24.80 | 879.00 +/- 29.65 |  16.00 +/- 4.00 |   18.58 +/- 5.25 | 0.39 |
+--------+------++------------------+--------------------+------------------+-----------------+------------------+------+
| Signal | 0.60 ||   11.48 +/- 2.63 |     53.76 +/- 5.70 | 762.97 +/- 21.47 | 120.21 +/- 8.52 | 162.88 +/- 41.42 | 1.01 |
| Data   |      ||   10.00 +/- 3.16 |   541.00 +/- 23.26 | 879.00 +/- 29.65 |  16.00 +/- 4.00 |   16.25 +/- 5.21 | 0.04 |
+--------+------++------------------+--------------------+------------------+-----------------+------------------+------+
| Signal | 0.70 ||   11.48 +/- 2.63 |     48.93 +/- 5.44 | 762.97 +/- 21.47 | 120.21 +/- 8.52 | 178.97 +/- 45.90 | 1.26 |
| Data   |      ||    9.00 +/- 3.00 |   473.00 +/- 21.75 | 879.00 +/- 29.65 |  16.00 +/- 4.00 |   16.73 +/- 5.66 | 0.10 |
+--------+------++------------------+--------------------+------------------+-----------------+------------------+------+
| Signal | 0.80 ||    9.06 +/- 2.34 |     43.49 +/- 5.13 | 762.97 +/- 21.47 | 120.21 +/- 8.52 | 158.95 +/- 45.34 | 0.84 |
| Data   |      ||    9.00 +/- 3.00 |   413.00 +/- 20.32 | 879.00 +/- 29.65 |  16.00 +/- 4.00 |   19.15 +/- 6.49 | 0.41 |
+--------+------++------------------+--------------------+------------------+-----------------+------------------+------+
| Signal | 0.90 ||    9.06 +/- 2.34 |     35.64 +/- 4.64 | 762.97 +/- 21.47 | 120.21 +/- 8.52 | 193.97 +/- 56.36 | 1.29 |
| Data   |      ||    7.00 +/- 2.65 |   351.00 +/- 18.73 | 879.00 +/- 29.65 |  16.00 +/- 4.00 |   17.53 +/- 6.72 | 0.20 |
+--------+------++------------------+--------------------+------------------+-----------------+------------------+------+
| Signal | 1.00 ||    8.46 +/- 2.26 |     32.62 +/- 4.44 | 762.97 +/- 21.47 | 120.21 +/- 8.52 | 197.81 +/- 59.58 | 1.29 |
| Data   |      ||    6.00 +/- 2.45 |   290.00 +/- 17.03 | 879.00 +/- 29.65 |  16.00 +/- 4.00 |   18.19 +/- 7.53 | 0.26 |
+--------+------++------------------+--------------------+------------------+-----------------+------------------+------+
+-----------------------------------------------------------------------------------------------------------------------+
|                                               ABCD (X: dPhi, Y: dtSize)                                               |
+--------+------++------------------+--------------------+------------------+-----------------+------------------+------+
|        | dPhi ||        D         |         C          |        B         |        A        |      Pred A      |  CL  |
+--------+------++------------------+--------------------+------------------+-----------------+------------------+------+
| Signal |      ||   18.73 +/- 3.36 |     82.76 +/- 7.07 | 762.97 +/- 21.47 | 120.21 +/- 8.52 | 172.64 +/- 34.68 | 1.47 |
+--------+------++------------------+--------------------+------------------+-----------------+------------------+------+
| Data   | 0.00 || 128.00 +/- 11.31 | 4,942.00 +/- 70.30 | 879.00 +/- 29.65 |  16.00 +/- 4.00 |   22.77 +/- 2.18 | 1.49 |
| Signal |      ||   17.52 +/- 3.25 |     77.32 +/- 6.83 | 762.97 +/- 21.47 | 120.21 +/- 8.52 | 172.86 +/- 35.88 | 1.43 |
+--------+------++------------------+--------------------+------------------+-----------------+------------------+------+
| Data   | 0.10 ||   27.00 +/- 5.20 | 1,885.00 +/- 43.42 | 879.00 +/- 29.65 |  16.00 +/- 4.00 |   12.59 +/- 2.48 | 0.72 |
| Signal |      ||   15.10 +/- 3.02 |     73.70 +/- 6.67 | 762.97 +/- 21.47 | 120.21 +/- 8.52 | 156.35 +/- 34.60 | 1.01 |
+--------+------++------------------+--------------------+------------------+-----------------+------------------+------+
| Data   | 0.20 ||   20.00 +/- 4.47 | 1,080.00 +/- 32.86 | 879.00 +/- 29.65 |  16.00 +/- 4.00 |   16.28 +/- 3.71 | 0.05 |
| Signal |      ||   15.10 +/- 3.02 |     67.05 +/- 6.36 | 762.97 +/- 21.47 | 120.21 +/- 8.52 | 171.84 +/- 38.35 | 1.31 |
+--------+------++------------------+--------------------+------------------+-----------------+------------------+------+
| Data   | 0.30 ||   17.00 +/- 4.12 |   824.00 +/- 28.71 | 879.00 +/- 29.65 |  16.00 +/- 4.00 |   18.13 +/- 4.49 | 0.36 |
| Signal |      ||   13.29 +/- 2.83 |     62.22 +/- 6.13 | 762.97 +/- 21.47 | 120.21 +/- 8.52 | 162.96 +/- 38.55 | 1.08 |
+--------+------++------------------+--------------------+------------------+-----------------+------------------+------+
| Data   | 0.40 ||   15.00 +/- 3.87 |   700.00 +/- 26.46 | 879.00 +/- 29.65 |  16.00 +/- 4.00 |   18.84 +/- 4.96 | 0.45 |
| Signal |      ||   12.08 +/- 2.70 |     57.99 +/- 5.92 | 762.97 +/- 21.47 | 120.21 +/- 8.52 | 158.95 +/- 39.33 | 0.96 |
+--------+------++------------------+--------------------+------------------+-----------------+------------------+------+
| Data   | 0.50 ||   13.00 +/- 3.61 |   615.00 +/- 24.80 | 879.00 +/- 29.65 |  16.00 +/- 4.00 |   18.58 +/- 5.25 | 0.39 |
| Signal |      ||   11.48 +/- 2.63 |     53.76 +/- 5.70 | 762.97 +/- 21.47 | 120.21 +/- 8.52 | 162.88 +/- 41.42 | 1.01 |
+--------+------++------------------+--------------------+------------------+-----------------+------------------+------+
| Data   | 0.60 ||   10.00 +/- 3.16 |   541.00 +/- 23.26 | 879.00 +/- 29.65 |  16.00 +/- 4.00 |   16.25 +/- 5.21 | 0.04 |
| Signal |      ||   11.48 +/- 2.63 |     48.93 +/- 5.44 | 762.97 +/- 21.47 | 120.21 +/- 8.52 | 178.97 +/- 45.90 | 1.26 |
+--------+------++------------------+--------------------+------------------+-----------------+------------------+------+
| Data   | 0.70 ||    9.00 +/- 3.00 |   473.00 +/- 21.75 | 879.00 +/- 29.65 |  16.00 +/- 4.00 |   16.73 +/- 5.66 | 0.10 |
| Signal |      ||    9.06 +/- 2.34 |     43.49 +/- 5.13 | 762.97 +/- 21.47 | 120.21 +/- 8.52 | 158.95 +/- 45.34 | 0.84 |
+--------+------++------------------+--------------------+------------------+-----------------+------------------+------+
| Data   | 0.80 ||    9.00 +/- 3.00 |   413.00 +/- 20.32 | 879.00 +/- 29.65 |  16.00 +/- 4.00 |   19.15 +/- 6.49 | 0.41 |
| Signal |      ||    9.06 +/- 2.34 |     35.64 +/- 4.64 | 762.97 +/- 21.47 | 120.21 +/- 8.52 | 193.97 +/- 56.36 | 1.29 |
+--------+------++------------------+--------------------+------------------+-----------------+------------------+------+
| Data   | 0.90 ||    7.00 +/- 2.65 |   351.00 +/- 18.73 | 879.00 +/- 29.65 |  16.00 +/- 4.00 |   17.53 +/- 6.72 | 0.20 |
| Signal |      ||    8.46 +/- 2.26 |     32.62 +/- 4.44 | 762.97 +/- 21.47 | 120.21 +/- 8.52 | 197.81 +/- 59.58 | 1.29 |
+--------+------++------------------+--------------------+------------------+-----------------+------------------+------+
| Data   | 1.00 ||    6.00 +/- 2.45 |   290.00 +/- 17.03 | 879.00 +/- 29.65 |  16.00 +/- 4.00 |   18.19 +/- 7.53 | 0.26 |
+--------+------++------------------+--------------------+------------------+-----------------+------------------+------+

[96m#=======================#
# Finished train_bdt.py #
#=======================#[0m
