[96m#=======================#
# Starting train_bdt.py #
#=======================#[0m
[96m  VERBOSE      = True[0m
[96m  SAVE_STAT    = 'dtOOT'[0m
[96m  OUT_DIR      = 'reports/weekly/2023-09-07/standard'[0m
[96m  BLIND_TYPE   = 'DTOOT'[0m
[96m  TRAIN_BDT    = False[0m
[96m  TEST_SIZE    = 0.8[0m
[96m  N_EVENTS     = -1[0m
[96m  DATA_VERSION = 6[0m
[96m  LUMI         = 23,020.0[0m
[96m  DATA_DIR     = 'LOCAL'[0m

[92m+------------------------+
| Building MuonSystem(s) |
+------------------------+[0m
Building MuonSystemAwkward 'Signal' -
  is mc  = True
  events = -1
  tree   = 'MuonSystem'
  file   = '/home/psimmerl/LLP/mdc_analysis/data/raw/ggH_HToSSTobbbb_MH-125_MS-15_CTau1000_13p6TeV_1pb_weighted_v6.root'
  Extracted 1,851,400 events
Building MuonSystemAwkward 'Data' -
  is mc  = False
  events = -1
  tree   = 'MuonSystem'
  file   = '/home/psimmerl/LLP/mdc_analysis/data/raw/DisplacedJet-EXOCSCCluster_Run2022EFG-PromptReco-v1_goodLumi_v6.root'
  Extracted 14,597,375 events

[92m+-----------------------+
| Cutting MuonSystem(s) |
+-----------------------+[0m
Finished cut 'match' [21268.77, ['', '']]
Finished cut 'CSC&DT>0' [['21,268.8', '(1.0000)'], ['929,292.0', '(1.0000)']]
Finished cut 'L1' [['7,637.4', '(0.3658)'], ['258,787.0', '(0.5299)']]
Finished cut 'CSCIT' [['7,577.6', '(0.9713)'], ['190,757.0', '(0.6201)']]
Finished cut 'DTIT' [['7,453.7', '(0.9835)'], ['156,504.0', '(0.7723)']]
Finished cut 'ME1' [['3,841.2', '(0.5075)'], ['139,811.0', '(0.7534)']]
Finished cut 'MB1' [['985.3', '(0.2720)'], ['6,132.0', '(0.2571)']]
Finished cut '1CSC1DT' [['985.3', '(0.0463)'], ['5,985.0', '(0.0064)']]
Finished cut 'DPHI' [['959.3', '(0.0451)'], ['1,615.0', '(0.0017)']]
+----------------------------------------------------+
| MuonSystem Cuts (req. CSC>0 & DT>0 after each cut) |
+----------++-------------------+--------------------+
|          ||   Signal (eff.)   |    Data (eff.)     |
+----------++-------------------+--------------------+
| read     ||       1,135,129.9 |       14,597,375.0 |
| match    ||          21,268.8 |                    |
+----------++-------------------+--------------------+
| CSC&DT>0 || 21,268.8 (1.0000) | 929,292.0 (1.0000) |
| L1       ||  7,637.4 (0.3658) | 258,787.0 (0.5299) |
| CSCIT    ||  7,577.6 (0.9713) | 190,757.0 (0.6201) |
| DTIT/OOT ||  7,453.7 (0.9835) | 156,504.0 (0.7723) |
| ME1      ||  3,841.2 (0.5075) | 139,811.0 (0.7534) |
| MB1      ||    985.3 (0.2720) |   6,132.0 (0.2571) |
| 1CSC1DT  ||    985.3 (0.0463) |   5,985.0 (0.0064) |
| DPHI     ||    959.3 (0.0451) |   1,615.0 (0.0017) |
+----------++-------------------+--------------------+
dict_keys(['sel_evt', 'sel_csc', 'sel_dt', 'eff_evt', 'eff_csc', 'eff_dt', 'tag', 'tag_dPhi', 'tag_dEta', 'tag_dR'])
dict_keys(['sel_evt', 'sel_csc', 'sel_dt', 'eff_evt', 'eff_csc', 'eff_dt', 'tag', 'tag_dPhi', 'tag_dEta', 'tag_dR'])

[92m+------------------+
| Making CSC Plots |
+------------------+[0m

[92m+-----------------+
| Making DT Plots |
+-----------------+[0m
Saved 'dtJetVetoPt_dtOOT.png'
Saved 'dtMuonVetoPt_dtOOT.png'
Saved 'dtR_dtOOT.png'
Saved 'dtZ_dtOOT.png'
Saved 'dtPhi_dtOOT.png'
Saved 'dtEta_dtOOT.png'
Saved 'dtSize_dtOOT.png'
Saved 'dt_match_RPCBx_dPhi0p5_dtOOT.png'
Saved 'dtNStation10_dtOOT.png'
Saved 'dtAvgStation10_dtOOT.png'
Saved 'dtMaxStation_dtOOT.png'
Saved 'dtNHitStation1_dtOOT.png'
