[96m#=======================#
# Starting train_bdt.py #
#=======================#[0m
[96m  VERBOSE      = True[0m
[96m  SAVE_STAT    = 'DTOOT'[0m
[96m  OUT_DIR      = 'reports/weekly/2023-09-21c/neither_DTOOT'[0m
[96m  BLIND_TYPE   = 'DTOOT'[0m
[96m  TRAIN_BDT    = False[0m
[96m  TEST_SIZE    = 0.8[0m
[96m  N_EVENTS     = -1[0m
[96m  DATA_VERSION = 6[0m
[96m  LUMI         = 23,020.0[0m
[96m  DATA_DIR     = 'LOCAL'[0m

[92m+------------------------+
| Building MuonSystem(s) |
+------------------------+[0m
Building MuonSystemAwkward 'Signal' -
  is_mc  = True
  events = -1
  tree   = 'MuonSystem'
  file   = '/home/psimmerl/LLP/mdc_analysis/data/raw/ggH_HToSSTobbbb_MH-125_MS-15_CTau1000_13p6TeV_1pb_weighted_v6.root'
  Extracted 1,851,400 events
Building MuonSystemAwkward 'Data' -
  is_mc  = False
  events = -1
  tree   = 'MuonSystem_HLT569'
  file   = '/home/psimmerl/LLP/mdc_analysis/data/raw/../processed/r3_hlt569.rdf'
  Extracted 1,038,214 events

[92m+-----------------------+
| Cutting MuonSystem(s) |
+-----------------------+[0m
Finished cut 'match'
Finished cut 'HLT'
Finished cut 'CSC&DT>0'
Finished cut 'L1'
Finished cut 'CSCIT'
Finished cut 'DTIT'
Finished cut 'MB1'
Finished cut 'JET'
Finished cut '1CSC1DT'
+----------------------------------------------------+
| MuonSystem Cuts (req. CSC>0 & DT>0 after each cut) |
+----------++-------------------+--------------------+
|          ||   Signal (eff.)   |    Data (eff.)     |
+----------++-------------------+--------------------+
| read     ||       1,135,129.9 |        1,038,214.0 |
| match    ||          21,268.8 |                    |
+----------++-------------------+--------------------+
| HLT      ||          21,268.8 |        1,038,214.0 |
| CSC&DT>0 || 21,268.8 (1.0000) | 470,008.0 (1.0000) |
| L1       ||  7,637.4 (0.3658) |  27,679.0 (0.0453) |
| CSCIT    ||  7,577.6 (0.9713) |  15,963.0 (0.3971) |
| DTIT/OOT ||  7,453.7 (0.9835) |  14,269.0 (0.7527) |
| MB1      ||  1,886.6 (0.2720) |   5,823.0 (0.3724) |
| JET      ||  1,405.1 (0.6138) |   1,717.0 (0.4764) |
| 1CSC1DT  ||  1,405.1 (0.0661) |   1,672.0 (0.0036) |
+----------++-------------------+--------------------+

[92m+------------------+
| Making CSC Plots |
+------------------+[0m
Saved 'cscMuonVetoPt_DTOOT.png'
Saved 'cscJetVetoPt_DTOOT.png'
Saved 'cscR_DTOOT.png'
Saved 'cscZ_DTOOT.png'
Saved 'cscPhi_DTOOT.png'
Saved 'cscEta_DTOOT.png'
Saved 'cscSize_DTOOT.png'
Saved 'cscNStation10_DTOOT.png'
Saved 'cscMaxChamber_DTOOT.png'
Saved 'cscAvgStation10_DTOOT.png'
Saved 'cscMaxStation_DTOOT.png'
Saved 'cscMe11Ratio_DTOOT.png'
Saved 'cscMe12Ratio_DTOOT.png'

[92m+-----------------+
| Making DT Plots |
+-----------------+[0m
Saved 'dtJetVetoPt_DTOOT.png'
Saved 'dtMuonVetoPt_DTOOT.png'
Saved 'dtR_DTOOT.png'
Saved 'dtZ_DTOOT.png'
Saved 'dtPhi_DTOOT.png'
Saved 'dtEta_DTOOT.png'
Saved 'dtSize_DTOOT.png'
Saved 'dt_match_RPCBx_dPhi0p5_DTOOT.png'
Saved 'dtNStation10_DTOOT.png'
Saved 'dtAvgStation10_DTOOT.png'
Saved 'dtMaxStation_DTOOT.png'
Saved 'dtNHitStation1_DTOOT.png'
Saved 'dtMb1Ratio_DTOOT.png'

[92m+-------------------------+
| Making Event/2tag Plots |
+-------------------------+[0m
Saved 'tag_dEta_DTOOT.png'
Saved 'tag_dPhi_DTOOT.png'
Saved 'tag_dR_DTOOT.png'
Saved 'nCsc_DTOOT.png'
Saved 'nDt_DTOOT.png'
Saved 'met_DTOOT.png'
Saved 'runNum_DTOOT.png'
Saved 'cscR-dtR_DTOOT.png'

[92m+-----------------+
| Making 2D Plots |
+-----------------+[0m
Saved 'cscPhi_cscR_DTOOT.png'
Saved 'cscPhi_cscEta_DTOOT.png'
Saved 'cscEta_cscR_DTOOT.png'
Saved 'dtPhi_dtR_DTOOT.png'
Saved 'dtPhi_dtEta_DTOOT.png'
Saved 'dtEta_dtR_DTOOT.png'
Saved 'cscR_dtR_DTOOT.png'
Saved 'cscPhi_dtPhi_DTOOT.png'
Saved 'cscEta_dtEta_DTOOT.png'
Saved 'tag_dPhi_met_DTOOT.png'
Saved 'tag_dPhi_tag_dEta_DTOOT.png'
Saved 'tag_dPhi_tag_dR_DTOOT.png'
Saved 'tag_dEta_tag_dR_DTOOT.png'
Saved 'tag_dPhi_cscSize_DTOOT.png'
Saved 'tag_dPhi_cscPhi_DTOOT.png'
Saved 'tag_dPhi_cscEta_DTOOT.png'
Saved 'tag_dPhi_dtSize_DTOOT.png'
Saved 'tag_dPhi_dtPhi_DTOOT.png'
Saved 'tag_dPhi_dtEta_DTOOT.png'

[92m+-------------------+
| Making ABCD Plots |
+-------------------+[0m
Saved 'ABCD_000_DTOOT.png'
Saved 'ABCD_010_DTOOT.png'
Saved 'ABCD_020_DTOOT.png'
Saved 'ABCD_030_DTOOT.png'
Saved 'ABCD_040_DTOOT.png'
Saved 'ABCD_050_DTOOT.png'
Saved 'ABCD_060_DTOOT.png'
Saved 'ABCD_070_DTOOT.png'
Saved 'ABCD_080_DTOOT.png'
Saved 'ABCD_090_DTOOT.png'
Saved 'ABCD_100_DTOOT.png'

[92m+------------------------------+
| Performing ABCD Calculations |
+------------------------------+[0m
Saved 'closure_sig_DTOOT.png'
Saved 'closure_bkg_DTOOT.png'
+--------------------------------------------------------------------------------------------------------------+
|                                          ABCD (X: dPhi, Y: dtSize)                                           |
+--------+------++----------------+----------------+------------------+------------------+--------------+------+
|        | dPhi ||     Pred A     |       A        |        B         |        C         |      D       |  X2  |
+--------+------++----------------+----------------+------------------+------------------+--------------+------+
| Signal | 0.00 || 267.84 ± 43.64 | 176.39 ± 10.32 | 1,082.53 ± 25.57 |    117.19 ± 8.41 | 29.00 ± 4.19 | 4.16 |
| Data   |      ||   12.21 ± 1.88 |    7.00 ± 2.65 |   310.00 ± 17.61 | 1,295.00 ± 35.99 | 51.00 ± 7.14 | 2.58 |
+--------+------++----------------+----------------+------------------+------------------+--------------+------+
| Signal | 0.10 || 270.63 ± 45.07 | 176.39 ± 10.32 | 1,082.53 ± 25.57 |    111.15 ± 8.19 | 27.79 ± 4.10 | 4.15 |
| Data   |      ||    7.21 ± 2.14 |    7.00 ± 2.65 |   310.00 ± 17.61 |   516.00 ± 22.72 | 12.00 ± 3.46 | 0.00 |
+--------+------++----------------+----------------+------------------+------------------+--------------+------+
| Signal | 0.20 || 253.62 ± 44.41 | 176.39 ± 10.32 | 1,082.53 ± 25.57 |    105.72 ± 7.99 | 24.77 ± 3.87 | 2.87 |
| Data   |      ||    7.34 ± 2.66 |    7.00 ± 2.65 |   310.00 ± 17.61 |   338.00 ± 18.38 |  8.00 ± 2.83 | 0.01 |
+--------+------++----------------+----------------+------------------+------------------+--------------+------+
| Signal | 0.30 || 260.61 ± 46.89 | 176.39 ± 10.32 | 1,082.53 ± 25.57 |     97.86 ± 7.69 | 23.56 ± 3.77 | 3.08 |
| Data   |      ||    7.95 ± 3.08 |    7.00 ± 2.65 |   310.00 ± 17.61 |   273.00 ± 16.52 |  7.00 ± 2.65 | 0.05 |
+--------+------++----------------+----------------+------------------+------------------+--------------+------+
| Signal | 0.40 || 258.41 ± 47.67 | 176.39 ± 10.32 | 1,082.53 ± 25.57 |     93.63 ± 7.52 | 22.35 ± 3.67 | 2.83 |
| Data   |      ||    7.78 ± 3.25 |    7.00 ± 2.65 |   310.00 ± 17.61 |   239.00 ± 15.46 |  6.00 ± 2.45 | 0.03 |
+--------+------++----------------+----------------+------------------+------------------+--------------+------+
| Signal | 0.50 || 238.90 ± 47.00 | 176.39 ± 10.32 | 1,082.53 ± 25.57 |     87.59 ± 7.27 | 19.33 ± 3.42 | 1.69 |
| Data   |      ||    5.74 ± 2.92 |    7.00 ± 2.65 |   310.00 ± 17.61 |   216.00 ± 14.70 |  4.00 ± 2.00 | 0.10 |
+--------+------++----------------+----------------+------------------+------------------+--------------+------+
| Signal | 0.60 || 238.79 ± 48.50 | 176.39 ± 10.32 | 1,082.53 ± 25.57 |     82.16 ± 7.04 | 18.12 ± 3.31 | 1.58 |
| Data   |      ||    4.87 ± 2.85 |    7.00 ± 2.65 |   310.00 ± 17.61 |   191.00 ± 13.82 |  3.00 ± 1.73 | 0.30 |
+--------+------++----------------+----------------+------------------+------------------+--------------+------+
| Signal | 0.70 || 257.32 ± 53.51 | 176.39 ± 10.32 | 1,082.53 ± 25.57 |     73.70 ± 6.67 | 17.52 ± 3.25 | 2.21 |
| Data   |      ||    5.67 ± 3.32 |    7.00 ± 2.65 |   310.00 ± 17.61 |   164.00 ± 12.81 |  3.00 ± 1.73 | 0.10 |
+--------+------++----------------+----------------+------------------+------------------+--------------+------+
| Signal | 0.80 || 255.31 ± 57.09 | 176.39 ± 10.32 | 1,082.53 ± 25.57 |     64.03 ± 6.22 | 15.10 ± 3.02 | 1.85 |
| Data   |      ||    6.55 ± 3.84 |    7.00 ± 2.65 |   310.00 ± 17.61 |   142.00 ± 11.92 |  3.00 ± 1.73 | 0.01 |
+--------+------++----------------+----------------+------------------+------------------+--------------+------+
| Signal | 0.90 || 285.50 ± 65.86 | 176.39 ± 10.32 | 1,082.53 ± 25.57 |     54.97 ± 5.76 | 14.50 ± 2.96 | 2.68 |
| Data   |      ||    5.30 ± 3.79 |    7.00 ± 2.65 |   310.00 ± 17.61 |   117.00 ± 10.82 |  2.00 ± 1.41 | 0.14 |
+--------+------++----------------+----------------+------------------+------------------+--------------+------+
| Signal | 1.00 || 294.02 ± 71.03 | 176.39 ± 10.32 | 1,082.53 ± 25.57 |     48.93 ± 5.44 | 13.29 ± 2.83 | 2.69 |
| Data   |      ||    6.14 ± 4.40 |    7.00 ± 2.65 |   310.00 ± 17.61 |   101.00 ± 10.05 |  2.00 ± 1.41 | 0.03 |
+--------+------++----------------+----------------+------------------+------------------+--------------+------+
+-----------------------------------------------------------------------------------------------------+
|                                      ABCD (X: dPhi, Y: dtSize)                                      |
+------+------++--------------+-------------+----------------+------------------+--------------+------+
|      | dPhi ||    Pred A    |      A      |       B        |        C         |      D       |  X2  |
+------+------++--------------+-------------+----------------+------------------+--------------+------+
| Data | 0.00 || 12.21 ± 1.88 | 7.00 ± 2.65 | 310.00 ± 17.61 | 1,295.00 ± 35.99 | 51.00 ± 7.14 | 2.58 |
| Data | 0.10 ||  7.21 ± 2.14 | 7.00 ± 2.65 | 310.00 ± 17.61 |   516.00 ± 22.72 | 12.00 ± 3.46 | 0.00 |
| Data | 0.20 ||  7.34 ± 2.66 | 7.00 ± 2.65 | 310.00 ± 17.61 |   338.00 ± 18.38 |  8.00 ± 2.83 | 0.01 |
| Data | 0.30 ||  7.95 ± 3.08 | 7.00 ± 2.65 | 310.00 ± 17.61 |   273.00 ± 16.52 |  7.00 ± 2.65 | 0.05 |
| Data | 0.40 ||  7.78 ± 3.25 | 7.00 ± 2.65 | 310.00 ± 17.61 |   239.00 ± 15.46 |  6.00 ± 2.45 | 0.03 |
| Data | 0.50 ||  5.74 ± 2.92 | 7.00 ± 2.65 | 310.00 ± 17.61 |   216.00 ± 14.70 |  4.00 ± 2.00 | 0.10 |
| Data | 0.60 ||  4.87 ± 2.85 | 7.00 ± 2.65 | 310.00 ± 17.61 |   191.00 ± 13.82 |  3.00 ± 1.73 | 0.30 |
| Data | 0.70 ||  5.67 ± 3.32 | 7.00 ± 2.65 | 310.00 ± 17.61 |   164.00 ± 12.81 |  3.00 ± 1.73 | 0.10 |
| Data | 0.80 ||  6.55 ± 3.84 | 7.00 ± 2.65 | 310.00 ± 17.61 |   142.00 ± 11.92 |  3.00 ± 1.73 | 0.01 |
| Data | 0.90 ||  5.30 ± 3.79 | 7.00 ± 2.65 | 310.00 ± 17.61 |   117.00 ± 10.82 |  2.00 ± 1.41 | 0.14 |
| Data | 1.00 ||  6.14 ± 4.40 | 7.00 ± 2.65 | 310.00 ± 17.61 |   101.00 ± 10.05 |  2.00 ± 1.41 | 0.03 |
+------+------++--------------+-------------+----------------+------------------+--------------+------+
Saved 'closure_scan_dphi_DTOOT.png'
Saved 'closure_scan_dtsize_DTOOT.png'
Saved 'closure_scan_min_dphi_DTOOT.png'
Saved 'closure_scan_min_cscsize_DTOOT.png'
Saved 'closure_scan_dtastn_lower_DTOOT.png'
Saved 'closure_scan_dtastn_upper_DTOOT.png'

[92m+------------------+
| Making ROC Plots |
+------------------+[0m
+---------------------------------------------------------------------------------------+
|                               Evaluating Discriminators                               |
+---------------++-------+--------+---------+-----------+---------+-----------+---------+
|               ||  AUC  | S/√[B] | Thresh  |    Sig    | Sig Eff |    Bkg    | Bkg Eff |
+---------------++-------+--------+---------+-----------+---------+-----------+---------+
| cscNStation10 || 0.515 | 25.999 |   1.000 |   713.425 |   0.508 |   753.000 |   0.450 |
| dtNStation10  || 0.607 | 33.759 |   1.000 |   630.668 |   0.449 |   349.000 |   0.209 |
| tag_dEta      || 0.417 | 34.349 |   0.003 | 1,404.514 |   1.000 | 1,672.000 |   1.000 |
| dtPhi.abs     || 0.524 | 35.361 |   0.095 | 1,364.037 |   0.971 | 1,488.000 |   0.890 |
| cscSize       || 0.685 | 38.017 | 285.180 | 1,118.762 |   0.796 |   866.000 |   0.518 |
| dtSize        || 0.694 | 38.618 | 122.600 |   592.008 |   0.421 |   235.000 |   0.141 |
| tag_dR        || 0.888 | 77.313 |   2.763 |   987.067 |   0.702 |   163.000 |   0.097 |
| tag_dPhi      || 0.929 | 93.927 |   2.670 |   834.842 |   0.594 |    79.000 |   0.047 |
| met           || 0.657 | 95.446 | 125.271 |    95.446 |   0.068 |     1.000 |   0.001 |
+---------------++-------+--------+---------+-----------+---------+-----------+---------+
Saved 'rocs_DTOOT.png'

[96m#=======================#
# Finished train_bdt.py #
#=======================#[0m
