[96m#=======================#
# Starting train_bdt.py #
#=======================#[0m
[96m  VERBOSE      = True[0m
[96m  SAVE_STAT    = 'BLINDSR'[0m
[96m  OUT_DIR      = 'reports/weekly/2023-09-21c/neither_BLINDSR'[0m
[96m  BLIND_TYPE   = 'BLINDSR'[0m
[96m  TRAIN_BDT    = False[0m
[96m  TEST_SIZE    = 0.8[0m
[96m  N_EVENTS     = -1[0m
[96m  DATA_VERSION = 6[0m
[96m  LUMI         = 23,020.0[0m
[96m  DATA_DIR     = 'LOCAL'[0m

[92m+------------------------+
| Building MuonSystem(s) |
+------------------------+[0m
Building MuonSystemAwkward 'Signal' -
  is_mc  = True
  events = -1
  tree   = 'MuonSystem'
  file   = '/home/psimmerl/LLP/mdc_analysis/data/raw/ggH_HToSSTobbbb_MH-125_MS-15_CTau1000_13p6TeV_1pb_weighted_v6.root'
  Extracted 1,851,400 events
Building MuonSystemAwkward 'Data' -
  is_mc  = False
  events = -1
  tree   = 'MuonSystem_HLT569'
  file   = '/home/psimmerl/LLP/mdc_analysis/data/raw/../processed/r3_hlt569.rdf'
  Extracted 1,038,214 events

[92m+-----------------------+
| Cutting MuonSystem(s) |
+-----------------------+[0m
Finished cut 'match'
Finished cut 'HLT'
Finished cut 'CSC&DT>0'
Finished cut 'L1'
Finished cut 'CSCIT'
Finished cut 'DTIT'
Finished cut 'MB1'
Finished cut 'JET'
Finished cut '1CSC1DT'
Finished cut 'BLINDSR'
+----------------------------------------------------+
| MuonSystem Cuts (req. CSC>0 & DT>0 after each cut) |
+----------++-------------------+--------------------+
|          ||   Signal (eff.)   |    Data (eff.)     |
+----------++-------------------+--------------------+
| read     ||       1,135,129.9 |        1,038,214.0 |
| match    ||          21,268.8 |                    |
+----------++-------------------+--------------------+
| HLT      ||          21,268.8 |        1,038,214.0 |
| CSC&DT>0 || 21,268.8 (1.0000) | 470,008.0 (1.0000) |
| L1       ||  7,637.4 (0.3658) |  27,679.0 (0.0453) |
| CSCIT    ||  7,577.6 (0.9713) |  15,963.0 (0.3971) |
| DTIT     ||  7,453.7 (0.9835) |   2,828.0 (0.2473) |
| MB1      ||  1,886.6 (0.2720) |     821.0 (0.3724) |
| JET      ||  1,405.1 (0.6138) |     199.0 (0.4764) |
| 1CSC1DT  ||  1,405.1 (0.0661) |     197.0 (0.0004) |
| BLINDSR  ||                   |     196.0 (1.0000) |
+----------++-------------------+--------------------+

[92m+------------------+
| Making CSC Plots |
+------------------+[0m
Saved 'cscMuonVetoPt_BLINDSR.png'
Saved 'cscJetVetoPt_BLINDSR.png'
Saved 'cscR_BLINDSR.png'
Saved 'cscZ_BLINDSR.png'
Saved 'cscPhi_BLINDSR.png'
Saved 'cscEta_BLINDSR.png'
Saved 'cscSize_BLINDSR.png'
Saved 'cscNStation10_BLINDSR.png'
Saved 'cscMaxChamber_BLINDSR.png'
Saved 'cscAvgStation10_BLINDSR.png'
Saved 'cscMaxStation_BLINDSR.png'
Saved 'cscMe11Ratio_BLINDSR.png'
Saved 'cscMe12Ratio_BLINDSR.png'

[92m+-----------------+
| Making DT Plots |
+-----------------+[0m
Saved 'dtJetVetoPt_BLINDSR.png'
Saved 'dtMuonVetoPt_BLINDSR.png'
Saved 'dtR_BLINDSR.png'
Saved 'dtZ_BLINDSR.png'
Saved 'dtPhi_BLINDSR.png'
Saved 'dtEta_BLINDSR.png'
Saved 'dtSize_BLINDSR.png'
Saved 'dt_match_RPCBx_dPhi0p5_BLINDSR.png'
Saved 'dtNStation10_BLINDSR.png'
Saved 'dtAvgStation10_BLINDSR.png'
Saved 'dtMaxStation_BLINDSR.png'
Saved 'dtNHitStation1_BLINDSR.png'
Saved 'dtMb1Ratio_BLINDSR.png'

[92m+-------------------------+
| Making Event/2tag Plots |
+-------------------------+[0m
Saved 'tag_dEta_BLINDSR.png'
Saved 'tag_dPhi_BLINDSR.png'
Saved 'tag_dR_BLINDSR.png'
Saved 'nCsc_BLINDSR.png'
Saved 'nDt_BLINDSR.png'
Saved 'met_BLINDSR.png'
Saved 'runNum_BLINDSR.png'
Saved 'cscR-dtR_BLINDSR.png'

[92m+-----------------+
| Making 2D Plots |
+-----------------+[0m
Saved 'cscPhi_cscR_BLINDSR.png'
Saved 'cscPhi_cscEta_BLINDSR.png'
Saved 'cscEta_cscR_BLINDSR.png'
Saved 'dtPhi_dtR_BLINDSR.png'
Saved 'dtPhi_dtEta_BLINDSR.png'
Saved 'dtEta_dtR_BLINDSR.png'
Saved 'cscR_dtR_BLINDSR.png'
Saved 'cscPhi_dtPhi_BLINDSR.png'
Saved 'cscEta_dtEta_BLINDSR.png'
Saved 'tag_dPhi_met_BLINDSR.png'
Saved 'tag_dPhi_tag_dEta_BLINDSR.png'
Saved 'tag_dPhi_tag_dR_BLINDSR.png'
Saved 'tag_dEta_tag_dR_BLINDSR.png'
Saved 'tag_dPhi_cscSize_BLINDSR.png'
Saved 'tag_dPhi_cscPhi_BLINDSR.png'
Saved 'tag_dPhi_cscEta_BLINDSR.png'
Saved 'tag_dPhi_dtSize_BLINDSR.png'
Saved 'tag_dPhi_dtPhi_BLINDSR.png'
Saved 'tag_dPhi_dtEta_BLINDSR.png'

[92m+-------------------+
| Making ABCD Plots |
+-------------------+[0m
Saved 'ABCD_000_BLINDSR.png'
Saved 'ABCD_010_BLINDSR.png'
Saved 'ABCD_020_BLINDSR.png'
Saved 'ABCD_030_BLINDSR.png'
Saved 'ABCD_040_BLINDSR.png'
Saved 'ABCD_050_BLINDSR.png'
Saved 'ABCD_060_BLINDSR.png'
Saved 'ABCD_070_BLINDSR.png'
Saved 'ABCD_080_BLINDSR.png'
Saved 'ABCD_090_BLINDSR.png'
Saved 'ABCD_100_BLINDSR.png'

[92m+------------------------------+
| Performing ABCD Calculations |
+------------------------------+[0m
Saved 'closure_sig_BLINDSR.png'
Saved 'closure_bkg_BLINDSR.png'
+------------------------------------------------------------------------------------------------------------+
|                                         ABCD (X: dPhi, Y: dtSize)                                          |
+--------+------++----------------+----------------+------------------+----------------+--------------+------+
|        | dPhi ||     Pred A     |       A        |        B         |       C        |      D       |  X2  |
+--------+------++----------------+----------------+------------------+----------------+--------------+------+
| Signal | 0.00 || 267.84 ± 43.64 | 176.39 ± 10.32 | 1,082.53 ± 25.57 |  117.19 ± 8.41 | 29.00 ± 4.19 | 4.16 |
| Data   |      ||    5.26 ± 1.93 |                |     69.00 ± 8.31 | 118.00 ± 10.86 |  9.00 ± 3.00 |      |
+--------+------++----------------+----------------+------------------+----------------+--------------+------+
| Signal | 0.10 || 270.63 ± 45.07 | 176.39 ± 10.32 | 1,082.53 ± 25.57 |  111.15 ± 8.19 | 27.79 ± 4.10 | 4.15 |
| Data   |      ||    3.49 ± 1.84 |                |     69.00 ± 8.31 |   79.00 ± 8.89 |  4.00 ± 2.00 |      |
+--------+------++----------------+----------------+------------------+----------------+--------------+------+
| Signal | 0.20 || 253.62 ± 44.41 | 176.39 ± 10.32 | 1,082.53 ± 25.57 |  105.72 ± 7.99 | 24.77 ± 3.87 | 2.87 |
| Data   |      ||    3.94 ± 2.08 |                |     69.00 ± 8.31 |   70.00 ± 8.37 |  4.00 ± 2.00 |      |
+--------+------++----------------+----------------+------------------+----------------+--------------+------+
| Signal | 0.30 || 260.61 ± 46.89 | 176.39 ± 10.32 | 1,082.53 ± 25.57 |   97.86 ± 7.69 | 23.56 ± 3.77 | 3.08 |
| Data   |      ||    4.12 ± 2.18 |                |     69.00 ± 8.31 |   67.00 ± 8.19 |  4.00 ± 2.00 |      |
+--------+------++----------------+----------------+------------------+----------------+--------------+------+
| Signal | 0.40 || 258.41 ± 47.67 | 176.39 ± 10.32 | 1,082.53 ± 25.57 |   93.63 ± 7.52 | 22.35 ± 3.67 | 2.83 |
| Data   |      ||    3.34 ± 2.01 |                |     69.00 ± 8.31 |   62.00 ± 7.87 |  3.00 ± 1.73 |      |
+--------+------++----------------+----------------+------------------+----------------+--------------+------+
| Signal | 0.50 || 238.90 ± 47.00 | 176.39 ± 10.32 | 1,082.53 ± 25.57 |   87.59 ± 7.27 | 19.33 ± 3.42 | 1.69 |
| Data   |      ||    2.56 ± 1.87 |                |     69.00 ± 8.31 |   54.00 ± 7.35 |  2.00 ± 1.41 |      |
+--------+------++----------------+----------------+------------------+----------------+--------------+------+
| Signal | 0.60 || 238.79 ± 48.50 | 176.39 ± 10.32 | 1,082.53 ± 25.57 |   82.16 ± 7.04 | 18.12 ± 3.31 | 1.58 |
| Data   |      ||    2.82 ± 2.06 |                |     69.00 ± 8.31 |   49.00 ± 7.00 |  2.00 ± 1.41 |      |
+--------+------++----------------+----------------+------------------+----------------+--------------+------+
| Signal | 0.70 || 257.32 ± 53.51 | 176.39 ± 10.32 | 1,082.53 ± 25.57 |   73.70 ± 6.67 | 17.52 ± 3.25 | 2.21 |
| Data   |      ||    3.00 ± 2.20 |                |     69.00 ± 8.31 |   46.00 ± 6.78 |  2.00 ± 1.41 |      |
+--------+------++----------------+----------------+------------------+----------------+--------------+------+
| Signal | 0.80 || 255.31 ± 57.09 | 176.39 ± 10.32 | 1,082.53 ± 25.57 |   64.03 ± 6.22 | 15.10 ± 3.02 | 1.85 |
| Data   |      ||    3.37 ± 2.47 |                |     69.00 ± 8.31 |   41.00 ± 6.40 |  2.00 ± 1.41 |      |
+--------+------++----------------+----------------+------------------+----------------+--------------+------+
| Signal | 0.90 || 285.50 ± 65.86 | 176.39 ± 10.32 | 1,082.53 ± 25.57 |   54.97 ± 5.76 | 14.50 ± 2.96 | 2.68 |
| Data   |      ||                |                |     69.00 ± 8.31 |   36.00 ± 6.00 |  0.00 ± 0.00 |      |
+--------+------++----------------+----------------+------------------+----------------+--------------+------+
| Signal | 1.00 || 294.02 ± 71.03 | 176.39 ± 10.32 | 1,082.53 ± 25.57 |   48.93 ± 5.44 | 13.29 ± 2.83 | 2.69 |
| Data   |      ||                |                |     69.00 ± 8.31 |   31.00 ± 5.57 |  0.00 ± 0.00 |      |
+--------+------++----------------+----------------+------------------+----------------+--------------+------+
+-------------------------------------------------------------------------------------+
|                              ABCD (X: dPhi, Y: dtSize)                              |
+------+------++-------------+-----+--------------+----------------+-------------+----+
|      | dPhi ||   Pred A    |  A  |      B       |       C        |      D      | X2 |
+------+------++-------------+-----+--------------+----------------+-------------+----+
| Data | 0.00 || 5.26 ± 1.93 |     | 69.00 ± 8.31 | 118.00 ± 10.86 | 9.00 ± 3.00 |    |
| Data | 0.10 || 3.49 ± 1.84 |     | 69.00 ± 8.31 |   79.00 ± 8.89 | 4.00 ± 2.00 |    |
| Data | 0.20 || 3.94 ± 2.08 |     | 69.00 ± 8.31 |   70.00 ± 8.37 | 4.00 ± 2.00 |    |
| Data | 0.30 || 4.12 ± 2.18 |     | 69.00 ± 8.31 |   67.00 ± 8.19 | 4.00 ± 2.00 |    |
| Data | 0.40 || 3.34 ± 2.01 |     | 69.00 ± 8.31 |   62.00 ± 7.87 | 3.00 ± 1.73 |    |
| Data | 0.50 || 2.56 ± 1.87 |     | 69.00 ± 8.31 |   54.00 ± 7.35 | 2.00 ± 1.41 |    |
| Data | 0.60 || 2.82 ± 2.06 |     | 69.00 ± 8.31 |   49.00 ± 7.00 | 2.00 ± 1.41 |    |
| Data | 0.70 || 3.00 ± 2.20 |     | 69.00 ± 8.31 |   46.00 ± 6.78 | 2.00 ± 1.41 |    |
| Data | 0.80 || 3.37 ± 2.47 |     | 69.00 ± 8.31 |   41.00 ± 6.40 | 2.00 ± 1.41 |    |
| Data | 0.90 ||             |     | 69.00 ± 8.31 |   36.00 ± 6.00 | 0.00 ± 0.00 |    |
| Data | 1.00 ||             |     | 69.00 ± 8.31 |   31.00 ± 5.57 | 0.00 ± 0.00 |    |
+------+------++-------------+-----+--------------+----------------+-------------+----+
Saved 'closure_scan_dphi_BLINDSR.png'
Saved 'closure_scan_dtsize_BLINDSR.png'
Saved 'closure_scan_min_dphi_BLINDSR.png'
Saved 'closure_scan_min_cscsize_BLINDSR.png'
Saved 'closure_scan_dtastn_lower_BLINDSR.png'
Saved 'closure_scan_dtastn_upper_BLINDSR.png'

[92m+------------------+
| Making ROC Plots |
+------------------+[0m
+--------------------------------------------------------------------------------------+
|                              Evaluating Discriminators                               |
+---------------++-------+---------+---------+-----------+---------+---------+---------+
|               ||  AUC  | S/√[B]  | Thresh  |    Sig    | Sig Eff |   Bkg   | Bkg Eff |
+---------------++-------+---------+---------+-----------+---------+---------+---------+
| dtNStation10  || 0.405 |  60.686 |   1.000 |   630.668 |   0.449 | 108.000 |   0.551 |
| cscNStation10 || 0.588 |  90.605 |   1.000 |   713.425 |   0.508 |  62.000 |   0.316 |
| dtPhi.abs     || 0.480 | 100.322 |   0.003 | 1,404.514 |   1.000 | 196.000 |   1.000 |
| tag_dEta      || 0.519 | 100.974 |   0.244 | 1,391.827 |   0.991 | 190.000 |   0.969 |
| dtSize        || 0.687 | 109.397 |  70.650 | 1,136.886 |   0.809 | 108.000 |   0.551 |
| cscSize       || 0.678 | 109.449 | 259.300 | 1,203.944 |   0.857 | 121.000 |   0.617 |
| met           || 0.652 | 184.248 |  92.295 |   184.248 |   0.131 |   1.000 |   0.005 |
| tag_dR        || 0.860 | 197.882 |   2.810 |   949.011 |   0.675 |  23.000 |   0.117 |
| tag_dPhi      || 0.886 | 269.553 |   2.827 |   660.268 |   0.470 |   6.000 |   0.031 |
+---------------++-------+---------+---------+-----------+---------+---------+---------+
Saved 'rocs_BLINDSR.png'

[96m#=======================#
# Finished train_bdt.py #
#=======================#[0m
