[96m#=======================#
# Starting train_bdt.py #
#=======================#[0m
[96m  VERBOSE      = True[0m
[96m  SAVE_STAT    = 'DTOOT'[0m
[96m  OUT_DIR      = 'reports/weekly/2023-09-21c/nodphi_DTOOT'[0m
[96m  BLIND_TYPE   = 'DTOOT'[0m
[96m  TRAIN_BDT    = False[0m
[96m  TEST_SIZE    = 0.8[0m
[96m  N_EVENTS     = -1[0m
[96m  DATA_VERSION = 6[0m
[96m  LUMI         = 23,020.0[0m
[96m  DATA_DIR     = 'LOCAL'[0m

[92m+------------------------+
| Building MuonSystem(s) |
+------------------------+[0m
Building MuonSystemAwkward 'Signal' -
  is_mc  = True
  events = -1
  tree   = 'MuonSystem'
  file   = '/home/psimmerl/LLP/mdc_analysis/data/raw/ggH_HToSSTobbbb_MH-125_MS-15_CTau1000_13p6TeV_1pb_weighted_v6.root'
  Extracted 1,851,400 events
Building MuonSystemAwkward 'Data' -
  is_mc  = False
  events = -1
  tree   = 'MuonSystem_HLT569'
  file   = '/home/psimmerl/LLP/mdc_analysis/data/raw/../processed/r3_hlt569.rdf'
  Extracted 1,038,214 events

[92m+-----------------------+
| Cutting MuonSystem(s) |
+-----------------------+[0m
Finished cut 'match'
Finished cut 'HLT'
Finished cut 'CSC&DT>0'
Finished cut 'L1'
Finished cut 'CSCIT'
Finished cut 'DTIT'
Finished cut 'MB1'
Finished cut 'JET'
Finished cut 'HALO'
Finished cut '1CSC1DT'
+----------------------------------------------------+
| MuonSystem Cuts (req. CSC>0 & DT>0 after each cut) |
+----------++-------------------+--------------------+
|          ||   Signal (eff.)   |    Data (eff.)     |
+----------++-------------------+--------------------+
| read     ||       1,135,129.9 |        1,038,214.0 |
| match    ||          21,268.8 |                    |
+----------++-------------------+--------------------+
| HLT      ||          21,268.8 |        1,038,214.0 |
| CSC&DT>0 || 21,268.8 (1.0000) | 470,008.0 (1.0000) |
| L1       ||  7,637.4 (0.3658) |  27,679.0 (0.0453) |
| CSCIT    ||  7,577.6 (0.9713) |  15,963.0 (0.3971) |
| DTIT/OOT ||  7,453.7 (0.9835) |  14,269.0 (0.7527) |
| MB1      ||  1,886.6 (0.2720) |   5,823.0 (0.3724) |
| JET      ||  1,405.1 (0.6138) |   1,717.0 (0.4764) |
| HALO     ||  1,023.9 (0.7464) |     970.0 (0.6942) |
| 1CSC1DT  ||  1,023.9 (0.0481) |     948.0 (0.0020) |
+----------++-------------------+--------------------+

[92m+------------------+
| Making CSC Plots |
+------------------+[0m
Saved 'cscMuonVetoPt_DTOOT.png'
Saved 'cscJetVetoPt_DTOOT.png'
Saved 'cscR_DTOOT.png'
Saved 'cscZ_DTOOT.png'
Saved 'cscPhi_DTOOT.png'
Saved 'cscEta_DTOOT.png'
Saved 'cscSize_DTOOT.png'
Saved 'cscNStation10_DTOOT.png'
Saved 'cscMaxChamber_DTOOT.png'
Saved 'cscAvgStation10_DTOOT.png'
Saved 'cscMaxStation_DTOOT.png'
Saved 'cscMe11Ratio_DTOOT.png'
Saved 'cscMe12Ratio_DTOOT.png'

[92m+-----------------+
| Making DT Plots |
+-----------------+[0m
Saved 'dtJetVetoPt_DTOOT.png'
Saved 'dtMuonVetoPt_DTOOT.png'
Saved 'dtR_DTOOT.png'
Saved 'dtZ_DTOOT.png'
Saved 'dtPhi_DTOOT.png'
Saved 'dtEta_DTOOT.png'
Saved 'dtSize_DTOOT.png'
Saved 'dt_match_RPCBx_dPhi0p5_DTOOT.png'
Saved 'dtNStation10_DTOOT.png'
Saved 'dtAvgStation10_DTOOT.png'
Saved 'dtMaxStation_DTOOT.png'
Saved 'dtNHitStation1_DTOOT.png'
Saved 'dtMb1Ratio_DTOOT.png'

[92m+-------------------------+
| Making Event/2tag Plots |
+-------------------------+[0m
Saved 'tag_dEta_DTOOT.png'
Saved 'tag_dPhi_DTOOT.png'
Saved 'tag_dR_DTOOT.png'
Saved 'nCsc_DTOOT.png'
Saved 'nDt_DTOOT.png'
Saved 'met_DTOOT.png'
Saved 'runNum_DTOOT.png'
Saved 'cscR-dtR_DTOOT.png'

[92m+-----------------+
| Making 2D Plots |
+-----------------+[0m
Saved 'cscPhi_cscR_DTOOT.png'
Saved 'cscPhi_cscEta_DTOOT.png'
Saved 'cscEta_cscR_DTOOT.png'
Saved 'dtPhi_dtR_DTOOT.png'
Saved 'dtPhi_dtEta_DTOOT.png'
Saved 'dtEta_dtR_DTOOT.png'
Saved 'cscR_dtR_DTOOT.png'
Saved 'cscPhi_dtPhi_DTOOT.png'
Saved 'cscEta_dtEta_DTOOT.png'
Saved 'tag_dPhi_met_DTOOT.png'
Saved 'tag_dPhi_tag_dEta_DTOOT.png'
Saved 'tag_dPhi_tag_dR_DTOOT.png'
Saved 'tag_dEta_tag_dR_DTOOT.png'
Saved 'tag_dPhi_cscSize_DTOOT.png'
Saved 'tag_dPhi_cscPhi_DTOOT.png'
Saved 'tag_dPhi_cscEta_DTOOT.png'
Saved 'tag_dPhi_dtSize_DTOOT.png'
Saved 'tag_dPhi_dtPhi_DTOOT.png'
Saved 'tag_dPhi_dtEta_DTOOT.png'

[92m+-------------------+
| Making ABCD Plots |
+-------------------+[0m
Saved 'ABCD_000_DTOOT.png'
Saved 'ABCD_010_DTOOT.png'
Saved 'ABCD_020_DTOOT.png'
Saved 'ABCD_030_DTOOT.png'
Saved 'ABCD_040_DTOOT.png'
Saved 'ABCD_050_DTOOT.png'
Saved 'ABCD_060_DTOOT.png'
Saved 'ABCD_070_DTOOT.png'
Saved 'ABCD_080_DTOOT.png'
Saved 'ABCD_090_DTOOT.png'
Saved 'ABCD_100_DTOOT.png'

[92m+------------------------------+
| Performing ABCD Calculations |
+------------------------------+[0m
Saved 'closure_sig_DTOOT.png'
Saved 'closure_bkg_DTOOT.png'
+---------------------------------------------------------------------------------------------------------+
|                                        ABCD (X: dPhi, Y: dtSize)                                        |
+--------+------++----------------+---------------+----------------+----------------+--------------+------+
|        | dPhi ||     Pred A     |       A       |       B        |       C        |      D       |  X2  |
+--------+------++----------------+---------------+----------------+----------------+--------------+------+
| Signal | 0.00 || 203.97 ± 39.07 | 128.07 ± 8.80 | 792.57 ± 21.88 |   82.16 ± 7.04 | 21.14 ± 3.57 | 3.59 |
| Data   |      ||    6.17 ± 1.46 |   3.00 ± 1.73 | 217.00 ± 14.73 | 703.00 ± 26.51 | 20.00 ± 4.47 | 1.96 |
+--------+------++----------------+---------------+----------------+----------------+--------------+------+
| Signal | 0.10 || 213.87 ± 41.75 | 128.07 ± 8.80 | 792.57 ± 21.88 |   76.12 ± 6.78 | 20.54 ± 3.52 | 4.04 |
| Data   |      ||    3.78 ± 1.58 |   3.00 ± 1.73 | 217.00 ± 14.73 | 344.00 ± 18.55 |  6.00 ± 2.45 | 0.11 |
+--------+------++----------------+---------------+----------------+----------------+--------------+------+
| Signal | 0.20 || 198.14 ± 40.81 | 128.07 ± 8.80 | 792.57 ± 21.88 |   72.49 ± 6.62 | 18.12 ± 3.31 | 2.82 |
| Data   |      ||    4.64 ± 2.12 |   3.00 ± 1.73 | 217.00 ± 14.73 | 234.00 ± 15.30 |  5.00 ± 2.24 | 0.36 |
+--------+------++----------------+---------------+----------------+----------------+--------------+------+
| Signal | 0.30 || 207.07 ± 43.56 | 128.07 ± 8.80 | 792.57 ± 21.88 |   67.05 ± 6.36 | 17.52 ± 3.25 | 3.16 |
| Data   |      ||    5.65 ± 2.59 |   3.00 ± 1.73 | 217.00 ± 14.73 | 192.00 ± 13.86 |  5.00 ± 2.24 | 0.72 |
+--------+------++----------------+---------------+----------------+----------------+--------------+------+
| Signal | 0.40 || 211.35 ± 45.33 | 128.07 ± 8.80 | 792.57 ± 21.88 |   63.43 ± 6.19 | 16.91 ± 3.20 | 3.25 |
| Data   |      ||    5.05 ± 2.58 |   3.00 ± 1.73 | 217.00 ± 14.73 | 172.00 ± 13.11 |  4.00 ± 2.00 | 0.43 |
+--------+------++----------------+---------------+----------------+----------------+--------------+------+
| Signal | 0.50 || 187.93 ± 43.89 | 128.07 ± 8.80 | 792.57 ± 21.88 |   58.60 ± 5.95 | 13.89 ± 2.90 | 1.79 |
| Data   |      ||    2.80 ± 2.00 |   3.00 ± 1.73 | 217.00 ± 14.73 | 155.00 ± 12.45 |  2.00 ± 1.41 | 0.01 |
+--------+------++----------------+---------------+----------------+----------------+--------------+------+
| Signal | 0.60 || 180.91 ± 44.04 | 128.07 ± 8.80 | 792.57 ± 21.88 |   55.58 ± 5.79 | 12.69 ± 2.77 | 1.38 |
| Data   |      ||    3.12 ± 2.23 |   3.00 ± 1.73 | 217.00 ± 14.73 | 139.00 ± 11.79 |  2.00 ± 1.41 | 0.00 |
+--------+------++----------------+---------------+----------------+----------------+--------------+------+
| Signal | 0.70 || 190.98 ± 47.86 | 128.07 ± 8.80 | 792.57 ± 21.88 |   50.14 ± 5.50 | 12.08 ± 2.70 | 1.67 |
| Data   |      ||    3.59 ± 2.57 |   3.00 ± 1.73 | 217.00 ± 14.73 | 121.00 ± 11.00 |  2.00 ± 1.41 | 0.04 |
+--------+------++----------------+---------------+----------------+----------------+--------------+------+
| Signal | 0.80 || 184.57 ± 49.97 | 128.07 ± 8.80 | 792.57 ± 21.88 |   44.10 ± 5.16 | 10.27 ± 2.49 | 1.24 |
| Data   |      ||    4.17 ± 2.99 |   3.00 ± 1.73 | 217.00 ± 14.73 | 104.00 ± 10.20 |  2.00 ± 1.41 | 0.12 |
+--------+------++----------------+---------------+----------------+----------------+--------------+------+
| Signal | 0.90 || 207.89 ± 58.67 | 128.07 ± 8.80 | 792.57 ± 21.88 |   36.85 ± 4.72 |  9.67 ± 2.42 | 1.81 |
| Data   |      ||    2.55 ± 2.57 |   3.00 ± 1.73 | 217.00 ± 14.73 |   85.00 ± 9.22 |  1.00 ± 1.00 | 0.02 |
+--------+------++----------------+---------------+----------------+----------------+--------------+------+
| Signal | 1.00 || 198.14 ± 59.46 | 128.07 ± 8.80 | 792.57 ± 21.88 |   33.83 ± 4.52 |  8.46 ± 2.26 | 1.36 |
| Data   |      ||    2.97 ± 3.00 |   3.00 ± 1.73 | 217.00 ± 14.73 |   73.00 ± 8.54 |  1.00 ± 1.00 | 0.00 |
+--------+------++----------------+---------------+----------------+----------------+--------------+------+
+--------------------------------------------------------------------------------------------------+
|                                    ABCD (X: dPhi, Y: dtSize)                                     |
+------+------++-------------+-------------+----------------+----------------+--------------+------+
|      | dPhi ||   Pred A    |      A      |       B        |       C        |      D       |  X2  |
+------+------++-------------+-------------+----------------+----------------+--------------+------+
| Data | 0.00 || 6.17 ± 1.46 | 3.00 ± 1.73 | 217.00 ± 14.73 | 703.00 ± 26.51 | 20.00 ± 4.47 | 1.96 |
| Data | 0.10 || 3.78 ± 1.58 | 3.00 ± 1.73 | 217.00 ± 14.73 | 344.00 ± 18.55 |  6.00 ± 2.45 | 0.11 |
| Data | 0.20 || 4.64 ± 2.12 | 3.00 ± 1.73 | 217.00 ± 14.73 | 234.00 ± 15.30 |  5.00 ± 2.24 | 0.36 |
| Data | 0.30 || 5.65 ± 2.59 | 3.00 ± 1.73 | 217.00 ± 14.73 | 192.00 ± 13.86 |  5.00 ± 2.24 | 0.72 |
| Data | 0.40 || 5.05 ± 2.58 | 3.00 ± 1.73 | 217.00 ± 14.73 | 172.00 ± 13.11 |  4.00 ± 2.00 | 0.43 |
| Data | 0.50 || 2.80 ± 2.00 | 3.00 ± 1.73 | 217.00 ± 14.73 | 155.00 ± 12.45 |  2.00 ± 1.41 | 0.01 |
| Data | 0.60 || 3.12 ± 2.23 | 3.00 ± 1.73 | 217.00 ± 14.73 | 139.00 ± 11.79 |  2.00 ± 1.41 | 0.00 |
| Data | 0.70 || 3.59 ± 2.57 | 3.00 ± 1.73 | 217.00 ± 14.73 | 121.00 ± 11.00 |  2.00 ± 1.41 | 0.04 |
| Data | 0.80 || 4.17 ± 2.99 | 3.00 ± 1.73 | 217.00 ± 14.73 | 104.00 ± 10.20 |  2.00 ± 1.41 | 0.12 |
| Data | 0.90 || 2.55 ± 2.57 | 3.00 ± 1.73 | 217.00 ± 14.73 |   85.00 ± 9.22 |  1.00 ± 1.00 | 0.02 |
| Data | 1.00 || 2.97 ± 3.00 | 3.00 ± 1.73 | 217.00 ± 14.73 |   73.00 ± 8.54 |  1.00 ± 1.00 | 0.00 |
+------+------++-------------+-------------+----------------+----------------+--------------+------+
Saved 'closure_scan_dphi_DTOOT.png'
Saved 'closure_scan_dtsize_DTOOT.png'
Saved 'closure_scan_min_dphi_DTOOT.png'
Saved 'closure_scan_min_cscsize_DTOOT.png'
Saved 'closure_scan_dtastn_lower_DTOOT.png'
Saved 'closure_scan_dtastn_upper_DTOOT.png'

[92m+------------------+
| Making ROC Plots |
+------------------+[0m
+-------------------------------------------------------------------------------------+
|                              Evaluating Discriminators                              |
+---------------++-------+--------+---------+-----------+---------+---------+---------+
|               ||  AUC  | S/√[B] | Thresh  |    Sig    | Sig Eff |   Bkg   | Bkg Eff |
+---------------++-------+--------+---------+-----------+---------+---------+---------+
| cscNStation10 || 0.543 | 26.992 |   1.000 |   530.998 |   0.519 | 387.000 |   0.408 |
| dtNStation10  || 0.562 | 27.799 |   1.000 |   448.238 |   0.438 | 260.000 |   0.274 |
| dtPhi.abs     || 0.537 | 33.236 |   0.401 | 1,023.311 |   0.999 | 948.000 |   1.000 |
| tag_dEta      || 0.421 | 33.253 |   0.085 | 1,023.311 |   0.999 | 947.000 |   0.999 |
| cscSize       || 0.695 | 37.092 | 264.800 |   869.878 |   0.850 | 550.000 |   0.580 |
| dtSize        || 0.727 | 42.616 | 137.120 |   353.999 |   0.346 |  69.000 |   0.073 |
| met           || 0.646 | 70.679 | 125.354 |    70.679 |   0.069 |   1.000 |   0.001 |
| tag_dR        || 0.880 | 71.940 |   2.917 |   631.272 |   0.617 |  77.000 |   0.081 |
| tag_dPhi      || 0.919 | 93.780 |   2.796 |   505.022 |   0.493 |  29.000 |   0.031 |
+---------------++-------+--------+---------+-----------+---------+---------+---------+
Saved 'rocs_DTOOT.png'

[96m#=======================#
# Finished train_bdt.py #
#=======================#[0m
