[96m#=======================#
# Starting train_bdt.py #
#=======================#[0m
[96m  VERBOSE      = True[0m
[96m  SAVE_STAT    = 'BLINDSR'[0m
[96m  OUT_DIR      = 'reports/weekly/2023-09-21c/nodphi_BLINDSR'[0m
[96m  BLIND_TYPE   = 'BLINDSR'[0m
[96m  TRAIN_BDT    = False[0m
[96m  TEST_SIZE    = 0.8[0m
[96m  N_EVENTS     = -1[0m
[96m  DATA_VERSION = 6[0m
[96m  LUMI         = 23,020.0[0m
[96m  DATA_DIR     = 'LOCAL'[0m

[92m+------------------------+
| Building MuonSystem(s) |
+------------------------+[0m
Building MuonSystemAwkward 'Signal' -
  is_mc  = True
  events = -1
  tree   = 'MuonSystem'
  file   = '/home/psimmerl/LLP/mdc_analysis/data/raw/ggH_HToSSTobbbb_MH-125_MS-15_CTau1000_13p6TeV_1pb_weighted_v6.root'
  Extracted 1,851,400 events
Building MuonSystemAwkward 'Data' -
  is_mc  = False
  events = -1
  tree   = 'MuonSystem_HLT569'
  file   = '/home/psimmerl/LLP/mdc_analysis/data/raw/../processed/r3_hlt569.rdf'
  Extracted 1,038,214 events

[92m+-----------------------+
| Cutting MuonSystem(s) |
+-----------------------+[0m
Finished cut 'match'
Finished cut 'HLT'
Finished cut 'CSC&DT>0'
Finished cut 'L1'
Finished cut 'CSCIT'
Finished cut 'DTIT'
Finished cut 'MB1'
Finished cut 'JET'
Finished cut 'HALO'
Finished cut '1CSC1DT'
Finished cut 'BLINDSR'
+----------------------------------------------------+
| MuonSystem Cuts (req. CSC>0 & DT>0 after each cut) |
+----------++-------------------+--------------------+
|          ||   Signal (eff.)   |    Data (eff.)     |
+----------++-------------------+--------------------+
| read     ||       1,135,129.9 |        1,038,214.0 |
| match    ||          21,268.8 |                    |
+----------++-------------------+--------------------+
| HLT      ||          21,268.8 |        1,038,214.0 |
| CSC&DT>0 || 21,268.8 (1.0000) | 470,008.0 (1.0000) |
| L1       ||  7,637.4 (0.3658) |  27,679.0 (0.0453) |
| CSCIT    ||  7,577.6 (0.9713) |  15,963.0 (0.3971) |
| DTIT     ||  7,453.7 (0.9835) |   2,828.0 (0.2473) |
| MB1      ||  1,886.6 (0.2720) |     821.0 (0.3724) |
| JET      ||  1,405.1 (0.6138) |     199.0 (0.4764) |
| HALO     ||  1,023.9 (0.7464) |     143.0 (0.6942) |
| 1CSC1DT  ||  1,023.9 (0.0481) |     142.0 (0.0003) |
| BLINDSR  ||                   |     141.0 (1.0000) |
+----------++-------------------+--------------------+

[92m+------------------+
| Making CSC Plots |
+------------------+[0m
Saved 'cscMuonVetoPt_BLINDSR.png'
Saved 'cscJetVetoPt_BLINDSR.png'
Saved 'cscR_BLINDSR.png'
Saved 'cscZ_BLINDSR.png'
Saved 'cscPhi_BLINDSR.png'
Saved 'cscEta_BLINDSR.png'
Saved 'cscSize_BLINDSR.png'
Saved 'cscNStation10_BLINDSR.png'
Saved 'cscMaxChamber_BLINDSR.png'
Saved 'cscAvgStation10_BLINDSR.png'
Saved 'cscMaxStation_BLINDSR.png'
Saved 'cscMe11Ratio_BLINDSR.png'
Saved 'cscMe12Ratio_BLINDSR.png'

[92m+-----------------+
| Making DT Plots |
+-----------------+[0m
Saved 'dtJetVetoPt_BLINDSR.png'
Saved 'dtMuonVetoPt_BLINDSR.png'
Saved 'dtR_BLINDSR.png'
Saved 'dtZ_BLINDSR.png'
Saved 'dtPhi_BLINDSR.png'
Saved 'dtEta_BLINDSR.png'
Saved 'dtSize_BLINDSR.png'
Saved 'dt_match_RPCBx_dPhi0p5_BLINDSR.png'
Saved 'dtNStation10_BLINDSR.png'
Saved 'dtAvgStation10_BLINDSR.png'
Saved 'dtMaxStation_BLINDSR.png'
Saved 'dtNHitStation1_BLINDSR.png'
Saved 'dtMb1Ratio_BLINDSR.png'

[92m+-------------------------+
| Making Event/2tag Plots |
+-------------------------+[0m
Saved 'tag_dEta_BLINDSR.png'
Saved 'tag_dPhi_BLINDSR.png'
Saved 'tag_dR_BLINDSR.png'
Saved 'nCsc_BLINDSR.png'
Saved 'nDt_BLINDSR.png'
Saved 'met_BLINDSR.png'
Saved 'runNum_BLINDSR.png'
Saved 'cscR-dtR_BLINDSR.png'

[92m+-----------------+
| Making 2D Plots |
+-----------------+[0m
Saved 'cscPhi_cscR_BLINDSR.png'
Saved 'cscPhi_cscEta_BLINDSR.png'
Saved 'cscEta_cscR_BLINDSR.png'
Saved 'dtPhi_dtR_BLINDSR.png'
Saved 'dtPhi_dtEta_BLINDSR.png'
Saved 'dtEta_dtR_BLINDSR.png'
Saved 'cscR_dtR_BLINDSR.png'
Saved 'cscPhi_dtPhi_BLINDSR.png'
Saved 'cscEta_dtEta_BLINDSR.png'
Saved 'tag_dPhi_met_BLINDSR.png'
Saved 'tag_dPhi_tag_dEta_BLINDSR.png'
Saved 'tag_dPhi_tag_dR_BLINDSR.png'
Saved 'tag_dEta_tag_dR_BLINDSR.png'
Saved 'tag_dPhi_cscSize_BLINDSR.png'
Saved 'tag_dPhi_cscPhi_BLINDSR.png'
Saved 'tag_dPhi_cscEta_BLINDSR.png'
Saved 'tag_dPhi_dtSize_BLINDSR.png'
Saved 'tag_dPhi_dtPhi_BLINDSR.png'
Saved 'tag_dPhi_dtEta_BLINDSR.png'

[92m+-------------------+
| Making ABCD Plots |
+-------------------+[0m
Saved 'ABCD_000_BLINDSR.png'
Saved 'ABCD_010_BLINDSR.png'
Saved 'ABCD_020_BLINDSR.png'
Saved 'ABCD_030_BLINDSR.png'
Saved 'ABCD_040_BLINDSR.png'
Saved 'ABCD_050_BLINDSR.png'
Saved 'ABCD_060_BLINDSR.png'
Saved 'ABCD_070_BLINDSR.png'
Saved 'ABCD_080_BLINDSR.png'
Saved 'ABCD_090_BLINDSR.png'
Saved 'ABCD_100_BLINDSR.png'

[92m+------------------------------+
| Performing ABCD Calculations |
+------------------------------+[0m
Saved 'closure_sig_BLINDSR.png'
Saved 'closure_bkg_BLINDSR.png'
+-------------------------------------------------------------------------------------------------------+
|                                       ABCD (X: dPhi, Y: dtSize)                                       |
+--------+------++----------------+---------------+----------------+--------------+--------------+------+
|        | dPhi ||     Pred A     |       A       |       B        |      C       |      D       |  X2  |
+--------+------++----------------+---------------+----------------+--------------+--------------+------+
| Signal | 0.00 || 203.97 ± 39.07 | 128.07 ± 8.80 | 792.57 ± 21.88 | 82.16 ± 7.04 | 21.14 ± 3.57 | 3.59 |
| Data   |      ||    3.53 ± 1.57 |               |   50.00 ± 7.07 | 85.00 ± 9.22 |  6.00 ± 2.45 |      |
+--------+------++----------------+---------------+----------------+--------------+--------------+------+
| Signal | 0.10 || 213.87 ± 41.75 | 128.07 ± 8.80 | 792.57 ± 21.88 | 76.12 ± 6.78 | 20.54 ± 3.52 | 4.04 |
| Data   |      ||    1.75 ± 1.29 |               |   50.00 ± 7.07 | 57.00 ± 7.55 |  2.00 ± 1.41 |      |
+--------+------++----------------+---------------+----------------+--------------+--------------+------+
| Signal | 0.20 || 198.14 ± 40.81 | 128.07 ± 8.80 | 792.57 ± 21.88 | 72.49 ± 6.62 | 18.12 ± 3.31 | 2.82 |
| Data   |      ||    1.96 ± 1.44 |               |   50.00 ± 7.07 | 51.00 ± 7.14 |  2.00 ± 1.41 |      |
+--------+------++----------------+---------------+----------------+--------------+--------------+------+
| Signal | 0.30 || 207.07 ± 43.56 | 128.07 ± 8.80 | 792.57 ± 21.88 | 67.05 ± 6.36 | 17.52 ± 3.25 | 3.16 |
| Data   |      ||    2.04 ± 1.50 |               |   50.00 ± 7.07 | 49.00 ± 7.00 |  2.00 ± 1.41 |      |
+--------+------++----------------+---------------+----------------+--------------+--------------+------+
| Signal | 0.40 || 211.35 ± 45.33 | 128.07 ± 8.80 | 792.57 ± 21.88 | 63.43 ± 6.19 | 16.91 ± 3.20 | 3.25 |
| Data   |      ||    2.13 ± 1.57 |               |   50.00 ± 7.07 | 47.00 ± 6.86 |  2.00 ± 1.41 |      |
+--------+------++----------------+---------------+----------------+--------------+--------------+------+
| Signal | 0.50 || 187.93 ± 43.89 | 128.07 ± 8.80 | 792.57 ± 21.88 | 58.60 ± 5.95 | 13.89 ± 2.90 | 1.79 |
| Data   |      ||    1.19 ± 1.22 |               |   50.00 ± 7.07 | 42.00 ± 6.48 |  1.00 ± 1.00 |      |
+--------+------++----------------+---------------+----------------+--------------+--------------+------+
| Signal | 0.60 || 180.91 ± 44.04 | 128.07 ± 8.80 | 792.57 ± 21.88 | 55.58 ± 5.79 | 12.69 ± 2.77 | 1.38 |
| Data   |      ||    1.32 ± 1.35 |               |   50.00 ± 7.07 | 38.00 ± 6.16 |  1.00 ± 1.00 |      |
+--------+------++----------------+---------------+----------------+--------------+--------------+------+
| Signal | 0.70 || 190.98 ± 47.86 | 128.07 ± 8.80 | 792.57 ± 21.88 | 50.14 ± 5.50 | 12.08 ± 2.70 | 1.67 |
| Data   |      ||    1.43 ± 1.46 |               |   50.00 ± 7.07 | 35.00 ± 5.92 |  1.00 ± 1.00 |      |
+--------+------++----------------+---------------+----------------+--------------+--------------+------+
| Signal | 0.80 || 184.57 ± 49.97 | 128.07 ± 8.80 | 792.57 ± 21.88 | 44.10 ± 5.16 | 10.27 ± 2.49 | 1.24 |
| Data   |      ||    1.61 ± 1.65 |               |   50.00 ± 7.07 | 31.00 ± 5.57 |  1.00 ± 1.00 |      |
+--------+------++----------------+---------------+----------------+--------------+--------------+------+
| Signal | 0.90 || 207.89 ± 58.67 | 128.07 ± 8.80 | 792.57 ± 21.88 | 36.85 ± 4.72 |  9.67 ± 2.42 | 1.81 |
| Data   |      ||                |               |   50.00 ± 7.07 | 27.00 ± 5.20 |  0.00 ± 0.00 |      |
+--------+------++----------------+---------------+----------------+--------------+--------------+------+
| Signal | 1.00 || 198.14 ± 59.46 | 128.07 ± 8.80 | 792.57 ± 21.88 | 33.83 ± 4.52 |  8.46 ± 2.26 | 1.36 |
| Data   |      ||                |               |   50.00 ± 7.07 | 23.00 ± 4.80 |  0.00 ± 0.00 |      |
+--------+------++----------------+---------------+----------------+--------------+--------------+------+
+-----------------------------------------------------------------------------------+
|                             ABCD (X: dPhi, Y: dtSize)                             |
+------+------++-------------+-----+--------------+--------------+-------------+----+
|      | dPhi ||   Pred A    |  A  |      B       |      C       |      D      | X2 |
+------+------++-------------+-----+--------------+--------------+-------------+----+
| Data | 0.00 || 3.53 ± 1.57 |     | 50.00 ± 7.07 | 85.00 ± 9.22 | 6.00 ± 2.45 |    |
| Data | 0.10 || 1.75 ± 1.29 |     | 50.00 ± 7.07 | 57.00 ± 7.55 | 2.00 ± 1.41 |    |
| Data | 0.20 || 1.96 ± 1.44 |     | 50.00 ± 7.07 | 51.00 ± 7.14 | 2.00 ± 1.41 |    |
| Data | 0.30 || 2.04 ± 1.50 |     | 50.00 ± 7.07 | 49.00 ± 7.00 | 2.00 ± 1.41 |    |
| Data | 0.40 || 2.13 ± 1.57 |     | 50.00 ± 7.07 | 47.00 ± 6.86 | 2.00 ± 1.41 |    |
| Data | 0.50 || 1.19 ± 1.22 |     | 50.00 ± 7.07 | 42.00 ± 6.48 | 1.00 ± 1.00 |    |
| Data | 0.60 || 1.32 ± 1.35 |     | 50.00 ± 7.07 | 38.00 ± 6.16 | 1.00 ± 1.00 |    |
| Data | 0.70 || 1.43 ± 1.46 |     | 50.00 ± 7.07 | 35.00 ± 5.92 | 1.00 ± 1.00 |    |
| Data | 0.80 || 1.61 ± 1.65 |     | 50.00 ± 7.07 | 31.00 ± 5.57 | 1.00 ± 1.00 |    |
| Data | 0.90 ||             |     | 50.00 ± 7.07 | 27.00 ± 5.20 | 0.00 ± 0.00 |    |
| Data | 1.00 ||             |     | 50.00 ± 7.07 | 23.00 ± 4.80 | 0.00 ± 0.00 |    |
+------+------++-------------+-----+--------------+--------------+-------------+----+
Saved 'closure_scan_dphi_BLINDSR.png'
Saved 'closure_scan_dtsize_BLINDSR.png'
Saved 'closure_scan_min_dphi_BLINDSR.png'
Saved 'closure_scan_min_cscsize_BLINDSR.png'
Saved 'closure_scan_dtastn_lower_BLINDSR.png'
Saved 'closure_scan_dtastn_upper_BLINDSR.png'

[92m+------------------+
| Making ROC Plots |
+------------------+[0m
+--------------------------------------------------------------------------------------+
|                              Evaluating Discriminators                               |
+---------------++-------+---------+---------+-----------+---------+---------+---------+
|               ||  AUC  | S/√[B]  | Thresh  |    Sig    | Sig Eff |   Bkg   | Bkg Eff |
+---------------++-------+---------+---------+-----------+---------+---------+---------+
| dtNStation10  || 0.378 |  49.500 |   1.000 |   448.238 |   0.438 |  82.000 |   0.582 |
| cscNStation10 || 0.605 |  82.928 |   1.000 |   530.998 |   0.519 |  41.000 |   0.291 |
| dtPhi.abs     || 0.519 |  86.178 |   0.401 | 1,023.311 |   0.999 | 141.000 |   1.000 |
| tag_dEta      || 0.524 |  87.864 |   0.549 |   954.447 |   0.932 | 118.000 |   0.837 |
| dtSize        || 0.682 |  94.788 |  82.080 |   721.882 |   0.705 |  58.000 |   0.411 |
| cscSize       || 0.674 |  95.612 | 321.080 |   740.608 |   0.723 |  60.000 |   0.426 |
| met           || 0.656 | 135.316 |  92.295 |   135.316 |   0.132 |   1.000 |   0.007 |
| tag_dR        || 0.863 | 178.396 |   2.936 |   617.983 |   0.604 |  12.000 |   0.085 |
| tag_dPhi      || 0.890 | 239.825 |   2.827 |   479.650 |   0.468 |   4.000 |   0.028 |
+---------------++-------+---------+---------+-----------+---------+---------+---------+
Saved 'rocs_BLINDSR.png'

[96m#=======================#
# Finished train_bdt.py #
#=======================#[0m
