[96m#=======================#
# Starting train_bdt.py #
#=======================#[0m
[96m  VERBOSE      = True[0m
[96m  SAVE_STAT    = 'BLINDSR'[0m
[96m  OUT_DIR      = 'reports/weekly/2023-09-21c/standard_BLINDSR'[0m
[96m  BLIND_TYPE   = 'BLINDSR'[0m
[96m  TRAIN_BDT    = False[0m
[96m  TEST_SIZE    = 0.8[0m
[96m  N_EVENTS     = -1[0m
[96m  DATA_VERSION = 6[0m
[96m  LUMI         = 23,020.0[0m
[96m  DATA_DIR     = 'LOCAL'[0m

[92m+------------------------+
| Building MuonSystem(s) |
+------------------------+[0m
Building MuonSystemAwkward 'Signal' -
  is_mc  = True
  events = -1
  tree   = 'MuonSystem'
  file   = '/home/psimmerl/LLP/mdc_analysis/data/raw/ggH_HToSSTobbbb_MH-125_MS-15_CTau1000_13p6TeV_1pb_weighted_v6.root'
  Extracted 1,851,400 events
Building MuonSystemAwkward 'Data' -
  is_mc  = False
  events = -1
  tree   = 'MuonSystem_HLT569'
  file   = '/home/psimmerl/LLP/mdc_analysis/data/raw/../processed/r3_hlt569.rdf'
  Extracted 1,038,214 events

[92m+-----------------------+
| Cutting MuonSystem(s) |
+-----------------------+[0m
Finished cut 'match'
Finished cut 'HLT'
Finished cut 'CSC&DT>0'
Finished cut 'L1'
Finished cut 'CSCIT'
Finished cut 'DTIT'
Finished cut 'MB1'
Finished cut 'JET'
Finished cut 'HALO'
Finished cut 'DTSTN'
Finished cut '1CSC1DT'
Finished cut 'BLINDSR'
Finished cut 'DPHI'
+----------------------------------------------------+
| MuonSystem Cuts (req. CSC>0 & DT>0 after each cut) |
+----------++-------------------+--------------------+
|          ||   Signal (eff.)   |    Data (eff.)     |
+----------++-------------------+--------------------+
| read     ||       1,135,129.9 |        1,038,214.0 |
| match    ||          21,268.8 |                    |
+----------++-------------------+--------------------+
| HLT      ||          21,268.8 |        1,038,214.0 |
| CSC&DT>0 || 21,268.8 (1.0000) | 470,008.0 (1.0000) |
| L1       ||  7,637.4 (0.3658) |  27,679.0 (0.0453) |
| CSCIT    ||  7,577.6 (0.9713) |  15,963.0 (0.3971) |
| DTIT     ||  7,453.7 (0.9835) |   2,828.0 (0.2473) |
| MB1      ||  1,886.6 (0.2720) |     821.0 (0.3724) |
| JET      ||  1,405.1 (0.6138) |     199.0 (0.4764) |
| HALO     ||  1,023.9 (0.7464) |     143.0 (0.6942) |
| DTSTN    ||    974.4 (0.7755) |      83.0 (0.8884) |
| 1CSC1DT  ||    974.4 (0.0458) |      83.0 (0.0002) |
| BLINDSR  ||                   |      83.0 (1.0000) |
| DPHI     ||    954.4 (0.0449) |      47.0 (0.0001) |
+----------++-------------------+--------------------+

[92m+------------------+
| Making CSC Plots |
+------------------+[0m
Saved 'cscMuonVetoPt_BLINDSR.png'
Saved 'cscJetVetoPt_BLINDSR.png'
Saved 'cscR_BLINDSR.png'
Saved 'cscZ_BLINDSR.png'
Saved 'cscPhi_BLINDSR.png'
Saved 'cscEta_BLINDSR.png'
Saved 'cscSize_BLINDSR.png'
Saved 'cscNStation10_BLINDSR.png'
Saved 'cscMaxChamber_BLINDSR.png'
Saved 'cscAvgStation10_BLINDSR.png'
Saved 'cscMaxStation_BLINDSR.png'
Saved 'cscMe11Ratio_BLINDSR.png'
Saved 'cscMe12Ratio_BLINDSR.png'

[92m+-----------------+
| Making DT Plots |
+-----------------+[0m
Saved 'dtJetVetoPt_BLINDSR.png'
Saved 'dtMuonVetoPt_BLINDSR.png'
Saved 'dtR_BLINDSR.png'
Saved 'dtZ_BLINDSR.png'
Saved 'dtPhi_BLINDSR.png'
Saved 'dtEta_BLINDSR.png'
Saved 'dtSize_BLINDSR.png'
Saved 'dt_match_RPCBx_dPhi0p5_BLINDSR.png'
Saved 'dtNStation10_BLINDSR.png'
Saved 'dtAvgStation10_BLINDSR.png'
Saved 'dtMaxStation_BLINDSR.png'
Saved 'dtNHitStation1_BLINDSR.png'
Saved 'dtMb1Ratio_BLINDSR.png'

[92m+-------------------------+
| Making Event/2tag Plots |
+-------------------------+[0m
Saved 'tag_dEta_BLINDSR.png'
Saved 'tag_dPhi_BLINDSR.png'
Saved 'tag_dR_BLINDSR.png'
Saved 'nCsc_BLINDSR.png'
Saved 'nDt_BLINDSR.png'
Saved 'met_BLINDSR.png'
Saved 'runNum_BLINDSR.png'
Saved 'cscR-dtR_BLINDSR.png'

[92m+-----------------+
| Making 2D Plots |
+-----------------+[0m
Saved 'cscPhi_cscR_BLINDSR.png'
Saved 'cscPhi_cscEta_BLINDSR.png'
Saved 'cscEta_cscR_BLINDSR.png'
Saved 'dtPhi_dtR_BLINDSR.png'
Saved 'dtPhi_dtEta_BLINDSR.png'
Saved 'dtEta_dtR_BLINDSR.png'
Saved 'cscR_dtR_BLINDSR.png'
Saved 'cscPhi_dtPhi_BLINDSR.png'
Saved 'cscEta_dtEta_BLINDSR.png'
Saved 'tag_dPhi_met_BLINDSR.png'
Saved 'tag_dPhi_tag_dEta_BLINDSR.png'
Saved 'tag_dPhi_tag_dR_BLINDSR.png'
Saved 'tag_dEta_tag_dR_BLINDSR.png'
Saved 'tag_dPhi_cscSize_BLINDSR.png'
Saved 'tag_dPhi_cscPhi_BLINDSR.png'
Saved 'tag_dPhi_cscEta_BLINDSR.png'
Saved 'tag_dPhi_dtSize_BLINDSR.png'
Saved 'tag_dPhi_dtPhi_BLINDSR.png'
Saved 'tag_dPhi_dtEta_BLINDSR.png'

[92m+-------------------+
| Making ABCD Plots |
+-------------------+[0m
Saved 'ABCD_040_BLINDSR.png'
Saved 'ABCD_050_BLINDSR.png'
Saved 'ABCD_060_BLINDSR.png'
Saved 'ABCD_070_BLINDSR.png'
Saved 'ABCD_080_BLINDSR.png'
Saved 'ABCD_090_BLINDSR.png'
Saved 'ABCD_100_BLINDSR.png'

[92m+------------------------------+
| Performing ABCD Calculations |
+------------------------------+[0m
Saved 'closure_sig_BLINDSR.png'
Saved 'closure_bkg_BLINDSR.png'
+-----------------------------------------------------------------------------------------------------------+
|                                         ABCD (X: dPhi, Y: dtSize)                                         |
+--------+------++----------------+----------------+----------------+---------------+----------------+------+
|        | dPhi ||     Pred A     |       A        |       B        |       C       |       D        |  X2  |
+--------+------++----------------+----------------+----------------+---------------+----------------+------+
| Signal | 0.40 || 431.25 ± 41.81 | 318.96 ± 13.88 | 202.37 ± 11.06 | 138.34 ± 9.14 | 294.80 ± 13.34 | 6.50 |
| Data   |      ||    0.44 ± 0.46 |                |    1.00 ± 1.00 |  32.00 ± 5.66 |   14.00 ± 3.74 |      |
+--------+------++----------------+----------------+----------------+---------------+----------------+------+
| Signal | 0.50 || 427.92 ± 41.65 | 318.96 ± 13.88 | 202.37 ± 11.06 | 137.13 ± 9.10 | 289.96 ± 13.23 | 6.16 |
| Data   |      ||    0.31 ± 0.33 |                |    1.00 ± 1.00 |  32.00 ± 5.66 |   10.00 ± 3.16 |      |
+--------+------++----------------+----------------+----------------+---------------+----------------+------+
| Signal | 0.60 || 424.44 ± 41.41 | 318.96 ± 13.88 | 202.37 ± 11.06 | 136.52 ± 9.08 | 286.34 ± 13.15 | 5.83 |
| Data   |      ||    0.30 ± 0.32 |                |    1.00 ± 1.00 |  30.00 ± 5.48 |    9.00 ± 3.00 |      |
+--------+------++----------------+----------------+----------------+---------------+----------------+------+
| Signal | 0.70 || 424.71 ± 41.63 | 318.96 ± 13.88 | 202.37 ± 11.06 | 134.71 ± 9.02 | 282.71 ± 13.07 | 5.81 |
| Data   |      ||    0.29 ± 0.31 |                |    1.00 ± 1.00 |  28.00 ± 5.29 |    8.00 ± 2.83 |      |
+--------+------++----------------+----------------+----------------+---------------+----------------+------+
| Signal | 0.80 || 413.82 ± 40.68 | 318.96 ± 13.88 | 202.37 ± 11.06 | 134.71 ± 9.02 | 275.47 ± 12.90 | 4.87 |
| Data   |      ||    0.25 ± 0.27 |                |    1.00 ± 1.00 |  28.00 ± 5.29 |    7.00 ± 2.65 |      |
+--------+------++----------------+----------------+----------------+---------------+----------------+------+
| Signal | 0.90 || 413.06 ± 40.87 | 318.96 ± 13.88 | 202.37 ± 11.06 | 132.30 ± 8.94 | 270.03 ± 12.77 | 4.75 |
| Data   |      ||    0.19 ± 0.21 |                |    1.00 ± 1.00 |  26.00 ± 5.10 |    5.00 ± 2.24 |      |
+--------+------++----------------+----------------+----------------+---------------+----------------+------+
| Signal | 1.00 || 415.05 ± 41.24 | 318.96 ± 13.88 | 202.37 ± 11.06 | 130.48 ± 8.88 | 267.61 ± 12.71 | 4.88 |
| Data   |      ||    0.16 ± 0.18 |                |    1.00 ± 1.00 |  25.00 ± 5.00 |    4.00 ± 2.00 |      |
+--------+------++----------------+----------------+----------------+---------------+----------------+------+
+-----------------------------------------------------------------------------------+
|                             ABCD (X: dPhi, Y: dtSize)                             |
+------+------++-------------+-----+-------------+--------------+--------------+----+
|      | dPhi ||   Pred A    |  A  |      B      |      C       |      D       | X2 |
+------+------++-------------+-----+-------------+--------------+--------------+----+
| Data | 0.40 || 0.44 ± 0.46 |     | 1.00 ± 1.00 | 32.00 ± 5.66 | 14.00 ± 3.74 |    |
| Data | 0.50 || 0.31 ± 0.33 |     | 1.00 ± 1.00 | 32.00 ± 5.66 | 10.00 ± 3.16 |    |
| Data | 0.60 || 0.30 ± 0.32 |     | 1.00 ± 1.00 | 30.00 ± 5.48 |  9.00 ± 3.00 |    |
| Data | 0.70 || 0.29 ± 0.31 |     | 1.00 ± 1.00 | 28.00 ± 5.29 |  8.00 ± 2.83 |    |
| Data | 0.80 || 0.25 ± 0.27 |     | 1.00 ± 1.00 | 28.00 ± 5.29 |  7.00 ± 2.65 |    |
| Data | 0.90 || 0.19 ± 0.21 |     | 1.00 ± 1.00 | 26.00 ± 5.10 |  5.00 ± 2.24 |    |
| Data | 1.00 || 0.16 ± 0.18 |     | 1.00 ± 1.00 | 25.00 ± 5.00 |  4.00 ± 2.00 |    |
+------+------++-------------+-----+-------------+--------------+--------------+----+
Saved 'closure_scan_dphi_BLINDSR.png'
Saved 'closure_scan_dtsize_BLINDSR.png'
Saved 'closure_scan_min_dphi_BLINDSR.png'
Saved 'closure_scan_min_cscsize_BLINDSR.png'
Saved 'closure_scan_dtastn_lower_BLINDSR.png'
Saved 'closure_scan_dtastn_upper_BLINDSR.png'

[92m+------------------+
| Making ROC Plots |
+------------------+[0m
+-----------------------------------------------------------------------------------+
|                             Evaluating Discriminators                             |
+---------------++-------+---------+---------+---------+---------+--------+---------+
|               ||  AUC  | S/√[B]  | Thresh  |   Sig   | Sig Eff |  Bkg   | Bkg Eff |
+---------------++-------+---------+---------+---------+---------+--------+---------+
| dtNStation10  || 0.448 |  79.042 |   1.000 | 387.224 |   0.406 | 24.000 |   0.511 |
| cscNStation10 || 0.533 | 110.900 |   1.000 | 495.961 |   0.520 | 20.000 |   0.426 |
| dtPhi.abs     || 0.452 | 139.132 |   0.401 | 953.843 |   0.999 | 47.000 |   1.000 |
| cscSize       || 0.579 | 140.329 | 240.360 | 865.046 |   0.906 | 38.000 |   0.809 |
| tag_dEta      || 0.491 | 145.563 |   0.437 | 920.620 |   0.965 | 40.000 |   0.851 |
| dtSize        || 0.724 | 170.540 |  78.070 | 703.156 |   0.737 | 17.000 |   0.362 |
| met           || 0.624 | 209.016 |  69.676 | 209.016 |   0.219 |  1.000 |   0.021 |
| tag_dR        || 0.831 | 242.972 |   2.461 | 805.847 |   0.844 | 11.000 |   0.234 |
| tag_dPhi      || 0.901 | 575.094 |   2.676 | 575.094 |   0.603 |  1.000 |   0.021 |
+---------------++-------+---------+---------+---------+---------+--------+---------+
Saved 'rocs_BLINDSR.png'

[96m#=======================#
# Finished train_bdt.py #
#=======================#[0m
