[96m#=======================#
# Starting train_bdt.py #
#=======================#[0m
[96m  VERBOSE      = True[0m
[96m  SAVE_STAT    = 'DTOOT'[0m
[96m  OUT_DIR      = 'reports/weekly/2023-09-21c/standard_DTOOT'[0m
[96m  BLIND_TYPE   = 'DTOOT'[0m
[96m  TRAIN_BDT    = False[0m
[96m  TEST_SIZE    = 0.8[0m
[96m  N_EVENTS     = -1[0m
[96m  DATA_VERSION = 6[0m
[96m  LUMI         = 23,020.0[0m
[96m  DATA_DIR     = 'LOCAL'[0m

[92m+------------------------+
| Building MuonSystem(s) |
+------------------------+[0m
Building MuonSystemAwkward 'Signal' -
  is_mc  = True
  events = -1
  tree   = 'MuonSystem'
  file   = '/home/psimmerl/LLP/mdc_analysis/data/raw/ggH_HToSSTobbbb_MH-125_MS-15_CTau1000_13p6TeV_1pb_weighted_v6.root'
  Extracted 1,851,400 events
Building MuonSystemAwkward 'Data' -
  is_mc  = False
  events = -1
  tree   = 'MuonSystem_HLT569'
  file   = '/home/psimmerl/LLP/mdc_analysis/data/raw/../processed/r3_hlt569.rdf'
  Extracted 1,038,214 events

[92m+-----------------------+
| Cutting MuonSystem(s) |
+-----------------------+[0m
Finished cut 'match'
Finished cut 'HLT'
Finished cut 'CSC&DT>0'
Finished cut 'L1'
Finished cut 'CSCIT'
Finished cut 'DTIT'
Finished cut 'MB1'
Finished cut 'JET'
Finished cut 'HALO'
Finished cut 'DTSTN'
Finished cut '1CSC1DT'
Finished cut 'DPHI'
+----------------------------------------------------+
| MuonSystem Cuts (req. CSC>0 & DT>0 after each cut) |
+----------++-------------------+--------------------+
|          ||   Signal (eff.)   |    Data (eff.)     |
+----------++-------------------+--------------------+
| read     ||       1,135,129.9 |        1,038,214.0 |
| match    ||          21,268.8 |                    |
+----------++-------------------+--------------------+
| HLT      ||          21,268.8 |        1,038,214.0 |
| CSC&DT>0 || 21,268.8 (1.0000) | 470,008.0 (1.0000) |
| L1       ||  7,637.4 (0.3658) |  27,679.0 (0.0453) |
| CSCIT    ||  7,577.6 (0.9713) |  15,963.0 (0.3971) |
| DTIT/OOT ||  7,453.7 (0.9835) |  14,269.0 (0.7527) |
| MB1      ||  1,886.6 (0.2720) |   5,823.0 (0.3724) |
| JET      ||  1,405.1 (0.6138) |   1,717.0 (0.4764) |
| HALO     ||  1,023.9 (0.7464) |     970.0 (0.6942) |
| DTSTN    ||    974.4 (0.7755) |     795.0 (0.8884) |
| 1CSC1DT  ||    974.4 (0.0458) |     784.0 (0.0017) |
| DPHI     ||    954.4 (0.0449) |     261.0 (0.0006) |
+----------++-------------------+--------------------+

[92m+------------------+
| Making CSC Plots |
+------------------+[0m
Saved 'cscMuonVetoPt_DTOOT.png'
Saved 'cscJetVetoPt_DTOOT.png'
Saved 'cscR_DTOOT.png'
Saved 'cscZ_DTOOT.png'
Saved 'cscPhi_DTOOT.png'
Saved 'cscEta_DTOOT.png'
Saved 'cscSize_DTOOT.png'
Saved 'cscNStation10_DTOOT.png'
Saved 'cscMaxChamber_DTOOT.png'
Saved 'cscAvgStation10_DTOOT.png'
Saved 'cscMaxStation_DTOOT.png'
Saved 'cscMe11Ratio_DTOOT.png'
Saved 'cscMe12Ratio_DTOOT.png'

[92m+-----------------+
| Making DT Plots |
+-----------------+[0m
Saved 'dtJetVetoPt_DTOOT.png'
Saved 'dtMuonVetoPt_DTOOT.png'
Saved 'dtR_DTOOT.png'
Saved 'dtZ_DTOOT.png'
Saved 'dtPhi_DTOOT.png'
Saved 'dtEta_DTOOT.png'
Saved 'dtSize_DTOOT.png'
Saved 'dt_match_RPCBx_dPhi0p5_DTOOT.png'
Saved 'dtNStation10_DTOOT.png'
Saved 'dtAvgStation10_DTOOT.png'
Saved 'dtMaxStation_DTOOT.png'
Saved 'dtNHitStation1_DTOOT.png'
Saved 'dtMb1Ratio_DTOOT.png'

[92m+-------------------------+
| Making Event/2tag Plots |
+-------------------------+[0m
Saved 'tag_dEta_DTOOT.png'
Saved 'tag_dPhi_DTOOT.png'
Saved 'tag_dR_DTOOT.png'
Saved 'nCsc_DTOOT.png'
Saved 'nDt_DTOOT.png'
Saved 'met_DTOOT.png'
Saved 'runNum_DTOOT.png'
Saved 'cscR-dtR_DTOOT.png'

[92m+-----------------+
| Making 2D Plots |
+-----------------+[0m
Saved 'cscPhi_cscR_DTOOT.png'
Saved 'cscPhi_cscEta_DTOOT.png'
Saved 'cscEta_cscR_DTOOT.png'
Saved 'dtPhi_dtR_DTOOT.png'
Saved 'dtPhi_dtEta_DTOOT.png'
Saved 'dtEta_dtR_DTOOT.png'
Saved 'cscR_dtR_DTOOT.png'
Saved 'cscPhi_dtPhi_DTOOT.png'
Saved 'cscEta_dtEta_DTOOT.png'
Saved 'tag_dPhi_met_DTOOT.png'
Saved 'tag_dPhi_tag_dEta_DTOOT.png'
Saved 'tag_dPhi_tag_dR_DTOOT.png'
Saved 'tag_dEta_tag_dR_DTOOT.png'
Saved 'tag_dPhi_cscSize_DTOOT.png'
Saved 'tag_dPhi_cscPhi_DTOOT.png'
Saved 'tag_dPhi_cscEta_DTOOT.png'
Saved 'tag_dPhi_dtSize_DTOOT.png'
Saved 'tag_dPhi_dtPhi_DTOOT.png'
Saved 'tag_dPhi_dtEta_DTOOT.png'

[92m+-------------------+
| Making ABCD Plots |
+-------------------+[0m
Saved 'ABCD_040_DTOOT.png'
Saved 'ABCD_050_DTOOT.png'
Saved 'ABCD_060_DTOOT.png'
Saved 'ABCD_070_DTOOT.png'
Saved 'ABCD_080_DTOOT.png'
Saved 'ABCD_090_DTOOT.png'
Saved 'ABCD_100_DTOOT.png'

[92m+------------------------------+
| Performing ABCD Calculations |
+------------------------------+[0m
Saved 'closure_sig_DTOOT.png'
Saved 'closure_bkg_DTOOT.png'
+------------------------------------------------------------------------------------------------------------+
|                                         ABCD (X: dPhi, Y: dtSize)                                          |
+--------+------++----------------+----------------+----------------+----------------+----------------+------+
|        | dPhi ||     Pred A     |       A        |       B        |       C        |       D        |  X2  |
+--------+------++----------------+----------------+----------------+----------------+----------------+------+
| Signal | 0.40 || 431.25 ± 41.81 | 318.96 ± 13.88 | 202.37 ± 11.06 |  138.34 ± 9.14 | 294.80 ± 13.34 | 6.50 |
| Data   |      ||    6.02 ± 1.66 |    4.00 ± 2.00 |   19.00 ± 4.36 | 180.00 ± 13.42 |   57.00 ± 7.55 | 0.60 |
+--------+------++----------------+----------------+----------------+----------------+----------------+------+
| Signal | 0.50 || 427.92 ± 41.65 | 318.96 ± 13.88 | 202.37 ± 11.06 |  137.13 ± 9.10 | 289.96 ± 13.23 | 6.16 |
| Data   |      ||    6.14 ± 1.71 |    4.00 ± 2.00 |   19.00 ± 4.36 | 167.00 ± 12.92 |   54.00 ± 7.35 | 0.66 |
+--------+------++----------------+----------------+----------------+----------------+----------------+------+
| Signal | 0.60 || 424.44 ± 41.41 | 318.96 ± 13.88 | 202.37 ± 11.06 |  136.52 ± 9.08 | 286.34 ± 13.15 | 5.83 |
| Data   |      ||    6.17 ± 1.73 |    4.00 ± 2.00 |   19.00 ± 4.36 | 160.00 ± 12.65 |   52.00 ± 7.21 | 0.68 |
+--------+------++----------------+----------------+----------------+----------------+----------------+------+
| Signal | 0.70 || 424.71 ± 41.63 | 318.96 ± 13.88 | 202.37 ± 11.06 |  134.71 ± 9.02 | 282.71 ± 13.07 | 5.81 |
| Data   |      ||    6.46 ± 1.81 |    4.00 ± 2.00 |   19.00 ± 4.36 | 150.00 ± 12.25 |   51.00 ± 7.14 | 0.83 |
+--------+------++----------------+----------------+----------------+----------------+----------------+------+
| Signal | 0.80 || 413.82 ± 40.68 | 318.96 ± 13.88 | 202.37 ± 11.06 |  134.71 ± 9.02 | 275.47 ± 12.90 | 4.87 |
| Data   |      ||    6.60 ± 1.87 |    4.00 ± 2.00 |   19.00 ± 4.36 | 141.00 ± 11.87 |   49.00 ± 7.00 | 0.90 |
+--------+------++----------------+----------------+----------------+----------------+----------------+------+
| Signal | 0.90 || 413.06 ± 40.87 | 318.96 ± 13.88 | 202.37 ± 11.06 |  132.30 ± 8.94 | 270.03 ± 12.77 | 4.75 |
| Data   |      ||    6.72 ± 1.93 |    4.00 ± 2.00 |   19.00 ± 4.36 | 130.00 ± 11.40 |   46.00 ± 6.78 | 0.96 |
+--------+------++----------------+----------------+----------------+----------------+----------------+------+
| Signal | 1.00 || 415.05 ± 41.24 | 318.96 ± 13.88 | 202.37 ± 11.06 |  130.48 ± 8.88 | 267.61 ± 12.71 | 4.88 |
| Data   |      ||    7.16 ± 2.06 |    4.00 ± 2.00 |   19.00 ± 4.36 | 122.00 ± 11.05 |   46.00 ± 6.78 | 1.22 |
+--------+------++----------------+----------------+----------------+----------------+----------------+------+
+------------------------------------------------------------------------------------------------+
|                                   ABCD (X: dPhi, Y: dtSize)                                    |
+------+------++-------------+-------------+--------------+----------------+--------------+------+
|      | dPhi ||   Pred A    |      A      |      B       |       C        |      D       |  X2  |
+------+------++-------------+-------------+--------------+----------------+--------------+------+
| Data | 0.40 || 6.02 ± 1.66 | 4.00 ± 2.00 | 19.00 ± 4.36 | 180.00 ± 13.42 | 57.00 ± 7.55 | 0.60 |
| Data | 0.50 || 6.14 ± 1.71 | 4.00 ± 2.00 | 19.00 ± 4.36 | 167.00 ± 12.92 | 54.00 ± 7.35 | 0.66 |
| Data | 0.60 || 6.17 ± 1.73 | 4.00 ± 2.00 | 19.00 ± 4.36 | 160.00 ± 12.65 | 52.00 ± 7.21 | 0.68 |
| Data | 0.70 || 6.46 ± 1.81 | 4.00 ± 2.00 | 19.00 ± 4.36 | 150.00 ± 12.25 | 51.00 ± 7.14 | 0.83 |
| Data | 0.80 || 6.60 ± 1.87 | 4.00 ± 2.00 | 19.00 ± 4.36 | 141.00 ± 11.87 | 49.00 ± 7.00 | 0.90 |
| Data | 0.90 || 6.72 ± 1.93 | 4.00 ± 2.00 | 19.00 ± 4.36 | 130.00 ± 11.40 | 46.00 ± 6.78 | 0.96 |
| Data | 1.00 || 7.16 ± 2.06 | 4.00 ± 2.00 | 19.00 ± 4.36 | 122.00 ± 11.05 | 46.00 ± 6.78 | 1.22 |
+------+------++-------------+-------------+--------------+----------------+--------------+------+
Saved 'closure_scan_dphi_DTOOT.png'
Saved 'closure_scan_dtsize_DTOOT.png'
Saved 'closure_scan_min_dphi_DTOOT.png'
Saved 'closure_scan_min_cscsize_DTOOT.png'
Saved 'closure_scan_dtastn_lower_DTOOT.png'
Saved 'closure_scan_dtastn_upper_DTOOT.png'

[92m+------------------+
| Making ROC Plots |
+------------------+[0m
+------------------------------------------------------------------------------------+
|                             Evaluating Discriminators                              |
+---------------++-------+---------+---------+---------+---------+---------+---------+
|               ||  AUC  | S/√[B]  | Thresh  |   Sig   | Sig Eff |   Bkg   | Bkg Eff |
+---------------++-------+---------+---------+---------+---------+---------+---------+
| dtNStation10  || 0.553 |  43.844 |   1.000 | 387.224 |   0.406 |  78.000 |   0.299 |
| cscNStation10 || 0.538 |  48.633 |   1.000 | 495.961 |   0.520 | 104.000 |   0.398 |
| tag_dEta      || 0.361 |  59.041 |   0.020 | 953.843 |   0.999 | 261.000 |   1.000 |
| dtPhi.abs     || 0.518 |  59.041 |   0.401 | 953.843 |   0.999 | 261.000 |   1.000 |
| cscSize       || 0.599 |  61.370 | 260.540 | 823.365 |   0.863 | 180.000 |   0.690 |
| met           || 0.660 |  65.242 | 113.455 |  65.242 |   0.068 |   1.000 |   0.004 |
| tag_dR        || 0.766 |  81.795 |   2.920 | 601.069 |   0.630 |  54.000 |   0.207 |
| dtSize        || 0.764 |  86.307 | 166.160 | 228.347 |   0.239 |   7.000 |   0.027 |
| tag_dPhi      || 0.840 | 115.019 |   2.676 | 575.094 |   0.603 |  25.000 |   0.096 |
+---------------++-------+---------+---------+---------+---------+---------+---------+
Saved 'rocs_DTOOT.png'

[96m#=======================#
# Finished train_bdt.py #
#=======================#[0m
