[96m#=======================#
# Starting train_bdt.py #
#=======================#[0m
[96m  VERBOSE      = True[0m
[96m  SAVE_STAT    = 'BLINDSR'[0m
[96m  OUT_DIR      = 'reports/weekly/2023-09-21/halo_BLINDSR'[0m
[96m  BLIND_TYPE   = 'BLINDSR'[0m
[96m  TRAIN_BDT    = False[0m
[96m  TEST_SIZE    = 0.8[0m
[96m  N_EVENTS     = -1[0m
[96m  DATA_VERSION = 6[0m
[96m  LUMI         = 23,020.0[0m
[96m  DATA_DIR     = 'LOCAL'[0m

[92m+------------------------+
| Building MuonSystem(s) |
+------------------------+[0m
Building MuonSystemAwkward 'Signal' -
  is_mc  = True
  events = -1
  tree   = 'MuonSystem'
  file   = '/home/psimmerl/LLP/mdc_analysis/data/raw/ggH_HToSSTobbbb_MH-125_MS-15_CTau1000_13p6TeV_1pb_weighted_v6.root'
  Extracted 1,851,400 events
Building MuonSystemAwkward 'Data' -
  is_mc  = False
  events = -1
  tree   = 'MuonSystem'
  file   = '/home/psimmerl/LLP/mdc_analysis/data/raw/DisplacedJet-EXOCSCCluster_Run2022EFG-PromptReco-v1_goodLumi_v6.root'
  Extracted 14,597,375 events
Building MuonSystemAwkward 'NoHaloCut' -
  is_mc  = False
  events = -1
  tree   = 'MuonSystem'
  file   = '/home/psimmerl/LLP/mdc_analysis/data/raw/DisplacedJet-EXOCSCCluster_Run2022EFG-PromptReco-v1_goodLumi_v6.root'
  Extracted 14,597,375 events

[92m+-----------------------+
| Cutting MuonSystem(s) |
+-----------------------+[0m
Finished cut 'match'
Finished cut 'CSC&DT>0'
Finished cut 'L1'
Finished cut 'CSCIT'
Finished cut 'DTIT'
Finished cut 'ME1'
Finished cut 'MB1'
Finished cut 'HALO'
Finished cut '1CSC1DT'
Finished cut 'BLINDSR'
+-------------------------------------------------------------------------+
|           MuonSystem Cuts (req. CSC>0 & DT>0 after each cut)            |
+----------++-------------------+--------------------+--------------------+
|          ||   Signal (eff.)   |    Data (eff.)     |  NoHaloCut (eff.)  |
+----------++-------------------+--------------------+--------------------+
| read     ||       1,135,129.9 |       14,597,375.0 |       14,597,375.0 |
| match    ||          21,268.8 |                    |                    |
+----------++-------------------+--------------------+--------------------+
| CSC&DT>0 || 21,268.8 (1.0000) | 929,292.0 (1.0000) | 929,292.0 (1.0000) |
| L1       ||  7,637.4 (0.3658) | 258,787.0 (0.5299) | 258,787.0 (0.5299) |
| CSCIT    ||  7,577.6 (0.9713) | 190,757.0 (0.6201) | 190,757.0 (0.6201) |
| DTIT     ||  7,453.7 (0.9835) |  37,557.0 (0.2277) |  37,557.0 (0.2277) |
| ME1      ||  3,841.2 (0.5075) |  33,735.0 (0.7534) |  33,735.0 (0.7534) |
| MB1      ||    985.3 (0.2720) |     693.0 (0.2571) |     693.0 (0.2571) |
| HALO     ||    729.7 (0.7464) |     491.0 (0.6976) |                    |
| 1CSC1DT  ||    729.7 (0.0343) |     486.0 (0.0005) |     683.0 (0.0007) |
| BLINDSR  ||                   |     483.0 (1.0000) |     679.0 (1.0000) |
+----------++-------------------+--------------------+--------------------+

[92m+------------------+
| Making CSC Plots |
+------------------+[0m
Saved 'cscMuonVetoPt_BLINDSR.png'
Saved 'cscJetVetoPt_BLINDSR.png'
Saved 'cscR_BLINDSR.png'
Saved 'cscZ_BLINDSR.png'
Saved 'cscPhi_BLINDSR.png'
Saved 'cscEta_BLINDSR.png'
Saved 'cscSize_BLINDSR.png'
Saved 'cscNStation10_BLINDSR.png'
Saved 'cscMaxChamber_BLINDSR.png'
Saved 'cscAvgStation10_BLINDSR.png'
Saved 'cscMaxStation_BLINDSR.png'
Saved 'cscMe11Ratio_BLINDSR.png'
Saved 'cscMe12Ratio_BLINDSR.png'

[92m+-----------------+
| Making DT Plots |
+-----------------+[0m
Saved 'dtJetVetoPt_BLINDSR.png'
Saved 'dtMuonVetoPt_BLINDSR.png'
Saved 'dtR_BLINDSR.png'
Saved 'dtZ_BLINDSR.png'
Saved 'dtPhi_BLINDSR.png'
Saved 'dtEta_BLINDSR.png'
Saved 'dtSize_BLINDSR.png'
Saved 'dt_match_RPCBx_dPhi0p5_BLINDSR.png'
Saved 'dtNStation10_BLINDSR.png'
Saved 'dtAvgStation10_BLINDSR.png'
Saved 'dtMaxStation_BLINDSR.png'
Saved 'dtNHitStation1_BLINDSR.png'
Saved 'dtMb1Ratio_BLINDSR.png'

[92m+-------------------------+
| Making Event/2tag Plots |
+-------------------------+[0m
Saved 'tag_dEta_BLINDSR.png'
Saved 'tag_dPhi_BLINDSR.png'
Saved 'tag_dR_BLINDSR.png'
Saved 'nCsc_BLINDSR.png'
Saved 'nDt_BLINDSR.png'
Saved 'met_BLINDSR.png'
Saved 'runNum_BLINDSR.png'
Saved 'cscR-dtR_BLINDSR.png'

[92m+-----------------+
| Making 2D Plots |
+-----------------+[0m
Saved 'cscPhi_cscR_BLINDSR.png'
Saved 'cscPhi_cscEta_BLINDSR.png'
Saved 'cscEta_cscR_BLINDSR.png'
Saved 'dtPhi_dtR_BLINDSR.png'
Saved 'dtPhi_dtEta_BLINDSR.png'
Saved 'dtEta_dtR_BLINDSR.png'
Saved 'cscR_dtR_BLINDSR.png'
Saved 'cscPhi_dtPhi_BLINDSR.png'
Saved 'cscEta_dtEta_BLINDSR.png'
Saved 'tag_dPhi_met_BLINDSR.png'
Saved 'tag_dPhi_tag_dEta_BLINDSR.png'
Saved 'tag_dPhi_tag_dR_BLINDSR.png'
Saved 'tag_dEta_tag_dR_BLINDSR.png'
Saved 'tag_dPhi_cscSize_BLINDSR.png'
Saved 'tag_dPhi_cscPhi_BLINDSR.png'
Saved 'tag_dPhi_cscEta_BLINDSR.png'
Saved 'tag_dPhi_dtSize_BLINDSR.png'
Saved 'tag_dPhi_dtPhi_BLINDSR.png'
Saved 'tag_dPhi_dtEta_BLINDSR.png'

[92m+-------------------+
| Making ABCD Plots |
+-------------------+[0m
Saved 'ABCD_000_BLINDSR.png'
Saved 'ABCD_010_BLINDSR.png'
Saved 'ABCD_020_BLINDSR.png'
Saved 'ABCD_030_BLINDSR.png'
Saved 'ABCD_040_BLINDSR.png'
Saved 'ABCD_050_BLINDSR.png'
Saved 'ABCD_060_BLINDSR.png'
Saved 'ABCD_070_BLINDSR.png'
Saved 'ABCD_080_BLINDSR.png'
Saved 'ABCD_090_BLINDSR.png'
Saved 'ABCD_100_BLINDSR.png'

[92m+------------------------------+
| Performing ABCD Calculations |
+------------------------------+[0m
Saved 'closure_sig_BLINDSR.png'
Saved 'closure_bkg_BLINDSR.png'
+-----------------------------------------------------------------------------------------------------------+
|                                         ABCD (X: dPhi, Y: dtSize)                                         |
+-----------+------++----------------+--------------+----------------+----------------+--------------+------+
|           | dPhi ||     Pred A     |      A       |       B        |       C        |      D       |  CL  |
+-----------+------++----------------+--------------+----------------+----------------+--------------+------+
| Signal    | 0.00 || 120.90 ± 29.34 | 93.03 ± 7.50 | 564.22 ± 18.46 |   59.20 ± 5.98 | 12.69 ± 2.77 | 0.92 |
| Data      |      ||    7.06 ± 2.07 |              | 165.00 ± 12.85 | 304.00 ± 17.44 | 13.00 ± 3.61 |      |
| NoHaloCut |      ||   11.55 ± 2.59 |              | 219.00 ± 14.80 | 436.00 ± 20.88 | 23.00 ± 4.80 |      |
+-----------+------++----------------+--------------+----------------+----------------+--------------+------+
| Signal    | 0.10 || 126.79 ± 31.65 | 93.03 ± 7.50 | 564.22 ± 18.46 |   53.76 ± 5.70 | 12.08 ± 2.70 | 1.04 |
| Data      |      ||    7.14 ± 2.49 |              | 165.00 ± 12.85 | 208.00 ± 14.42 |  9.00 ± 3.00 |      |
| NoHaloCut |      ||    8.45 ± 2.66 |              | 219.00 ± 14.80 | 285.00 ± 16.88 | 11.00 ± 3.32 |      |
+-----------+------++----------------+--------------+----------------+----------------+--------------+------+
| Signal    | 0.20 || 111.53 ± 29.83 | 93.03 ± 7.50 | 564.22 ± 18.46 |   51.95 ± 5.60 | 10.27 ± 2.49 | 0.60 |
| Data      |      ||    8.16 ± 2.86 |              | 165.00 ± 12.85 | 182.00 ± 13.49 |  9.00 ± 3.00 |      |
| NoHaloCut |      ||    9.64 ± 3.04 |              | 219.00 ± 14.80 | 250.00 ± 15.81 | 11.00 ± 3.32 |      |
+-----------+------++----------------+--------------+----------------+----------------+--------------+------+
| Signal    | 0.30 || 121.41 ± 32.70 | 93.03 ± 7.50 | 564.22 ± 18.46 |   47.72 ± 5.37 | 10.27 ± 2.49 | 0.85 |
| Data      |      ||    8.68 ± 3.05 |              | 165.00 ± 12.85 | 171.00 ± 13.08 |  9.00 ± 3.00 |      |
| NoHaloCut |      ||   10.21 ± 3.22 |              | 219.00 ± 14.80 | 236.00 ± 15.36 | 11.00 ± 3.32 |      |
+-----------+------++----------------+--------------+----------------+----------------+--------------+------+
| Signal    | 0.40 || 117.55 ± 33.58 | 93.03 ± 7.50 | 564.22 ± 18.46 |   43.49 ± 5.13 |  9.06 ± 2.34 | 0.71 |
| Data      |      ||    8.57 ± 3.18 |              | 165.00 ± 12.85 | 154.00 ± 12.41 |  8.00 ± 2.83 |      |
| NoHaloCut |      ||    8.23 ± 3.01 |              | 219.00 ± 14.80 | 213.00 ± 14.59 |  8.00 ± 2.83 |      |
+-----------+------++----------------+--------------+----------------+----------------+--------------+------+
| Signal    | 0.50 || 109.48 ± 33.37 | 93.03 ± 7.50 | 564.22 ± 18.46 |   40.47 ± 4.94 |  7.85 ± 2.18 | 0.48 |
| Data      |      ||    8.25 ± 3.26 |              | 165.00 ± 12.85 | 140.00 ± 11.83 |  7.00 ± 2.65 |      |
| NoHaloCut |      ||    8.03 ± 3.14 |              | 219.00 ± 14.80 | 191.00 ± 13.82 |  7.00 ± 2.65 |      |
+-----------+------++----------------+--------------+----------------+----------------+--------------+------+
| Signal    | 0.60 || 107.47 ± 34.03 | 93.03 ± 7.50 | 564.22 ± 18.46 |   38.06 ± 4.79 |  7.25 ± 2.09 | 0.41 |
| Data      |      ||    8.11 ± 3.45 |              | 165.00 ± 12.85 | 122.00 ± 11.05 |  6.00 ± 2.45 |      |
| NoHaloCut |      ||    8.01 ± 3.37 |              | 219.00 ± 14.80 | 164.00 ± 12.81 |  6.00 ± 2.45 |      |
+-----------+------++----------------+--------------+----------------+----------------+--------------+------+
| Signal    | 0.70 || 116.74 ± 37.22 | 93.03 ± 7.50 | 564.22 ± 18.46 |   35.04 ± 4.60 |  7.25 ± 2.09 | 0.62 |
| Data      |      ||    7.86 ± 3.65 |              | 165.00 ± 12.85 | 105.00 ± 10.25 |  5.00 ± 2.24 |      |
| NoHaloCut |      ||    7.60 ± 3.50 |              | 219.00 ± 14.80 | 144.00 ± 12.00 |  5.00 ± 2.24 |      |
+-----------+------++----------------+--------------+----------------+----------------+--------------+------+
| Signal    | 0.80 ||  95.81 ± 34.68 | 93.03 ± 7.50 | 564.22 ± 18.46 |   32.02 ± 4.40 |  5.44 ± 1.81 | 0.08 |
| Data      |      ||    8.87 ± 4.13 |              | 165.00 ± 12.85 |   93.00 ± 9.64 |  5.00 ± 2.24 |      |
| NoHaloCut |      ||    8.49 ± 3.91 |              | 219.00 ± 14.80 | 129.00 ± 11.36 |  5.00 ± 2.24 |      |
+-----------+------++----------------+--------------+----------------+----------------+--------------+------+
| Signal    | 0.90 || 123.85 ± 45.77 | 93.03 ± 7.50 | 564.22 ± 18.46 |   24.77 ± 3.87 |  5.44 ± 1.81 | 0.66 |
| Data      |      ||    6.27 ± 3.72 |              | 165.00 ± 12.85 |   79.00 ± 8.89 |  3.00 ± 1.73 |      |
| NoHaloCut |      ||    5.87 ± 3.45 |              | 219.00 ± 14.80 | 112.00 ± 10.58 |  3.00 ± 1.73 |      |
+-----------+------++----------------+--------------+----------------+----------------+--------------+------+
| Signal    | 1.00 || 118.78 ± 46.37 | 93.03 ± 7.50 | 564.22 ± 18.46 |   22.96 ± 3.72 |  4.83 ± 1.71 | 0.55 |
| Data      |      ||    5.08 ± 3.67 |              | 165.00 ± 12.85 |   65.00 ± 8.06 |  2.00 ± 1.41 |      |
| NoHaloCut |      ||    4.71 ± 3.38 |              | 219.00 ± 14.80 |   93.00 ± 9.64 |  2.00 ± 1.41 |      |
+-----------+------++----------------+--------------+----------------+----------------+--------------+------+
+----------------------------------------------------------------------------------------------+
|                                  ABCD (X: dPhi, Y: dtSize)                                   |
+-----------+------++--------------+-----+----------------+----------------+--------------+----+
|           | dPhi ||    Pred A    |  A  |       B        |       C        |      D       | CL |
+-----------+------++--------------+-----+----------------+----------------+--------------+----+
| Data      | 0.00 ||  7.06 ± 2.07 |     | 165.00 ± 12.85 | 304.00 ± 17.44 | 13.00 ± 3.61 |    |
| NoHaloCut |      || 11.55 ± 2.59 |     | 219.00 ± 14.80 | 436.00 ± 20.88 | 23.00 ± 4.80 |    |
+-----------+------++--------------+-----+----------------+----------------+--------------+----+
| Data      | 0.10 ||  7.14 ± 2.49 |     | 165.00 ± 12.85 | 208.00 ± 14.42 |  9.00 ± 3.00 |    |
| NoHaloCut |      ||  8.45 ± 2.66 |     | 219.00 ± 14.80 | 285.00 ± 16.88 | 11.00 ± 3.32 |    |
+-----------+------++--------------+-----+----------------+----------------+--------------+----+
| Data      | 0.20 ||  8.16 ± 2.86 |     | 165.00 ± 12.85 | 182.00 ± 13.49 |  9.00 ± 3.00 |    |
| NoHaloCut |      ||  9.64 ± 3.04 |     | 219.00 ± 14.80 | 250.00 ± 15.81 | 11.00 ± 3.32 |    |
+-----------+------++--------------+-----+----------------+----------------+--------------+----+
| Data      | 0.30 ||  8.68 ± 3.05 |     | 165.00 ± 12.85 | 171.00 ± 13.08 |  9.00 ± 3.00 |    |
| NoHaloCut |      || 10.21 ± 3.22 |     | 219.00 ± 14.80 | 236.00 ± 15.36 | 11.00 ± 3.32 |    |
+-----------+------++--------------+-----+----------------+----------------+--------------+----+
| Data      | 0.40 ||  8.57 ± 3.18 |     | 165.00 ± 12.85 | 154.00 ± 12.41 |  8.00 ± 2.83 |    |
| NoHaloCut |      ||  8.23 ± 3.01 |     | 219.00 ± 14.80 | 213.00 ± 14.59 |  8.00 ± 2.83 |    |
+-----------+------++--------------+-----+----------------+----------------+--------------+----+
| Data      | 0.50 ||  8.25 ± 3.26 |     | 165.00 ± 12.85 | 140.00 ± 11.83 |  7.00 ± 2.65 |    |
| NoHaloCut |      ||  8.03 ± 3.14 |     | 219.00 ± 14.80 | 191.00 ± 13.82 |  7.00 ± 2.65 |    |
+-----------+------++--------------+-----+----------------+----------------+--------------+----+
| Data      | 0.60 ||  8.11 ± 3.45 |     | 165.00 ± 12.85 | 122.00 ± 11.05 |  6.00 ± 2.45 |    |
| NoHaloCut |      ||  8.01 ± 3.37 |     | 219.00 ± 14.80 | 164.00 ± 12.81 |  6.00 ± 2.45 |    |
+-----------+------++--------------+-----+----------------+----------------+--------------+----+
| Data      | 0.70 ||  7.86 ± 3.65 |     | 165.00 ± 12.85 | 105.00 ± 10.25 |  5.00 ± 2.24 |    |
| NoHaloCut |      ||  7.60 ± 3.50 |     | 219.00 ± 14.80 | 144.00 ± 12.00 |  5.00 ± 2.24 |    |
+-----------+------++--------------+-----+----------------+----------------+--------------+----+
| Data      | 0.80 ||  8.87 ± 4.13 |     | 165.00 ± 12.85 |   93.00 ± 9.64 |  5.00 ± 2.24 |    |
| NoHaloCut |      ||  8.49 ± 3.91 |     | 219.00 ± 14.80 | 129.00 ± 11.36 |  5.00 ± 2.24 |    |
+-----------+------++--------------+-----+----------------+----------------+--------------+----+
| Data      | 0.90 ||  6.27 ± 3.72 |     | 165.00 ± 12.85 |   79.00 ± 8.89 |  3.00 ± 1.73 |    |
| NoHaloCut |      ||  5.87 ± 3.45 |     | 219.00 ± 14.80 | 112.00 ± 10.58 |  3.00 ± 1.73 |    |
+-----------+------++--------------+-----+----------------+----------------+--------------+----+
| Data      | 1.00 ||  5.08 ± 3.67 |     | 165.00 ± 12.85 |   65.00 ± 8.06 |  2.00 ± 1.41 |    |
| NoHaloCut |      ||  4.71 ± 3.38 |     | 219.00 ± 14.80 |   93.00 ± 9.64 |  2.00 ± 1.41 |    |
+-----------+------++--------------+-----+----------------+----------------+--------------+----+
Saved 'closure_scan_dphi_BLINDSR.png'
Saved 'closure_scan_dtsize_BLINDSR.png'
Saved 'closure_scan_min_dphi_BLINDSR.png'
Saved 'closure_scan_min_cscsize_BLINDSR.png'

[92m+------------------+
| Making ROC Plots |
+------------------+[0m
+-----------------------------------------------------------------------------------+
|                             Evaluating Discriminators                             |
+---------------++-------+--------+---------+---------+---------+---------+---------+
|               ||  AUC  | S/√[B] | Thresh  |   Sig   | Sig Eff |   Bkg   | Bkg Eff |
+---------------++-------+--------+---------+---------+---------+---------+---------+
| tag_dPhi      || 0.883 | 74.325 |   2.953 | 210.224 |   0.288 |   8.000 |   0.017 |
| tag_dR        || 0.881 | 73.401 |   2.780 | 503.210 |   0.690 |  47.000 |   0.097 |
| cscNStation10 || 0.633 | 35.133 |   1.000 | 389.640 |   0.534 | 123.000 |   0.255 |
| dtSize        || 0.754 | 42.429 |  87.360 | 489.316 |   0.671 | 133.000 |   0.275 |
| cscSize       || 0.671 | 36.594 | 266.120 | 587.780 |   0.805 | 258.000 |   0.534 |
| dtNStation10  || 0.393 | 19.596 |   1.000 | 323.190 |   0.443 | 272.000 |   0.563 |
| tag_dEta      || 0.563 | 33.227 |   0.242 | 721.882 |   0.989 | 472.000 |   0.977 |
| dtPhi.abs     || 0.516 | 33.276 |   0.424 | 723.694 |   0.992 | 473.000 |   0.979 |
+---------------++-------+--------+---------+---------+---------+---------+---------+
Saved 'rocs_BLINDSR.png'

[96m#=======================#
# Finished train_bdt.py #
#=======================#[0m
