[96m#=======================#
# Starting train_bdt.py #
#=======================#[0m
[96m  VERBOSE      = True[0m
[96m  SAVE_STAT    = 'DTOOT'[0m
[96m  OUT_DIR      = 'reports/weekly/2023-09-21/neither_DTOOT'[0m
[96m  BLIND_TYPE   = 'DTOOT'[0m
[96m  TRAIN_BDT    = False[0m
[96m  TEST_SIZE    = 0.8[0m
[96m  N_EVENTS     = -1[0m
[96m  DATA_VERSION = 6[0m
[96m  LUMI         = 23,020.0[0m
[96m  DATA_DIR     = 'LOCAL'[0m

[92m+------------------------+
| Building MuonSystem(s) |
+------------------------+[0m
Building MuonSystemAwkward 'Signal' -
  is_mc  = True
  events = -1
  tree   = 'MuonSystem'
  file   = '/home/psimmerl/LLP/mdc_analysis/data/raw/ggH_HToSSTobbbb_MH-125_MS-15_CTau1000_13p6TeV_1pb_weighted_v6.root'
  Extracted 1,851,400 events
Building MuonSystemAwkward 'Data' -
  is_mc  = False
  events = -1
  tree   = 'MuonSystem'
  file   = '/home/psimmerl/LLP/mdc_analysis/data/raw/DisplacedJet-EXOCSCCluster_Run2022EFG-PromptReco-v1_goodLumi_v6.root'
  Extracted 14,597,375 events

[92m+-----------------------+
| Cutting MuonSystem(s) |
+-----------------------+[0m
Finished cut 'match'
Finished cut 'CSC&DT>0'
Finished cut 'L1'
Finished cut 'CSCIT'
Finished cut 'DTIT'
Finished cut 'ME1'
Finished cut 'MB1'
Finished cut '1CSC1DT'
+----------------------------------------------------+
| MuonSystem Cuts (req. CSC>0 & DT>0 after each cut) |
+----------++-------------------+--------------------+
|          ||   Signal (eff.)   |    Data (eff.)     |
+----------++-------------------+--------------------+
| read     ||       1,135,129.9 |       14,597,375.0 |
| match    ||          21,268.8 |                    |
+----------++-------------------+--------------------+
| CSC&DT>0 || 21,268.8 (1.0000) | 929,292.0 (1.0000) |
| L1       ||  7,637.4 (0.3658) | 258,787.0 (0.5299) |
| CSCIT    ||  7,577.6 (0.9713) | 190,757.0 (0.6201) |
| DTIT/OOT ||  7,453.7 (0.9835) | 156,504.0 (0.7723) |
| ME1      ||  3,841.2 (0.5075) | 139,811.0 (0.7534) |
| MB1      ||    985.3 (0.2720) |   6,132.0 (0.2571) |
| 1CSC1DT  ||    985.3 (0.0463) |   5,985.0 (0.0064) |
+----------++-------------------+--------------------+

[92m+------------------+
| Making CSC Plots |
+------------------+[0m
Saved 'cscMuonVetoPt_DTOOT.png'
Saved 'cscJetVetoPt_DTOOT.png'
Saved 'cscR_DTOOT.png'
Saved 'cscZ_DTOOT.png'
Saved 'cscPhi_DTOOT.png'
Saved 'cscEta_DTOOT.png'
Saved 'cscSize_DTOOT.png'
Saved 'cscNStation10_DTOOT.png'
Saved 'cscMaxChamber_DTOOT.png'
Saved 'cscAvgStation10_DTOOT.png'
Saved 'cscMaxStation_DTOOT.png'
Saved 'cscMe11Ratio_DTOOT.png'
Saved 'cscMe12Ratio_DTOOT.png'

[92m+-----------------+
| Making DT Plots |
+-----------------+[0m
Saved 'dtJetVetoPt_DTOOT.png'
Saved 'dtMuonVetoPt_DTOOT.png'
Saved 'dtR_DTOOT.png'
Saved 'dtZ_DTOOT.png'
Saved 'dtPhi_DTOOT.png'
Saved 'dtEta_DTOOT.png'
Saved 'dtSize_DTOOT.png'
Saved 'dt_match_RPCBx_dPhi0p5_DTOOT.png'
Saved 'dtNStation10_DTOOT.png'
Saved 'dtAvgStation10_DTOOT.png'
Saved 'dtMaxStation_DTOOT.png'
Saved 'dtNHitStation1_DTOOT.png'
Saved 'dtMb1Ratio_DTOOT.png'

[92m+-------------------------+
| Making Event/2tag Plots |
+-------------------------+[0m
Saved 'tag_dEta_DTOOT.png'
Saved 'tag_dPhi_DTOOT.png'
Saved 'tag_dR_DTOOT.png'
Saved 'nCsc_DTOOT.png'
Saved 'nDt_DTOOT.png'
Saved 'met_DTOOT.png'
Saved 'runNum_DTOOT.png'
Saved 'cscR-dtR_DTOOT.png'

[92m+-----------------+
| Making 2D Plots |
+-----------------+[0m
Saved 'cscPhi_cscR_DTOOT.png'
Saved 'cscPhi_cscEta_DTOOT.png'
Saved 'cscEta_cscR_DTOOT.png'
Saved 'dtPhi_dtR_DTOOT.png'
Saved 'dtPhi_dtEta_DTOOT.png'
Saved 'dtEta_dtR_DTOOT.png'
Saved 'cscR_dtR_DTOOT.png'
Saved 'cscPhi_dtPhi_DTOOT.png'
Saved 'cscEta_dtEta_DTOOT.png'
Saved 'tag_dPhi_met_DTOOT.png'
Saved 'tag_dPhi_tag_dEta_DTOOT.png'
Saved 'tag_dPhi_tag_dR_DTOOT.png'
Saved 'tag_dEta_tag_dR_DTOOT.png'
Saved 'tag_dPhi_cscSize_DTOOT.png'
Saved 'tag_dPhi_cscPhi_DTOOT.png'
Saved 'tag_dPhi_cscEta_DTOOT.png'
Saved 'tag_dPhi_dtSize_DTOOT.png'
Saved 'tag_dPhi_dtPhi_DTOOT.png'
Saved 'tag_dPhi_dtEta_DTOOT.png'

[92m+-------------------+
| Making ABCD Plots |
+-------------------+[0m
Saved 'ABCD_000_DTOOT.png'
Saved 'ABCD_010_DTOOT.png'
Saved 'ABCD_020_DTOOT.png'
Saved 'ABCD_030_DTOOT.png'
Saved 'ABCD_040_DTOOT.png'
Saved 'ABCD_050_DTOOT.png'
Saved 'ABCD_060_DTOOT.png'
Saved 'ABCD_070_DTOOT.png'
Saved 'ABCD_080_DTOOT.png'
Saved 'ABCD_090_DTOOT.png'
Saved 'ABCD_100_DTOOT.png'

[92m+------------------------------+
| Performing ABCD Calculations |
+------------------------------+[0m
Saved 'closure_sig_DTOOT.png'
Saved 'closure_bkg_DTOOT.png'
+-------------------------------------------------------------------------------------------------------------+
|                                          ABCD (X: dPhi, Y: dtSize)                                          |
+--------+------++----------------+---------------+----------------+------------------+----------------+------+
|        | dPhi ||     Pred A     |       A       |       B        |        C         |       D        |  CL  |
+--------+------++----------------+---------------+----------------+------------------+----------------+------+
| Signal | 0.00 || 172.64 ± 34.68 | 120.21 ± 8.52 | 762.97 ± 21.47 |     82.76 ± 7.07 |   18.73 ± 3.36 | 1.47 |
| Data   |      ||   22.77 ± 2.18 |  16.00 ± 4.00 | 879.00 ± 29.65 | 4,942.00 ± 70.30 | 128.00 ± 11.31 | 1.49 |
+--------+------++----------------+---------------+----------------+------------------+----------------+------+
| Signal | 0.10 || 172.86 ± 35.88 | 120.21 ± 8.52 | 762.97 ± 21.47 |     77.32 ± 6.83 |   17.52 ± 3.25 | 1.43 |
| Data   |      ||   12.59 ± 2.48 |  16.00 ± 4.00 | 879.00 ± 29.65 | 1,885.00 ± 43.42 |   27.00 ± 5.20 | 0.72 |
+--------+------++----------------+---------------+----------------+------------------+----------------+------+
| Signal | 0.20 || 156.35 ± 34.60 | 120.21 ± 8.52 | 762.97 ± 21.47 |     73.70 ± 6.67 |   15.10 ± 3.02 | 1.01 |
| Data   |      ||   16.28 ± 3.71 |  16.00 ± 4.00 | 879.00 ± 29.65 | 1,080.00 ± 32.86 |   20.00 ± 4.47 | 0.05 |
+--------+------++----------------+---------------+----------------+------------------+----------------+------+
| Signal | 0.30 || 171.84 ± 38.35 | 120.21 ± 8.52 | 762.97 ± 21.47 |     67.05 ± 6.36 |   15.10 ± 3.02 | 1.31 |
| Data   |      ||   18.13 ± 4.49 |  16.00 ± 4.00 | 879.00 ± 29.65 |   824.00 ± 28.71 |   17.00 ± 4.12 | 0.36 |
+--------+------++----------------+---------------+----------------+------------------+----------------+------+
| Signal | 0.40 || 162.96 ± 38.55 | 120.21 ± 8.52 | 762.97 ± 21.47 |     62.22 ± 6.13 |   13.29 ± 2.83 | 1.08 |
| Data   |      ||   18.84 ± 4.96 |  16.00 ± 4.00 | 879.00 ± 29.65 |   700.00 ± 26.46 |   15.00 ± 3.87 | 0.45 |
+--------+------++----------------+---------------+----------------+------------------+----------------+------+
| Signal | 0.50 || 158.95 ± 39.33 | 120.21 ± 8.52 | 762.97 ± 21.47 |     57.99 ± 5.92 |   12.08 ± 2.70 | 0.96 |
| Data   |      ||   18.58 ± 5.25 |  16.00 ± 4.00 | 879.00 ± 29.65 |   615.00 ± 24.80 |   13.00 ± 3.61 | 0.39 |
+--------+------++----------------+---------------+----------------+------------------+----------------+------+
| Signal | 0.60 || 162.88 ± 41.42 | 120.21 ± 8.52 | 762.97 ± 21.47 |     53.76 ± 5.70 |   11.48 ± 2.63 | 1.01 |
| Data   |      ||   16.25 ± 5.21 |  16.00 ± 4.00 | 879.00 ± 29.65 |   541.00 ± 23.26 |   10.00 ± 3.16 | 0.04 |
+--------+------++----------------+---------------+----------------+------------------+----------------+------+
| Signal | 0.70 || 178.97 ± 45.90 | 120.21 ± 8.52 | 762.97 ± 21.47 |     48.93 ± 5.44 |   11.48 ± 2.63 | 1.26 |
| Data   |      ||   16.73 ± 5.66 |  16.00 ± 4.00 | 879.00 ± 29.65 |   473.00 ± 21.75 |    9.00 ± 3.00 | 0.10 |
+--------+------++----------------+---------------+----------------+------------------+----------------+------+
| Signal | 0.80 || 158.95 ± 45.34 | 120.21 ± 8.52 | 762.97 ± 21.47 |     43.49 ± 5.13 |    9.06 ± 2.34 | 0.84 |
| Data   |      ||   19.15 ± 6.49 |  16.00 ± 4.00 | 879.00 ± 29.65 |   413.00 ± 20.32 |    9.00 ± 3.00 | 0.41 |
+--------+------++----------------+---------------+----------------+------------------+----------------+------+
| Signal | 0.90 || 193.97 ± 56.36 | 120.21 ± 8.52 | 762.97 ± 21.47 |     35.64 ± 4.64 |    9.06 ± 2.34 | 1.29 |
| Data   |      ||   17.53 ± 6.72 |  16.00 ± 4.00 | 879.00 ± 29.65 |   351.00 ± 18.73 |    7.00 ± 2.65 | 0.20 |
+--------+------++----------------+---------------+----------------+------------------+----------------+------+
| Signal | 1.00 || 197.81 ± 59.58 | 120.21 ± 8.52 | 762.97 ± 21.47 |     32.62 ± 4.44 |    8.46 ± 2.26 | 1.29 |
| Data   |      ||   18.19 ± 7.53 |  16.00 ± 4.00 | 879.00 ± 29.65 |   290.00 ± 17.03 |    6.00 ± 2.45 | 0.26 |
+--------+------++----------------+---------------+----------------+------------------+----------------+------+
+--------------------------------------------------------------------------------------------------------+
|                                       ABCD (X: dPhi, Y: dtSize)                                        |
+------+------++--------------+--------------+----------------+------------------+----------------+------+
|      | dPhi ||    Pred A    |      A       |       B        |        C         |       D        |  CL  |
+------+------++--------------+--------------+----------------+------------------+----------------+------+
| Data | 0.00 || 22.77 ± 2.18 | 16.00 ± 4.00 | 879.00 ± 29.65 | 4,942.00 ± 70.30 | 128.00 ± 11.31 | 1.49 |
| Data | 0.10 || 12.59 ± 2.48 | 16.00 ± 4.00 | 879.00 ± 29.65 | 1,885.00 ± 43.42 |   27.00 ± 5.20 | 0.72 |
| Data | 0.20 || 16.28 ± 3.71 | 16.00 ± 4.00 | 879.00 ± 29.65 | 1,080.00 ± 32.86 |   20.00 ± 4.47 | 0.05 |
| Data | 0.30 || 18.13 ± 4.49 | 16.00 ± 4.00 | 879.00 ± 29.65 |   824.00 ± 28.71 |   17.00 ± 4.12 | 0.36 |
| Data | 0.40 || 18.84 ± 4.96 | 16.00 ± 4.00 | 879.00 ± 29.65 |   700.00 ± 26.46 |   15.00 ± 3.87 | 0.45 |
| Data | 0.50 || 18.58 ± 5.25 | 16.00 ± 4.00 | 879.00 ± 29.65 |   615.00 ± 24.80 |   13.00 ± 3.61 | 0.39 |
| Data | 0.60 || 16.25 ± 5.21 | 16.00 ± 4.00 | 879.00 ± 29.65 |   541.00 ± 23.26 |   10.00 ± 3.16 | 0.04 |
| Data | 0.70 || 16.73 ± 5.66 | 16.00 ± 4.00 | 879.00 ± 29.65 |   473.00 ± 21.75 |    9.00 ± 3.00 | 0.10 |
| Data | 0.80 || 19.15 ± 6.49 | 16.00 ± 4.00 | 879.00 ± 29.65 |   413.00 ± 20.32 |    9.00 ± 3.00 | 0.41 |
| Data | 0.90 || 17.53 ± 6.72 | 16.00 ± 4.00 | 879.00 ± 29.65 |   351.00 ± 18.73 |    7.00 ± 2.65 | 0.20 |
| Data | 1.00 || 18.19 ± 7.53 | 16.00 ± 4.00 | 879.00 ± 29.65 |   290.00 ± 17.03 |    6.00 ± 2.45 | 0.26 |
+------+------++--------------+--------------+----------------+------------------+----------------+------+
Saved 'closure_scan_dphi_DTOOT.png'
Saved 'closure_scan_dtsize_DTOOT.png'
Saved 'closure_scan_min_dphi_DTOOT.png'
Saved 'closure_scan_min_cscsize_DTOOT.png'

[92m+------------------+
| Making ROC Plots |
+------------------+[0m
+-------------------------------------------------------------------------------------+
|                              Evaluating Discriminators                              |
+---------------++-------+--------+---------+---------+---------+-----------+---------+
|               ||  AUC  | S/√[B] | Thresh  |   Sig   | Sig Eff |    Bkg    | Bkg Eff |
+---------------++-------+--------+---------+---------+---------+-----------+---------+
| tag_dPhi      || 0.943 | 40.839 |   2.670 | 593.216 |   0.602 |   211.000 |   0.035 |
| tag_dR        || 0.917 | 36.147 |   2.763 | 695.303 |   0.706 |   370.000 |   0.062 |
| dtSize        || 0.743 | 16.320 | 108.080 | 494.753 |   0.502 |   919.000 |   0.154 |
| dtNStation10  || 0.619 | 13.289 |   1.000 | 450.050 |   0.457 | 1,147.000 |   0.192 |
| cscNStation10 || 0.541 | 10.184 |   1.000 | 512.876 |   0.521 | 2,536.000 |   0.424 |
| cscSize       || 0.685 | 13.874 | 285.180 | 727.319 |   0.738 | 2,748.000 |   0.459 |
| dtPhi.abs     || 0.530 | 13.149 |   0.157 | 945.386 |   0.960 | 5,169.000 |   0.864 |
| tag_dEta      || 0.434 | 12.728 |   0.003 | 984.650 |   0.999 | 5,985.000 |   1.000 |
+---------------++-------+--------+---------+---------+---------+-----------+---------+
Saved 'rocs_DTOOT.png'

[96m#=======================#
# Finished train_bdt.py #
#=======================#[0m
