[96m#=======================#
# Starting train_bdt.py #
#=======================#[0m
[96m  VERBOSE      = True[0m
[96m  SAVE_STAT    = 'BLINDSR'[0m
[96m  OUT_DIR      = 'reports/weekly/2023-09-21/neither_BLINDSR'[0m
[96m  BLIND_TYPE   = 'BLINDSR'[0m
[96m  TRAIN_BDT    = False[0m
[96m  TEST_SIZE    = 0.8[0m
[96m  N_EVENTS     = -1[0m
[96m  DATA_VERSION = 6[0m
[96m  LUMI         = 23,020.0[0m
[96m  DATA_DIR     = 'LOCAL'[0m

[92m+------------------------+
| Building MuonSystem(s) |
+------------------------+[0m
Building MuonSystemAwkward 'Signal' -
  is_mc  = True
  events = -1
  tree   = 'MuonSystem'
  file   = '/home/psimmerl/LLP/mdc_analysis/data/raw/ggH_HToSSTobbbb_MH-125_MS-15_CTau1000_13p6TeV_1pb_weighted_v6.root'
  Extracted 1,851,400 events
Building MuonSystemAwkward 'Data' -
  is_mc  = False
  events = -1
  tree   = 'MuonSystem'
  file   = '/home/psimmerl/LLP/mdc_analysis/data/raw/DisplacedJet-EXOCSCCluster_Run2022EFG-PromptReco-v1_goodLumi_v6.root'
  Extracted 14,597,375 events

[92m+-----------------------+
| Cutting MuonSystem(s) |
+-----------------------+[0m
Finished cut 'match'
Finished cut 'CSC&DT>0'
Finished cut 'L1'
Finished cut 'CSCIT'
Finished cut 'DTIT'
Finished cut 'ME1'
Finished cut 'MB1'
Finished cut '1CSC1DT'
Finished cut 'BLINDSR'
+----------------------------------------------------+
| MuonSystem Cuts (req. CSC>0 & DT>0 after each cut) |
+----------++-------------------+--------------------+
|          ||   Signal (eff.)   |    Data (eff.)     |
+----------++-------------------+--------------------+
| read     ||       1,135,129.9 |       14,597,375.0 |
| match    ||          21,268.8 |                    |
+----------++-------------------+--------------------+
| CSC&DT>0 || 21,268.8 (1.0000) | 929,292.0 (1.0000) |
| L1       ||  7,637.4 (0.3658) | 258,787.0 (0.5299) |
| CSCIT    ||  7,577.6 (0.9713) | 190,757.0 (0.6201) |
| DTIT     ||  7,453.7 (0.9835) |  37,557.0 (0.2277) |
| ME1      ||  3,841.2 (0.5075) |  33,735.0 (0.7534) |
| MB1      ||    985.3 (0.2720) |     693.0 (0.2571) |
| 1CSC1DT  ||    985.3 (0.0463) |     683.0 (0.0007) |
| BLINDSR  ||                   |     679.0 (1.0000) |
+----------++-------------------+--------------------+

[92m+------------------+
| Making CSC Plots |
+------------------+[0m
Saved 'cscMuonVetoPt_BLINDSR.png'
Saved 'cscJetVetoPt_BLINDSR.png'
Saved 'cscR_BLINDSR.png'
Saved 'cscZ_BLINDSR.png'
Saved 'cscPhi_BLINDSR.png'
Saved 'cscEta_BLINDSR.png'
Saved 'cscSize_BLINDSR.png'
Saved 'cscNStation10_BLINDSR.png'
Saved 'cscMaxChamber_BLINDSR.png'
Saved 'cscAvgStation10_BLINDSR.png'
Saved 'cscMaxStation_BLINDSR.png'
Saved 'cscMe11Ratio_BLINDSR.png'
Saved 'cscMe12Ratio_BLINDSR.png'

[92m+-----------------+
| Making DT Plots |
+-----------------+[0m
Saved 'dtJetVetoPt_BLINDSR.png'
Saved 'dtMuonVetoPt_BLINDSR.png'
Saved 'dtR_BLINDSR.png'
Saved 'dtZ_BLINDSR.png'
Saved 'dtPhi_BLINDSR.png'
Saved 'dtEta_BLINDSR.png'
Saved 'dtSize_BLINDSR.png'
Saved 'dt_match_RPCBx_dPhi0p5_BLINDSR.png'
Saved 'dtNStation10_BLINDSR.png'
Saved 'dtAvgStation10_BLINDSR.png'
Saved 'dtMaxStation_BLINDSR.png'
Saved 'dtNHitStation1_BLINDSR.png'
Saved 'dtMb1Ratio_BLINDSR.png'

[92m+-------------------------+
| Making Event/2tag Plots |
+-------------------------+[0m
Saved 'tag_dEta_BLINDSR.png'
Saved 'tag_dPhi_BLINDSR.png'
Saved 'tag_dR_BLINDSR.png'
Saved 'nCsc_BLINDSR.png'
Saved 'nDt_BLINDSR.png'
Saved 'met_BLINDSR.png'
Saved 'runNum_BLINDSR.png'
Saved 'cscR-dtR_BLINDSR.png'

[92m+-----------------+
| Making 2D Plots |
+-----------------+[0m
Saved 'cscPhi_cscR_BLINDSR.png'
Saved 'cscPhi_cscEta_BLINDSR.png'
Saved 'cscEta_cscR_BLINDSR.png'
Saved 'dtPhi_dtR_BLINDSR.png'
Saved 'dtPhi_dtEta_BLINDSR.png'
Saved 'dtEta_dtR_BLINDSR.png'
Saved 'cscR_dtR_BLINDSR.png'
Saved 'cscPhi_dtPhi_BLINDSR.png'
Saved 'cscEta_dtEta_BLINDSR.png'
Saved 'tag_dPhi_met_BLINDSR.png'
Saved 'tag_dPhi_tag_dEta_BLINDSR.png'
Saved 'tag_dPhi_tag_dR_BLINDSR.png'
Saved 'tag_dEta_tag_dR_BLINDSR.png'
Saved 'tag_dPhi_cscSize_BLINDSR.png'
Saved 'tag_dPhi_cscPhi_BLINDSR.png'
Saved 'tag_dPhi_cscEta_BLINDSR.png'
Saved 'tag_dPhi_dtSize_BLINDSR.png'
Saved 'tag_dPhi_dtPhi_BLINDSR.png'
Saved 'tag_dPhi_dtEta_BLINDSR.png'

[92m+-------------------+
| Making ABCD Plots |
+-------------------+[0m
Saved 'ABCD_000_BLINDSR.png'
Saved 'ABCD_010_BLINDSR.png'
Saved 'ABCD_020_BLINDSR.png'
Saved 'ABCD_030_BLINDSR.png'
Saved 'ABCD_040_BLINDSR.png'
Saved 'ABCD_050_BLINDSR.png'
Saved 'ABCD_060_BLINDSR.png'
Saved 'ABCD_070_BLINDSR.png'
Saved 'ABCD_080_BLINDSR.png'
Saved 'ABCD_090_BLINDSR.png'
Saved 'ABCD_100_BLINDSR.png'

[92m+------------------------------+
| Performing ABCD Calculations |
+------------------------------+[0m
Saved 'closure_sig_BLINDSR.png'
Saved 'closure_bkg_BLINDSR.png'
+---------------------------------------------------------------------------------------------------------+
|                                        ABCD (X: dPhi, Y: dtSize)                                        |
+--------+------++----------------+---------------+----------------+----------------+--------------+------+
|        | dPhi ||     Pred A     |       A       |       B        |       C        |      D       |  CL  |
+--------+------++----------------+---------------+----------------+----------------+--------------+------+
| Signal | 0.00 || 172.64 ± 34.68 | 120.21 ± 8.52 | 762.97 ± 21.47 |   82.76 ± 7.07 | 18.73 ± 3.36 | 1.47 |
| Data   |      ||   11.55 ± 2.59 |               | 219.00 ± 14.80 | 436.00 ± 20.88 | 23.00 ± 4.80 |      |
+--------+------++----------------+---------------+----------------+----------------+--------------+------+
| Signal | 0.10 || 172.86 ± 35.88 | 120.21 ± 8.52 | 762.97 ± 21.47 |   77.32 ± 6.83 | 17.52 ± 3.25 | 1.43 |
| Data   |      ||    8.45 ± 2.66 |               | 219.00 ± 14.80 | 285.00 ± 16.88 | 11.00 ± 3.32 |      |
+--------+------++----------------+---------------+----------------+----------------+--------------+------+
| Signal | 0.20 || 156.35 ± 34.60 | 120.21 ± 8.52 | 762.97 ± 21.47 |   73.70 ± 6.67 | 15.10 ± 3.02 | 1.01 |
| Data   |      ||    9.64 ± 3.04 |               | 219.00 ± 14.80 | 250.00 ± 15.81 | 11.00 ± 3.32 |      |
+--------+------++----------------+---------------+----------------+----------------+--------------+------+
| Signal | 0.30 || 171.84 ± 38.35 | 120.21 ± 8.52 | 762.97 ± 21.47 |   67.05 ± 6.36 | 15.10 ± 3.02 | 1.31 |
| Data   |      ||   10.21 ± 3.22 |               | 219.00 ± 14.80 | 236.00 ± 15.36 | 11.00 ± 3.32 |      |
+--------+------++----------------+---------------+----------------+----------------+--------------+------+
| Signal | 0.40 || 162.96 ± 38.55 | 120.21 ± 8.52 | 762.97 ± 21.47 |   62.22 ± 6.13 | 13.29 ± 2.83 | 1.08 |
| Data   |      ||    8.23 ± 3.01 |               | 219.00 ± 14.80 | 213.00 ± 14.59 |  8.00 ± 2.83 |      |
+--------+------++----------------+---------------+----------------+----------------+--------------+------+
| Signal | 0.50 || 158.95 ± 39.33 | 120.21 ± 8.52 | 762.97 ± 21.47 |   57.99 ± 5.92 | 12.08 ± 2.70 | 0.96 |
| Data   |      ||    8.03 ± 3.14 |               | 219.00 ± 14.80 | 191.00 ± 13.82 |  7.00 ± 2.65 |      |
+--------+------++----------------+---------------+----------------+----------------+--------------+------+
| Signal | 0.60 || 162.88 ± 41.42 | 120.21 ± 8.52 | 762.97 ± 21.47 |   53.76 ± 5.70 | 11.48 ± 2.63 | 1.01 |
| Data   |      ||    8.01 ± 3.37 |               | 219.00 ± 14.80 | 164.00 ± 12.81 |  6.00 ± 2.45 |      |
+--------+------++----------------+---------------+----------------+----------------+--------------+------+
| Signal | 0.70 || 178.97 ± 45.90 | 120.21 ± 8.52 | 762.97 ± 21.47 |   48.93 ± 5.44 | 11.48 ± 2.63 | 1.26 |
| Data   |      ||    7.60 ± 3.50 |               | 219.00 ± 14.80 | 144.00 ± 12.00 |  5.00 ± 2.24 |      |
+--------+------++----------------+---------------+----------------+----------------+--------------+------+
| Signal | 0.80 || 158.95 ± 45.34 | 120.21 ± 8.52 | 762.97 ± 21.47 |   43.49 ± 5.13 |  9.06 ± 2.34 | 0.84 |
| Data   |      ||    8.49 ± 3.91 |               | 219.00 ± 14.80 | 129.00 ± 11.36 |  5.00 ± 2.24 |      |
+--------+------++----------------+---------------+----------------+----------------+--------------+------+
| Signal | 0.90 || 193.97 ± 56.36 | 120.21 ± 8.52 | 762.97 ± 21.47 |   35.64 ± 4.64 |  9.06 ± 2.34 | 1.29 |
| Data   |      ||    5.87 ± 3.45 |               | 219.00 ± 14.80 | 112.00 ± 10.58 |  3.00 ± 1.73 |      |
+--------+------++----------------+---------------+----------------+----------------+--------------+------+
| Signal | 1.00 || 197.81 ± 59.58 | 120.21 ± 8.52 | 762.97 ± 21.47 |   32.62 ± 4.44 |  8.46 ± 2.26 | 1.29 |
| Data   |      ||    4.71 ± 3.38 |               | 219.00 ± 14.80 |   93.00 ± 9.64 |  2.00 ± 1.41 |      |
+--------+------++----------------+---------------+----------------+----------------+--------------+------+
+-----------------------------------------------------------------------------------------+
|                                ABCD (X: dPhi, Y: dtSize)                                |
+------+------++--------------+-----+----------------+----------------+--------------+----+
|      | dPhi ||    Pred A    |  A  |       B        |       C        |      D       | CL |
+------+------++--------------+-----+----------------+----------------+--------------+----+
| Data | 0.00 || 11.55 ± 2.59 |     | 219.00 ± 14.80 | 436.00 ± 20.88 | 23.00 ± 4.80 |    |
| Data | 0.10 ||  8.45 ± 2.66 |     | 219.00 ± 14.80 | 285.00 ± 16.88 | 11.00 ± 3.32 |    |
| Data | 0.20 ||  9.64 ± 3.04 |     | 219.00 ± 14.80 | 250.00 ± 15.81 | 11.00 ± 3.32 |    |
| Data | 0.30 || 10.21 ± 3.22 |     | 219.00 ± 14.80 | 236.00 ± 15.36 | 11.00 ± 3.32 |    |
| Data | 0.40 ||  8.23 ± 3.01 |     | 219.00 ± 14.80 | 213.00 ± 14.59 |  8.00 ± 2.83 |    |
| Data | 0.50 ||  8.03 ± 3.14 |     | 219.00 ± 14.80 | 191.00 ± 13.82 |  7.00 ± 2.65 |    |
| Data | 0.60 ||  8.01 ± 3.37 |     | 219.00 ± 14.80 | 164.00 ± 12.81 |  6.00 ± 2.45 |    |
| Data | 0.70 ||  7.60 ± 3.50 |     | 219.00 ± 14.80 | 144.00 ± 12.00 |  5.00 ± 2.24 |    |
| Data | 0.80 ||  8.49 ± 3.91 |     | 219.00 ± 14.80 | 129.00 ± 11.36 |  5.00 ± 2.24 |    |
| Data | 0.90 ||  5.87 ± 3.45 |     | 219.00 ± 14.80 | 112.00 ± 10.58 |  3.00 ± 1.73 |    |
| Data | 1.00 ||  4.71 ± 3.38 |     | 219.00 ± 14.80 |   93.00 ± 9.64 |  2.00 ± 1.41 |    |
+------+------++--------------+-----+----------------+----------------+--------------+----+
Saved 'closure_scan_dphi_BLINDSR.png'
Saved 'closure_scan_dtsize_BLINDSR.png'
Saved 'closure_scan_min_dphi_BLINDSR.png'
Saved 'closure_scan_min_cscsize_BLINDSR.png'

[92m+------------------+
| Making ROC Plots |
+------------------+[0m
+-----------------------------------------------------------------------------------+
|                             Evaluating Discriminators                             |
+---------------++-------+--------+---------+---------+---------+---------+---------+
|               ||  AUC  | S/√[B] | Thresh  |   Sig   | Sig Eff |   Bkg   | Bkg Eff |
+---------------++-------+--------+---------+---------+---------+---------+---------+
| tag_dPhi      || 0.889 | 90.524 |   2.953 | 300.234 |   0.305 |  11.000 |   0.016 |
| tag_dR        || 0.882 | 83.245 |   2.805 | 671.141 |   0.681 |  65.000 |   0.096 |
| cscNStation10 || 0.613 | 37.110 |   1.000 | 512.876 |   0.521 | 191.000 |   0.281 |
| dtSize        || 0.747 | 47.781 |  87.360 | 662.080 |   0.672 | 192.000 |   0.283 |
| dtNStation10  || 0.427 | 23.954 |   1.000 | 450.050 |   0.457 | 353.000 |   0.520 |
| cscSize       || 0.666 | 40.683 | 259.300 | 803.431 |   0.815 | 390.000 |   0.574 |
| dtPhi.abs     || 0.519 | 37.832 |   0.034 | 975.589 |   0.990 | 665.000 |   0.979 |
| tag_dEta      || 0.548 | 37.787 |   0.003 | 984.650 |   0.999 | 679.000 |   1.000 |
+---------------++-------+--------+---------+---------+---------+---------+---------+
Saved 'rocs_BLINDSR.png'

[96m#=======================#
# Finished train_bdt.py #
#=======================#[0m
