[96m#=======================#
# Starting train_bdt.py #
#=======================#[0m
[96m  VERBOSE      = True[0m
[96m  SAVE_STAT    = 'BLINDSR'[0m
[96m  OUT_DIR      = 'reports/weekly/2023-09-21/standard_BLINDSR'[0m
[96m  BLIND_TYPE   = 'BLINDSR'[0m
[96m  TRAIN_BDT    = False[0m
[96m  TEST_SIZE    = 0.8[0m
[96m  N_EVENTS     = -1[0m
[96m  DATA_VERSION = 6[0m
[96m  LUMI         = 23,020.0[0m
[96m  DATA_DIR     = 'LOCAL'[0m

[92m+------------------------+
| Building MuonSystem(s) |
+------------------------+[0m
Building MuonSystemAwkward 'Signal' -
  is_mc  = True
  events = -1
  tree   = 'MuonSystem'
  file   = '/home/psimmerl/LLP/mdc_analysis/data/raw/ggH_HToSSTobbbb_MH-125_MS-15_CTau1000_13p6TeV_1pb_weighted_v6.root'
  Extracted 1,851,400 events
Building MuonSystemAwkward 'Data' -
  is_mc  = False
  events = -1
  tree   = 'MuonSystem'
  file   = '/home/psimmerl/LLP/mdc_analysis/data/raw/DisplacedJet-EXOCSCCluster_Run2022EFG-PromptReco-v1_goodLumi_v6.root'
  Extracted 14,597,375 events

[92m+-----------------------+
| Cutting MuonSystem(s) |
+-----------------------+[0m
Finished cut 'match'
Finished cut 'CSC&DT>0'
Finished cut 'L1'
Finished cut 'CSCIT'
Finished cut 'DTIT'
Finished cut 'ME1'
Finished cut 'MB1'
Finished cut 'HALO'
Finished cut '1CSC1DT'
Finished cut 'BLINDSR'
Finished cut 'DPHI'
+----------------------------------------------------+
| MuonSystem Cuts (req. CSC>0 & DT>0 after each cut) |
+----------++-------------------+--------------------+
|          ||   Signal (eff.)   |    Data (eff.)     |
+----------++-------------------+--------------------+
| read     ||       1,135,129.9 |       14,597,375.0 |
| match    ||          21,268.8 |                    |
+----------++-------------------+--------------------+
| CSC&DT>0 || 21,268.8 (1.0000) | 929,292.0 (1.0000) |
| L1       ||  7,637.4 (0.3658) | 258,787.0 (0.5299) |
| CSCIT    ||  7,577.6 (0.9713) | 190,757.0 (0.6201) |
| DTIT     ||  7,453.7 (0.9835) |  37,557.0 (0.2277) |
| ME1      ||  3,841.2 (0.5075) |  33,735.0 (0.7534) |
| MB1      ||    985.3 (0.2720) |     693.0 (0.2571) |
| HALO     ||    729.7 (0.7464) |     491.0 (0.6976) |
| 1CSC1DT  ||    729.7 (0.0343) |     486.0 (0.0005) |
| BLINDSR  ||                   |     483.0 (1.0000) |
| DPHI     ||    710.4 (0.0334) |     327.0 (0.0004) |
+----------++-------------------+--------------------+

[92m+------------------+
| Making CSC Plots |
+------------------+[0m
Saved 'cscMuonVetoPt_BLINDSR.png'
Saved 'cscJetVetoPt_BLINDSR.png'
Saved 'cscR_BLINDSR.png'
Saved 'cscZ_BLINDSR.png'
Saved 'cscPhi_BLINDSR.png'
Saved 'cscEta_BLINDSR.png'
Saved 'cscSize_BLINDSR.png'
Saved 'cscNStation10_BLINDSR.png'
Saved 'cscMaxChamber_BLINDSR.png'
Saved 'cscAvgStation10_BLINDSR.png'
Saved 'cscMaxStation_BLINDSR.png'
Saved 'cscMe11Ratio_BLINDSR.png'
Saved 'cscMe12Ratio_BLINDSR.png'

[92m+-----------------+
| Making DT Plots |
+-----------------+[0m
Saved 'dtJetVetoPt_BLINDSR.png'
Saved 'dtMuonVetoPt_BLINDSR.png'
Saved 'dtR_BLINDSR.png'
Saved 'dtZ_BLINDSR.png'
Saved 'dtPhi_BLINDSR.png'
Saved 'dtEta_BLINDSR.png'
Saved 'dtSize_BLINDSR.png'
Saved 'dt_match_RPCBx_dPhi0p5_BLINDSR.png'
Saved 'dtNStation10_BLINDSR.png'
Saved 'dtAvgStation10_BLINDSR.png'
Saved 'dtMaxStation_BLINDSR.png'
Saved 'dtNHitStation1_BLINDSR.png'
Saved 'dtMb1Ratio_BLINDSR.png'

[92m+-------------------------+
| Making Event/2tag Plots |
+-------------------------+[0m
Saved 'tag_dEta_BLINDSR.png'
Saved 'tag_dPhi_BLINDSR.png'
Saved 'tag_dR_BLINDSR.png'
Saved 'nCsc_BLINDSR.png'
Saved 'nDt_BLINDSR.png'
Saved 'met_BLINDSR.png'
Saved 'runNum_BLINDSR.png'
Saved 'cscR-dtR_BLINDSR.png'

[92m+-----------------+
| Making 2D Plots |
+-----------------+[0m
Saved 'cscPhi_cscR_BLINDSR.png'
Saved 'cscPhi_cscEta_BLINDSR.png'
Saved 'cscEta_cscR_BLINDSR.png'
Saved 'dtPhi_dtR_BLINDSR.png'
Saved 'dtPhi_dtEta_BLINDSR.png'
Saved 'dtEta_dtR_BLINDSR.png'
Saved 'cscR_dtR_BLINDSR.png'
Saved 'cscPhi_dtPhi_BLINDSR.png'
Saved 'cscEta_dtEta_BLINDSR.png'
Saved 'tag_dPhi_met_BLINDSR.png'
Saved 'tag_dPhi_tag_dEta_BLINDSR.png'
Saved 'tag_dPhi_tag_dR_BLINDSR.png'
Saved 'tag_dEta_tag_dR_BLINDSR.png'
Saved 'tag_dPhi_cscSize_BLINDSR.png'
Saved 'tag_dPhi_cscPhi_BLINDSR.png'
Saved 'tag_dPhi_cscEta_BLINDSR.png'
Saved 'tag_dPhi_dtSize_BLINDSR.png'
Saved 'tag_dPhi_dtPhi_BLINDSR.png'
Saved 'tag_dPhi_dtEta_BLINDSR.png'

[92m+-------------------+
| Making ABCD Plots |
+-------------------+[0m
Saved 'ABCD_040_BLINDSR.png'
Saved 'ABCD_050_BLINDSR.png'
Saved 'ABCD_060_BLINDSR.png'
Saved 'ABCD_070_BLINDSR.png'
Saved 'ABCD_080_BLINDSR.png'
Saved 'ABCD_090_BLINDSR.png'
Saved 'ABCD_100_BLINDSR.png'

[92m+------------------------------+
| Performing ABCD Calculations |
+------------------------------+[0m
Saved 'closure_sig_BLINDSR.png'
Saved 'closure_bkg_BLINDSR.png'
+-------------------------------------------------------------------------------------------------------+
|                                       ABCD (X: dPhi, Y: dtSize)                                       |
+--------+------++----------------+--------------+----------------+----------------+-------------+------+
|        | dPhi ||     Pred A     |      A       |       B        |       C        |      D      |  CL  |
+--------+------++----------------+--------------+----------------+----------------+-------------+------+
| Signal | 0.40 || 117.55 ± 33.58 | 93.03 ± 7.50 | 564.22 ± 18.46 |   43.49 ± 5.13 | 9.06 ± 2.34 | 0.71 |
| Data   |      ||    8.57 ± 3.18 |              | 165.00 ± 12.85 | 154.00 ± 12.41 | 8.00 ± 2.83 |      |
+--------+------++----------------+--------------+----------------+----------------+-------------+------+
| Signal | 0.50 || 109.48 ± 33.37 | 93.03 ± 7.50 | 564.22 ± 18.46 |   40.47 ± 4.94 | 7.85 ± 2.18 | 0.48 |
| Data   |      ||    8.25 ± 3.26 |              | 165.00 ± 12.85 | 140.00 ± 11.83 | 7.00 ± 2.65 |      |
+--------+------++----------------+--------------+----------------+----------------+-------------+------+
| Signal | 0.60 || 107.47 ± 34.03 | 93.03 ± 7.50 | 564.22 ± 18.46 |   38.06 ± 4.79 | 7.25 ± 2.09 | 0.41 |
| Data   |      ||    8.11 ± 3.45 |              | 165.00 ± 12.85 | 122.00 ± 11.05 | 6.00 ± 2.45 |      |
+--------+------++----------------+--------------+----------------+----------------+-------------+------+
| Signal | 0.70 || 116.74 ± 37.22 | 93.03 ± 7.50 | 564.22 ± 18.46 |   35.04 ± 4.60 | 7.25 ± 2.09 | 0.62 |
| Data   |      ||    7.86 ± 3.65 |              | 165.00 ± 12.85 | 105.00 ± 10.25 | 5.00 ± 2.24 |      |
+--------+------++----------------+--------------+----------------+----------------+-------------+------+
| Signal | 0.80 ||  95.81 ± 34.68 | 93.03 ± 7.50 | 564.22 ± 18.46 |   32.02 ± 4.40 | 5.44 ± 1.81 | 0.08 |
| Data   |      ||    8.87 ± 4.13 |              | 165.00 ± 12.85 |   93.00 ± 9.64 | 5.00 ± 2.24 |      |
+--------+------++----------------+--------------+----------------+----------------+-------------+------+
| Signal | 0.90 || 123.85 ± 45.77 | 93.03 ± 7.50 | 564.22 ± 18.46 |   24.77 ± 3.87 | 5.44 ± 1.81 | 0.66 |
| Data   |      ||    6.27 ± 3.72 |              | 165.00 ± 12.85 |   79.00 ± 8.89 | 3.00 ± 1.73 |      |
+--------+------++----------------+--------------+----------------+----------------+-------------+------+
| Signal | 1.00 || 118.78 ± 46.37 | 93.03 ± 7.50 | 564.22 ± 18.46 |   22.96 ± 3.72 | 4.83 ± 1.71 | 0.55 |
| Data   |      ||    5.08 ± 3.67 |              | 165.00 ± 12.85 |   65.00 ± 8.06 | 2.00 ± 1.41 |      |
+--------+------++----------------+--------------+----------------+----------------+-------------+------+
+---------------------------------------------------------------------------------------+
|                               ABCD (X: dPhi, Y: dtSize)                               |
+------+------++-------------+-----+----------------+----------------+-------------+----+
|      | dPhi ||   Pred A    |  A  |       B        |       C        |      D      | CL |
+------+------++-------------+-----+----------------+----------------+-------------+----+
| Data | 0.40 || 8.57 ± 3.18 |     | 165.00 ± 12.85 | 154.00 ± 12.41 | 8.00 ± 2.83 |    |
| Data | 0.50 || 8.25 ± 3.26 |     | 165.00 ± 12.85 | 140.00 ± 11.83 | 7.00 ± 2.65 |    |
| Data | 0.60 || 8.11 ± 3.45 |     | 165.00 ± 12.85 | 122.00 ± 11.05 | 6.00 ± 2.45 |    |
| Data | 0.70 || 7.86 ± 3.65 |     | 165.00 ± 12.85 | 105.00 ± 10.25 | 5.00 ± 2.24 |    |
| Data | 0.80 || 8.87 ± 4.13 |     | 165.00 ± 12.85 |   93.00 ± 9.64 | 5.00 ± 2.24 |    |
| Data | 0.90 || 6.27 ± 3.72 |     | 165.00 ± 12.85 |   79.00 ± 8.89 | 3.00 ± 1.73 |    |
| Data | 1.00 || 5.08 ± 3.67 |     | 165.00 ± 12.85 |   65.00 ± 8.06 | 2.00 ± 1.41 |    |
+------+------++-------------+-----+----------------+----------------+-------------+----+
Saved 'closure_scan_dphi_BLINDSR.png'
Saved 'closure_scan_dtsize_BLINDSR.png'
Saved 'closure_scan_min_dphi_BLINDSR.png'
Saved 'closure_scan_min_cscsize_BLINDSR.png'

[92m+------------------+
| Making ROC Plots |
+------------------+[0m
+-----------------------------------------------------------------------------------+
|                             Evaluating Discriminators                             |
+---------------++-------+--------+---------+---------+---------+---------+---------+
|               ||  AUC  | S/√[B] | Thresh  |   Sig   | Sig Eff |   Bkg   | Bkg Eff |
+---------------++-------+--------+---------+---------+---------+---------+---------+
| tag_dPhi      || 0.854 | 74.120 |   2.594 | 468.777 |   0.660 |  40.000 |   0.122 |
| tag_dR        || 0.850 | 73.116 |   2.860 | 468.173 |   0.659 |  41.000 |   0.125 |
| cscNStation10 || 0.664 | 47.492 |   1.000 | 376.954 |   0.531 |  63.000 |   0.193 |
| dtSize        || 0.772 | 54.327 |  87.360 | 473.610 |   0.667 |  76.000 |   0.232 |
| cscSize       || 0.617 | 40.817 | 244.080 | 614.963 |   0.866 | 227.000 |   0.694 |
| dtNStation10  || 0.283 | 19.913 |   1.000 | 312.316 |   0.440 | 246.000 |   0.752 |
| tag_dEta      || 0.578 | 39.459 |   0.242 | 702.552 |   0.989 | 317.000 |   0.969 |
| dtPhi.abs     || 0.505 | 39.252 |   0.401 | 709.801 |   0.999 | 327.000 |   1.000 |
+---------------++-------+--------+---------+---------+---------+---------+---------+
Saved 'rocs_BLINDSR.png'

[96m#=======================#
# Finished train_bdt.py #
#=======================#[0m
