[96m#=======================#
# Starting train_bdt.py #
#=======================#[0m
[96m  VERBOSE      = True[0m
[96m  SAVE_STAT    = 'DTOOT'[0m
[96m  OUT_DIR      = 'reports/weekly/2023-09-21/standard_DTOOT'[0m
[96m  BLIND_TYPE   = 'DTOOT'[0m
[96m  TRAIN_BDT    = False[0m
[96m  TEST_SIZE    = 0.8[0m
[96m  N_EVENTS     = -1[0m
[96m  DATA_VERSION = 6[0m
[96m  LUMI         = 23,020.0[0m
[96m  DATA_DIR     = 'LOCAL'[0m

[92m+------------------------+
| Building MuonSystem(s) |
+------------------------+[0m
Building MuonSystemAwkward 'Signal' -
  is_mc  = True
  events = -1
  tree   = 'MuonSystem'
  file   = '/home/psimmerl/LLP/mdc_analysis/data/raw/ggH_HToSSTobbbb_MH-125_MS-15_CTau1000_13p6TeV_1pb_weighted_v6.root'
  Extracted 1,851,400 events
Building MuonSystemAwkward 'Data' -
  is_mc  = False
  events = -1
  tree   = 'MuonSystem'
  file   = '/home/psimmerl/LLP/mdc_analysis/data/raw/DisplacedJet-EXOCSCCluster_Run2022EFG-PromptReco-v1_goodLumi_v6.root'
  Extracted 14,597,375 events

[92m+-----------------------+
| Cutting MuonSystem(s) |
+-----------------------+[0m
Finished cut 'match'
Finished cut 'CSC&DT>0'
Finished cut 'L1'
Finished cut 'CSCIT'
Finished cut 'DTIT'
Finished cut 'ME1'
Finished cut 'MB1'
Finished cut 'HALO'
Finished cut '1CSC1DT'
Finished cut 'DPHI'
+----------------------------------------------------+
| MuonSystem Cuts (req. CSC>0 & DT>0 after each cut) |
+----------++-------------------+--------------------+
|          ||   Signal (eff.)   |    Data (eff.)     |
+----------++-------------------+--------------------+
| read     ||       1,135,129.9 |       14,597,375.0 |
| match    ||          21,268.8 |                    |
+----------++-------------------+--------------------+
| CSC&DT>0 || 21,268.8 (1.0000) | 929,292.0 (1.0000) |
| L1       ||  7,637.4 (0.3658) | 258,787.0 (0.5299) |
| CSCIT    ||  7,577.6 (0.9713) | 190,757.0 (0.6201) |
| DTIT/OOT ||  7,453.7 (0.9835) | 156,504.0 (0.7723) |
| ME1      ||  3,841.2 (0.5075) | 139,811.0 (0.7534) |
| MB1      ||    985.3 (0.2720) |   6,132.0 (0.2571) |
| HALO     ||    729.7 (0.7464) |   3,619.0 (0.6976) |
| 1CSC1DT  ||    729.7 (0.0343) |   3,553.0 (0.0038) |
| DPHI     ||    710.4 (0.0334) |   1,208.0 (0.0013) |
+----------++-------------------+--------------------+

[92m+------------------+
| Making CSC Plots |
+------------------+[0m
Saved 'cscMuonVetoPt_DTOOT.png'
Saved 'cscJetVetoPt_DTOOT.png'
Saved 'cscR_DTOOT.png'
Saved 'cscZ_DTOOT.png'
Saved 'cscPhi_DTOOT.png'
Saved 'cscEta_DTOOT.png'
Saved 'cscSize_DTOOT.png'
Saved 'cscNStation10_DTOOT.png'
Saved 'cscMaxChamber_DTOOT.png'
Saved 'cscAvgStation10_DTOOT.png'
Saved 'cscMaxStation_DTOOT.png'
Saved 'cscMe11Ratio_DTOOT.png'
Saved 'cscMe12Ratio_DTOOT.png'

[92m+-----------------+
| Making DT Plots |
+-----------------+[0m
Saved 'dtJetVetoPt_DTOOT.png'
Saved 'dtMuonVetoPt_DTOOT.png'
Saved 'dtR_DTOOT.png'
Saved 'dtZ_DTOOT.png'
Saved 'dtPhi_DTOOT.png'
Saved 'dtEta_DTOOT.png'
Saved 'dtSize_DTOOT.png'
Saved 'dt_match_RPCBx_dPhi0p5_DTOOT.png'
Saved 'dtNStation10_DTOOT.png'
Saved 'dtAvgStation10_DTOOT.png'
Saved 'dtMaxStation_DTOOT.png'
Saved 'dtNHitStation1_DTOOT.png'
Saved 'dtMb1Ratio_DTOOT.png'

[92m+-------------------------+
| Making Event/2tag Plots |
+-------------------------+[0m
Saved 'tag_dEta_DTOOT.png'
Saved 'tag_dPhi_DTOOT.png'
Saved 'tag_dR_DTOOT.png'
Saved 'nCsc_DTOOT.png'
Saved 'nDt_DTOOT.png'
Saved 'met_DTOOT.png'
Saved 'runNum_DTOOT.png'
Saved 'cscR-dtR_DTOOT.png'

[92m+-----------------+
| Making 2D Plots |
+-----------------+[0m
Saved 'cscPhi_cscR_DTOOT.png'
Saved 'cscPhi_cscEta_DTOOT.png'
Saved 'cscEta_cscR_DTOOT.png'
Saved 'dtPhi_dtR_DTOOT.png'
Saved 'dtPhi_dtEta_DTOOT.png'
Saved 'dtEta_dtR_DTOOT.png'
Saved 'cscR_dtR_DTOOT.png'
Saved 'cscPhi_dtPhi_DTOOT.png'
Saved 'cscEta_dtEta_DTOOT.png'
Saved 'tag_dPhi_met_DTOOT.png'
Saved 'tag_dPhi_tag_dEta_DTOOT.png'
Saved 'tag_dPhi_tag_dR_DTOOT.png'
Saved 'tag_dEta_tag_dR_DTOOT.png'
Saved 'tag_dPhi_cscSize_DTOOT.png'
Saved 'tag_dPhi_cscPhi_DTOOT.png'
Saved 'tag_dPhi_cscEta_DTOOT.png'
Saved 'tag_dPhi_dtSize_DTOOT.png'
Saved 'tag_dPhi_dtPhi_DTOOT.png'
Saved 'tag_dPhi_dtEta_DTOOT.png'

[92m+-------------------+
| Making ABCD Plots |
+-------------------+[0m
Saved 'ABCD_040_DTOOT.png'
Saved 'ABCD_050_DTOOT.png'
Saved 'ABCD_060_DTOOT.png'
Saved 'ABCD_070_DTOOT.png'
Saved 'ABCD_080_DTOOT.png'
Saved 'ABCD_090_DTOOT.png'
Saved 'ABCD_100_DTOOT.png'

[92m+------------------------------+
| Performing ABCD Calculations |
+------------------------------+[0m
Saved 'closure_sig_DTOOT.png'
Saved 'closure_bkg_DTOOT.png'
+--------------------------------------------------------------------------------------------------------+
|                                       ABCD (X: dPhi, Y: dtSize)                                        |
+--------+------++----------------+--------------+----------------+----------------+--------------+------+
|        | dPhi ||     Pred A     |      A       |       B        |       C        |      D       |  CL  |
+--------+------++----------------+--------------+----------------+----------------+--------------+------+
| Signal | 0.40 || 117.55 ± 33.58 | 93.03 ± 7.50 | 564.22 ± 18.46 |   43.49 ± 5.13 |  9.06 ± 2.34 | 0.71 |
| Data   |      ||   12.48 ± 4.01 | 13.00 ± 3.61 | 655.00 ± 25.59 | 525.00 ± 22.91 | 10.00 ± 3.16 | 0.10 |
+--------+------++----------------+--------------+----------------+----------------+--------------+------+
| Signal | 0.50 || 109.48 ± 33.37 | 93.03 ± 7.50 | 564.22 ± 18.46 |   40.47 ± 4.94 |  7.85 ± 2.18 | 0.48 |
| Data   |      ||   11.20 ± 4.02 | 13.00 ± 3.61 | 655.00 ± 25.59 | 468.00 ± 21.63 |  8.00 ± 2.83 | 0.33 |
+--------+------++----------------+--------------+----------------+----------------+--------------+------+
| Signal | 0.60 || 107.47 ± 34.03 | 93.03 ± 7.50 | 564.22 ± 18.46 |   38.06 ± 4.79 |  7.25 ± 2.09 | 0.41 |
| Data   |      ||   10.84 ± 4.15 | 13.00 ± 3.61 | 655.00 ± 25.59 | 423.00 ± 20.57 |  7.00 ± 2.65 | 0.39 |
+--------+------++----------------+--------------+----------------+----------------+--------------+------+
| Signal | 0.70 || 116.74 ± 37.22 | 93.03 ± 7.50 | 564.22 ± 18.46 |   35.04 ± 4.60 |  7.25 ± 2.09 | 0.62 |
| Data   |      ||   12.49 ± 4.79 | 13.00 ± 3.61 | 655.00 ± 25.59 | 367.00 ± 19.16 |  7.00 ± 2.65 | 0.08 |
+--------+------++----------------+--------------+----------------+----------------+--------------+------+
| Signal | 0.80 ||  95.81 ± 34.68 | 93.03 ± 7.50 | 564.22 ± 18.46 |   32.02 ± 4.40 |  5.44 ± 1.81 | 0.08 |
| Data   |      ||   14.28 ± 5.49 | 13.00 ± 3.61 | 655.00 ± 25.59 | 321.00 ± 17.92 |  7.00 ± 2.65 | 0.20 |
+--------+------++----------------+--------------+----------------+----------------+--------------+------+
| Signal | 0.90 || 123.85 ± 45.77 | 93.03 ± 7.50 | 564.22 ± 18.46 |   24.77 ± 3.87 |  5.44 ± 1.81 | 0.66 |
| Data   |      ||   14.72 ± 6.10 | 13.00 ± 3.61 | 655.00 ± 25.59 | 267.00 ± 16.34 |  6.00 ± 2.45 | 0.24 |
+--------+------++----------------+--------------+----------------+----------------+--------------+------+
| Signal | 1.00 || 118.78 ± 46.37 | 93.03 ± 7.50 | 564.22 ± 18.46 |   22.96 ± 3.72 |  4.83 ± 1.71 | 0.55 |
| Data   |      ||   14.89 ± 6.76 | 13.00 ± 3.61 | 655.00 ± 25.59 | 220.00 ± 14.83 |  5.00 ± 2.24 | 0.25 |
+--------+------++----------------+--------------+----------------+----------------+--------------+------+
+----------------------------------------------------------------------------------------------------+
|                                     ABCD (X: dPhi, Y: dtSize)                                      |
+------+------++--------------+--------------+----------------+----------------+--------------+------+
|      | dPhi ||    Pred A    |      A       |       B        |       C        |      D       |  CL  |
+------+------++--------------+--------------+----------------+----------------+--------------+------+
| Data | 0.40 || 12.48 ± 4.01 | 13.00 ± 3.61 | 655.00 ± 25.59 | 525.00 ± 22.91 | 10.00 ± 3.16 | 0.10 |
| Data | 0.50 || 11.20 ± 4.02 | 13.00 ± 3.61 | 655.00 ± 25.59 | 468.00 ± 21.63 |  8.00 ± 2.83 | 0.33 |
| Data | 0.60 || 10.84 ± 4.15 | 13.00 ± 3.61 | 655.00 ± 25.59 | 423.00 ± 20.57 |  7.00 ± 2.65 | 0.39 |
| Data | 0.70 || 12.49 ± 4.79 | 13.00 ± 3.61 | 655.00 ± 25.59 | 367.00 ± 19.16 |  7.00 ± 2.65 | 0.08 |
| Data | 0.80 || 14.28 ± 5.49 | 13.00 ± 3.61 | 655.00 ± 25.59 | 321.00 ± 17.92 |  7.00 ± 2.65 | 0.20 |
| Data | 0.90 || 14.72 ± 6.10 | 13.00 ± 3.61 | 655.00 ± 25.59 | 267.00 ± 16.34 |  6.00 ± 2.45 | 0.24 |
| Data | 1.00 || 14.89 ± 6.76 | 13.00 ± 3.61 | 655.00 ± 25.59 | 220.00 ± 14.83 |  5.00 ± 2.24 | 0.25 |
+------+------++--------------+--------------+----------------+----------------+--------------+------+
Saved 'closure_scan_dphi_DTOOT.png'
Saved 'closure_scan_dtsize_DTOOT.png'
Saved 'closure_scan_min_dphi_DTOOT.png'
Saved 'closure_scan_min_cscsize_DTOOT.png'

[92m+------------------+
| Making ROC Plots |
+------------------+[0m
+-------------------------------------------------------------------------------------+
|                              Evaluating Discriminators                              |
+---------------++-------+--------+---------+---------+---------+-----------+---------+
|               ||  AUC  | S/√[B] | Thresh  |   Sig   | Sig Eff |    Bkg    | Bkg Eff |
+---------------++-------+--------+---------+---------+---------+-----------+---------+
| tag_dPhi      || 0.828 | 35.994 |   2.676 | 431.927 |   0.608 |   144.000 |   0.119 |
| tag_dR        || 0.804 | 31.161 |   2.920 | 437.364 |   0.616 |   197.000 |   0.163 |
| dtSize        || 0.784 | 28.516 |  93.560 | 434.343 |   0.611 |   232.000 |   0.192 |
| cscNStation10 || 0.646 | 22.608 |   1.000 | 376.954 |   0.531 |   278.000 |   0.230 |
| dtNStation10  || 0.377 | 11.656 |   1.000 | 312.316 |   0.440 |   718.000 |   0.594 |
| cscSize       || 0.635 | 21.358 | 264.420 | 573.886 |   0.808 |   722.000 |   0.598 |
| tag_dEta      || 0.471 | 20.448 |   0.047 | 709.801 |   0.999 | 1,205.000 |   0.998 |
| dtPhi.abs     || 0.507 | 20.422 |   0.401 | 709.801 |   0.999 | 1,208.000 |   1.000 |
+---------------++-------+--------+---------+---------+---------+-----------+---------+
Saved 'rocs_DTOOT.png'

[96m#=======================#
# Finished train_bdt.py #
#=======================#[0m
